15:04:39.290 [JavaFX Application Thread] DEBUG GameApplication      - Logger initialized
15:04:40.381 [JavaFX Application Thread] DEBUG GameApplication      - Starting FXGL
15:04:40.381 [JavaFX Application Thread] INFO  Version              - FXGL-0.3.9
15:04:40.381 [JavaFX Application Thread] INFO  Version              - Source code and latest versions at: https://github.com/AlmasB/FXGL
15:04:40.382 [JavaFX Application Thread] INFO  Version              -              Join the FXGL chat at: https://gitter.im/AlmasB/FXGL
15:04:40.687 [FXGL Launcher Thread     ] DEBUG FXGL                 - Loading FXGL system data
15:04:40.704 [FXGL Launcher Thread     ] DEBUG IOTask               - Executing task: readDataTask(system/fxgl.bundle)
15:04:40.728 [FXGL Launcher Thread     ] DEBUG FS                   - Reading from: system/fxgl.bundle
15:04:40.751 [FXGL Launcher Thread     ] DEBUG IOTask               - Task succeeded: readDataTask(system/fxgl.bundle)
15:04:40.752 [FXGL Launcher Thread     ] DEBUG Bundle               - Logging bundle: FXGL
15:04:40.753 [FXGL Launcher Thread     ] DEBUG Bundle               - FXGL.offline.timer.version.check=2019-01-01T11:48:46.555990
15:04:40.754 [FXGL Launcher Thread     ] DEBUG GameApplication      - FXGL configuration complete
15:04:40.760 [FXGL Launcher Thread     ] INFO  GameApplication      - FXGL configuration took:  0.371 sec
15:04:40.760 [FXGL Launcher Thread     ] DEBUG GameApplication      - Logging game settings
Title: Space Invaders
Version: 0.9.7
Width: 650
Height: 800
Fullscreen: false
Intro: false
Menus: false
Profiling: false
App Mode: DEVELOPER
Menu Key: ESCAPE
Scene Factory: class com.almasb.fxgl.scene.SceneFactory
Dialog Factory: class com.almasb.fxgl.service.impl.display.FXGLDialogFactory
UI Factory: class com.almasb.fxgl.service.impl.ui.FXGLUIFactory
Notification Service: class com.almasb.fxgl.service.impl.notification.FXGLNotificationService
Exception Handler: class com.almasb.fxgl.app.FXGLExceptionHandler
15:04:40.777 [FXGL Launcher Thread     ] DEBUG GameApplication      - Configuring GameApplication
15:04:40.787 [FXGL Launcher Thread     ] DEBUG AppStateMachine      - Initializing application states
15:04:40.809 [FXGL Launcher Thread     ] DEBUG AssetLoader          - Asset cacheSize=35
15:04:40.811 [FXGL Launcher Thread     ] DEBUG AssetLoader          - Loading from disk: /assets/ui/cursors/fxgl_default.png
15:04:40.845 [FXGL Launcher Thread     ] DEBUG AssetLoader          - Loading from disk: /assets/ui/cursors/fxgl_default.png
15:04:40.859 [FXGL Launcher Thread     ] DEBUG AssetLoader          - Loading from disk: /assets/sounds/core/notification.wav
15:04:40.986 [FXGL Launcher Thread     ] DEBUG AssetLoader          - Loading from disk: /assets/sounds/menu/select.wav
15:04:40.988 [FXGL Launcher Thread     ] DEBUG AssetLoader          - Loading from disk: /assets/sounds/menu/back.wav
15:04:40.991 [FXGL Launcher Thread     ] DEBUG AssetLoader          - Loading from disk: /assets/sounds/menu/press.wav
15:04:40.995 [FXGL Launcher Thread     ] DEBUG AssetLoader          - Loading from disk: /assets/ui/fonts/kenvector_future_thin.ttf
15:04:41.025 [FXGL Launcher Thread     ] DEBUG AssetLoader          - Loading from disk: /assets/ui/fonts/lucida_console.ttf
15:04:41.035 [FXGL Launcher Thread     ] DEBUG AssetLoader          - Loading from disk: /assets/ui/css/fxgl_dark.css
15:04:41.035 [FXGL Launcher Thread     ] DEBUG AssetLoader          - Loading from disk: /assets/ui/icons/fxgl_icon.png
15:04:41.090 [FXGL Launcher Thread     ] DEBUG AssetLoader          - Loading from disk: /assets/ui/cursors/fxgl_default.png
15:04:41.123 [FXGL Launcher Thread     ] DEBUG FXGL.GameScene       - Game scene initialized: 650x800
15:04:41.133 [FXGL Launcher Thread     ] DEBUG FXGL.GameWorld       - Game world initialized
15:04:41.250 [FXGL Launcher Thread     ] DEBUG FXGL.PhysicsWorld    - Physics world initialized: appHeight=800, physics.ppm=50.0
15:04:41.285 [FXGL Launcher Thread     ] DEBUG Input                - Registered new binding: Pause - Esc
15:04:41.333 [FXGL Launcher Thread     ] INFO  GameApplication      - Game configuration took:  0.555 sec
15:04:41.335 [JavaFX Application Thread] DEBUG MainWindow           - Target size: 650.0 x 800.0 @ 1.0
15:04:41.335 [JavaFX Application Thread] DEBUG MainWindow           - New size:    650.0 x 800.0 @ 1.0
15:04:41.336 [JavaFX Application Thread] DEBUG MainWindow           - Opening main window
15:04:41.441 [JavaFX Application Thread] DEBUG MainWindow           - Root size:  650.0x800.0
15:04:41.441 [JavaFX Application Thread] DEBUG MainWindow           - Scene size: 650.0x800.0
15:04:41.442 [JavaFX Application Thread] DEBUG MainWindow           - Stage size: 650.0x822.0
15:04:41.442 [JavaFX Application Thread] DEBUG GameApplication      - Running preInit()
15:04:41.450 [JavaFX Application Thread] DEBUG AchievementManager   - Registered new achievement "Hitman"
15:04:41.450 [JavaFX Application Thread] DEBUG AchievementManager   - Registered new achievement "Master Scorer"
15:04:41.456 [JavaFX Application Thread] DEBUG Input                - Registered new binding: Screenshot - P
15:04:41.457 [JavaFX Application Thread] DEBUG Input                - Registered new binding: Dev Options - CTRL+0
15:04:41.458 [JavaFX Application Thread] DEBUG Input                - Registered new binding: Next Level - L
15:04:41.460 [JavaFX Application Thread] DEBUG Input                - Registered new binding: Move Left - Left
15:04:41.460 [JavaFX Application Thread] DEBUG Input                - Registered new binding: Laser Beam - X
15:04:41.460 [JavaFX Application Thread] DEBUG Input                - Registered new binding: Shoot - Z
15:04:41.461 [JavaFX Application Thread] DEBUG Input                - Registered new binding: Move Right - Right
15:04:41.465 [JavaFX Application Thread] DEBUG AssetLoader          - Loading from disk: /assets/music/bgm.mp3
15:04:41.606 [JavaFX Application Thread] DEBUG AudioPlayer          - Playing music Music [balance=0.0, volume=1.0, rate=1.0, cycleCount=2147483647]
15:04:41.652 [JavaFX Application Thread] DEBUG GameApplication      - Starting main loop
15:04:41.668 [JavaFX Application Thread] DEBUG StartupState         - STARTUP
15:04:41.668 [JavaFX Application Thread] DEBUG GameApplication      - Starting new game
15:04:41.668 [JavaFX Application Thread] DEBUG Input                - Clearing active input actions
15:04:41.669 [JavaFX Application Thread] DEBUG AppStateMachine      - StartupState -> LoadingState
15:04:41.949 [JavaFX Application Thread] DEBUG AnnotationParser     - @AddCollisionHandler: [BonusPlayerHandler, BulletBossHandler, BulletEnemyHandler, BulletPlayerHandler, BulletWallHandler, LaserBeamEnemyHandler]
15:04:41.949 [JavaFX Application Thread] DEBUG AnnotationParser     - @SetEntityFactory: [SpaceInvadersFactory]
15:04:41.959 [FXGL Background Thread 1 ] DEBUG InitAppTask          - Clearing previous game
15:04:41.959 [FXGL Background Thread 1 ] DEBUG FXGL.GameWorld       - Clearing game world
15:04:41.959 [FXGL Background Thread 1 ] DEBUG FXGL.PhysicsWorld    - Clearing physics world
15:04:41.959 [FXGL Background Thread 1 ] DEBUG FXGL.GameScene       - Clearing game scene
15:04:41.960 [FXGL Background Thread 1 ] DEBUG InitAppTask          - Initializing Assets
15:04:41.961 [FXGL Background Thread 1 ] DEBUG InitAppTask          - Initializing Game
15:04:41.986 [FXGL Background Thread 1 ] DEBUG IOTask               - Executing task: readDataTask(./hiscore.dat)
15:04:41.989 [FXGL Background Thread 1 ] DEBUG FS                   - Reading from: ./hiscore.dat
15:04:41.991 [FXGL Background Thread 1 ] DEBUG IOTask               - Task succeeded: readDataTask(./hiscore.dat)
15:04:42.033 [FXGL Background Thread 1 ] DEBUG AssetLoader          - Loading from disk: /assets/textures/background/background.png
15:04:42.340 [FXGL Background Thread 1 ] DEBUG FXGL.GameScene       - Creating render group for layer: BACKGROUND(1000)
15:04:42.365 [FXGL Background Thread 1 ] DEBUG AssetLoader          - Loading from disk: /assets/textures/player2.png
15:04:42.379 [FXGL Background Thread 1 ] DEBUG FXGL.GameScene       - Creating render group for layer: TOP(2147483647)
15:04:42.380 [FXGL Background Thread 1 ] DEBUG InitAppTask          - Initializing Physics
15:04:42.382 [FXGL Background Thread 1 ] DEBUG InitAppTask          - Initializing UI
15:04:42.383 [FXGL Background Thread 1 ] DEBUG AssetLoader          - Loading from disk: /assets/ui/main.fxml
15:04:42.601 [FXGL Background Thread 1 ] DEBUG AssetLoader          - Loading from disk: /assets/textures/life.png
15:04:42.604 [FXGL Background Thread 1 ] DEBUG AssetLoader          - Loading from cache: /assets/textures/life.png@16.0x16.0
15:04:42.605 [FXGL Background Thread 1 ] DEBUG AssetLoader          - Loading from cache: /assets/textures/life.png@16.0x16.0
15:04:42.606 [FXGL Background Thread 1 ] DEBUG InitAppTask          - Initialization Complete
15:04:42.607 [FXGL Background Thread 1 ] INFO  InitAppTask          - Game initialization took: 0.648 sec
15:04:42.613 [JavaFX Application Thread] DEBUG Input                - Clearing active input actions
15:04:42.613 [JavaFX Application Thread] DEBUG AppStateMachine      - LoadingState -> PlayState
15:04:42.851 [JavaFX Application Thread] DEBUG AssetLoader          - Loading from disk: /assets/sounds/level.wav
15:04:44.317 [JavaFX Application Thread] DEBUG AssetLoader          - Loading from disk: /assets/textures/wall.png
15:04:44.324 [JavaFX Application Thread] DEBUG AssetLoader          - Loading from cache: /assets/textures/wall.png@77.0x34.0
15:04:44.326 [JavaFX Application Thread] DEBUG AssetLoader          - Loading from cache: /assets/textures/wall.png@77.0x34.0
15:04:44.328 [JavaFX Application Thread] DEBUG AssetLoader          - Loading from cache: /assets/textures/wall.png@77.0x34.0
15:04:44.348 [JavaFX Application Thread] DEBUG AssetLoader          - Loading from disk: /assets/textures/enemy3.png
15:04:44.447 [JavaFX Application Thread] DEBUG AssetLoader          - Loading from cache: /assets/textures/enemy3.png
15:04:44.530 [JavaFX Application Thread] DEBUG AssetLoader          - Loading from cache: /assets/textures/enemy3.png
15:04:44.613 [JavaFX Application Thread] DEBUG AssetLoader          - Loading from cache: /assets/textures/enemy3.png
15:04:44.713 [JavaFX Application Thread] DEBUG AssetLoader          - Loading from cache: /assets/textures/enemy3.png
15:04:44.814 [JavaFX Application Thread] DEBUG AssetLoader          - Loading from disk: /assets/textures/enemy2.png
15:04:44.914 [JavaFX Application Thread] DEBUG AssetLoader          - Loading from cache: /assets/textures/enemy3.png
15:04:45.014 [JavaFX Application Thread] DEBUG AssetLoader          - Loading from disk: /assets/textures/enemy1.png
15:04:45.114 [JavaFX Application Thread] DEBUG AssetLoader          - Loading from cache: /assets/textures/enemy2.png
15:04:45.213 [JavaFX Application Thread] DEBUG AssetLoader          - Loading from cache: /assets/textures/enemy3.png
15:04:45.240 [JavaFX Application Thread] DEBUG AssetLoader          - Loading from disk: /assets/textures/player2.png
15:04:45.244 [JavaFX Application Thread] DEBUG FXGL.GameScene       - Creating render group for layer: PARTICLES(5000)
15:04:45.315 [JavaFX Application Thread] DEBUG AssetLoader          - Loading from cache: /assets/textures/enemy3.png
15:04:45.415 [JavaFX Application Thread] DEBUG AssetLoader          - Loading from cache: /assets/textures/enemy1.png
15:04:45.516 [JavaFX Application Thread] DEBUG AssetLoader          - Loading from cache: /assets/textures/enemy3.png
15:04:45.615 [JavaFX Application Thread] DEBUG AssetLoader          - Loading from cache: /assets/textures/enemy1.png
15:04:45.714 [JavaFX Application Thread] DEBUG AssetLoader          - Loading from cache: /assets/textures/enemy1.png
15:04:45.797 [JavaFX Application Thread] DEBUG AssetLoader          - Loading from disk: /assets/textures/background/meteor2.png
15:04:45.802 [JavaFX Application Thread] DEBUG FXGL.GameScene       - Creating render group for layer: METEORS(1001)
15:04:45.814 [JavaFX Application Thread] DEBUG AssetLoader          - Loading from cache: /assets/textures/enemy2.png
15:04:46.331 [JavaFX Application Thread] DEBUG AssetLoader          - Loading from disk: /assets/textures/tank_bullet.png
15:04:46.337 [JavaFX Application Thread] DEBUG AssetLoader          - Loading from disk: /assets/sounds/shoot1.wav
15:04:46.366 [JavaFX Application Thread] DEBUG AssetLoader          - Loading from disk: /assets/textures/laser1.png
15:04:46.374 [JavaFX Application Thread] DEBUG AssetLoader          - Loading from disk: /assets/sounds/shoot4.wav
15:04:46.699 [JavaFX Application Thread] DEBUG AssetLoader          - Loading from disk: /assets/textures/laser_hit.png
15:04:46.731 [JavaFX Application Thread] DEBUG AssetLoader          - Loading from cache: /assets/textures/laser1.png
15:04:46.732 [JavaFX Application Thread] DEBUG AssetLoader          - Loading from cache: /assets/sounds/shoot1.wav
15:04:47.048 [JavaFX Application Thread] DEBUG AssetLoader          - Loading from cache: /assets/textures/laser_hit.png@15.0x15.0
15:04:47.081 [JavaFX Application Thread] DEBUG AssetLoader          - Loading from cache: /assets/textures/laser1.png
15:04:47.082 [JavaFX Application Thread] DEBUG AssetLoader          - Loading from cache: /assets/sounds/shoot4.wav
15:04:47.231 [JavaFX Application Thread] DEBUG AssetLoader          - Loading from cache: /assets/textures/tank_bullet.png
15:04:47.232 [JavaFX Application Thread] DEBUG AssetLoader          - Loading from cache: /assets/sounds/shoot4.wav
15:04:47.263 [JavaFX Application Thread] DEBUG AssetLoader          - Loading from cache: /assets/textures/tank_bullet.png
15:04:47.265 [JavaFX Application Thread] DEBUG AssetLoader          - Loading from cache: /assets/sounds/shoot1.wav
15:04:47.398 [JavaFX Application Thread] DEBUG AssetLoader          - Loading from cache: /assets/textures/laser_hit.png@15.0x15.0
15:04:47.430 [JavaFX Application Thread] DEBUG AssetLoader          - Loading from cache: /assets/textures/laser1.png
15:04:47.431 [JavaFX Application Thread] DEBUG AssetLoader          - Loading from cache: /assets/sounds/shoot1.wav
15:04:47.748 [JavaFX Application Thread] DEBUG AssetLoader          - Loading from cache: /assets/textures/laser_hit.png@15.0x15.0
15:04:47.764 [JavaFX Application Thread] DEBUG AssetLoader          - Loading from cache: /assets/textures/tank_bullet.png
15:04:47.766 [JavaFX Application Thread] DEBUG AssetLoader          - Loading from cache: /assets/sounds/shoot4.wav
15:04:47.784 [JavaFX Application Thread] DEBUG AssetLoader          - Loading from cache: /assets/textures/laser1.png
15:04:47.785 [JavaFX Application Thread] DEBUG AssetLoader          - Loading from disk: /assets/sounds/shoot3.wav
15:04:48.098 [JavaFX Application Thread] DEBUG AssetLoader          - Loading from cache: /assets/textures/laser_hit.png@15.0x15.0
15:04:48.131 [JavaFX Application Thread] DEBUG AssetLoader          - Loading from cache: /assets/textures/laser1.png
15:04:48.132 [JavaFX Application Thread] DEBUG AssetLoader          - Loading from disk: /assets/sounds/shoot2.wav
15:04:48.480 [JavaFX Application Thread] DEBUG AssetLoader          - Loading from cache: /assets/textures/laser1.png
15:04:48.482 [JavaFX Application Thread] DEBUG AssetLoader          - Loading from cache: /assets/sounds/shoot2.wav
15:04:48.497 [JavaFX Application Thread] DEBUG AssetLoader          - Loading from cache: /assets/textures/tank_bullet.png
15:04:48.499 [JavaFX Application Thread] DEBUG AssetLoader          - Loading from cache: /assets/sounds/shoot3.wav
15:04:48.515 [JavaFX Application Thread] DEBUG AssetLoader          - Loading from cache: /assets/textures/tank_bullet.png
15:04:48.517 [JavaFX Application Thread] DEBUG AssetLoader          - Loading from cache: /assets/sounds/shoot4.wav
15:04:48.830 [JavaFX Application Thread] DEBUG AssetLoader          - Loading from cache: /assets/textures/laser1.png
15:04:48.831 [JavaFX Application Thread] DEBUG AssetLoader          - Loading from cache: /assets/sounds/shoot2.wav
15:04:48.847 [JavaFX Application Thread] DEBUG AssetLoader          - Loading from disk: /assets/textures/background/meteor1.png
15:04:49.180 [JavaFX Application Thread] DEBUG AssetLoader          - Loading from cache: /assets/textures/laser1.png
15:04:49.181 [JavaFX Application Thread] DEBUG AssetLoader          - Loading from cache: /assets/sounds/shoot2.wav
15:04:49.531 [JavaFX Application Thread] DEBUG AssetLoader          - Loading from cache: /assets/textures/laser1.png
15:04:49.532 [JavaFX Application Thread] DEBUG AssetLoader          - Loading from cache: /assets/sounds/shoot1.wav
15:04:49.732 [JavaFX Application Thread] DEBUG AssetLoader          - Loading from cache: /assets/textures/tank_bullet.png
15:04:49.733 [JavaFX Application Thread] DEBUG AssetLoader          - Loading from cache: /assets/sounds/shoot2.wav
15:04:49.880 [JavaFX Application Thread] DEBUG AssetLoader          - Loading from cache: /assets/textures/laser1.png
15:04:49.880 [JavaFX Application Thread] DEBUG AssetLoader          - Loading from cache: /assets/sounds/shoot3.wav
15:04:50.231 [JavaFX Application Thread] DEBUG AssetLoader          - Loading from cache: /assets/textures/laser1.png
15:04:50.232 [JavaFX Application Thread] DEBUG AssetLoader          - Loading from cache: /assets/sounds/shoot1.wav
15:04:50.248 [JavaFX Application Thread] DEBUG AssetLoader          - Loading from cache: /assets/textures/tank_bullet.png
15:04:50.249 [JavaFX Application Thread] DEBUG AssetLoader          - Loading from cache: /assets/sounds/shoot3.wav
15:04:50.385 [JavaFX Application Thread] DEBUG AssetLoader          - Loading from disk: /assets/textures/explosion.png
15:04:50.410 [JavaFX Application Thread] DEBUG AssetLoader          - Loading from disk: /assets/sounds/explosion.wav
15:04:50.418 [JavaFX Application Thread] DEBUG EventBus             - Firing event: com.almasb.fxglgames.spaceinvaders.event.GameEvent[source=javafx.event.Event$$Lambda$105/1086739237@4f31a0f5]
15:04:50.748 [JavaFX Application Thread] DEBUG AssetLoader          - Loading from cache: /assets/textures/laser1.png
15:04:50.749 [JavaFX Application Thread] DEBUG AssetLoader          - Loading from cache: /assets/sounds/shoot2.wav
15:04:50.848 [JavaFX Application Thread] DEBUG AssetLoader          - Loading from cache: /assets/textures/tank_bullet.png
15:04:50.849 [JavaFX Application Thread] DEBUG AssetLoader          - Loading from cache: /assets/sounds/shoot1.wav
15:04:51.065 [JavaFX Application Thread] DEBUG AssetLoader          - Loading from cache: /assets/textures/laser1.png
15:04:51.065 [JavaFX Application Thread] DEBUG AssetLoader          - Loading from cache: /assets/sounds/shoot4.wav
15:04:51.364 [JavaFX Application Thread] DEBUG AssetLoader          - Loading from cache: /assets/textures/laser1.png
15:04:51.365 [JavaFX Application Thread] DEBUG AssetLoader          - Loading from cache: /assets/sounds/shoot2.wav
15:04:51.448 [JavaFX Application Thread] DEBUG AssetLoader          - Loading from cache: /assets/textures/explosion.png@1280.0x80.0
15:04:51.449 [JavaFX Application Thread] DEBUG AssetLoader          - Loading from cache: /assets/sounds/explosion.wav
15:04:51.449 [JavaFX Application Thread] DEBUG EventBus             - Firing event: com.almasb.fxglgames.spaceinvaders.event.GameEvent[source=javafx.event.Event$$Lambda$105/1086739237@4f31a0f5]
15:04:51.450 [JavaFX Application Thread] DEBUG EventBus             - Firing event: AchievementEvent[name=Master Scorer,description= Score 1000 points]
15:04:51.461 [JavaFX Application Thread] DEBUG EventBus             - Firing event: NotificationEvent[message=You got an achievement! Master Scorer]
15:04:51.463 [JavaFX Application Thread] DEBUG AssetLoader          - Loading from disk: /assets/textures/bomb.png
15:04:51.565 [JavaFX Application Thread] DEBUG AssetLoader          - Loading from cache: /assets/textures/tank_bullet.png
15:04:51.565 [JavaFX Application Thread] DEBUG AssetLoader          - Loading from cache: /assets/sounds/shoot1.wav
15:04:51.715 [JavaFX Application Thread] DEBUG AssetLoader          - Loading from cache: /assets/textures/laser1.png
15:04:51.715 [JavaFX Application Thread] DEBUG AssetLoader          - Loading from cache: /assets/sounds/shoot2.wav
15:04:51.816 [JavaFX Application Thread] DEBUG AssetLoader          - Loading from cache: /assets/textures/laser_hit.png@15.0x15.0
15:04:51.931 [JavaFX Application Thread] DEBUG AssetLoader          - Loading from cache: /assets/textures/background/meteor2.png
15:04:51.933 [JavaFX Application Thread] DEBUG AssetLoader          - Loading from cache: /assets/textures/laser_hit.png@15.0x15.0
15:04:52.015 [JavaFX Application Thread] DEBUG AssetLoader          - Loading from cache: /assets/textures/laser1.png
15:04:52.015 [JavaFX Application Thread] DEBUG AssetLoader          - Loading from cache: /assets/sounds/shoot3.wav
15:04:52.215 [JavaFX Application Thread] DEBUG AssetLoader          - Loading from cache: /assets/textures/laser_hit.png@15.0x15.0
15:04:52.315 [JavaFX Application Thread] DEBUG AssetLoader          - Loading from cache: /assets/textures/laser1.png
15:04:52.315 [JavaFX Application Thread] DEBUG AssetLoader          - Loading from cache: /assets/sounds/shoot1.wav
15:04:52.565 [JavaFX Application Thread] DEBUG AssetLoader          - Loading from cache: /assets/textures/laser_hit.png@15.0x15.0
15:04:52.648 [JavaFX Application Thread] DEBUG AssetLoader          - Loading from cache: /assets/textures/laser1.png
15:04:52.649 [JavaFX Application Thread] DEBUG AssetLoader          - Loading from cache: /assets/sounds/shoot1.wav
15:04:52.881 [JavaFX Application Thread] DEBUG AssetLoader          - Loading from cache: /assets/textures/laser_hit.png@15.0x15.0
15:04:52.981 [JavaFX Application Thread] DEBUG AssetLoader          - Loading from cache: /assets/textures/laser1.png
15:04:52.982 [JavaFX Application Thread] DEBUG AssetLoader          - Loading from cache: /assets/sounds/shoot2.wav
15:04:52.983 [JavaFX Application Thread] DEBUG AssetLoader          - Loading from cache: /assets/textures/explosion.png@1280.0x80.0
15:04:52.983 [JavaFX Application Thread] DEBUG AssetLoader          - Loading from cache: /assets/sounds/explosion.wav
15:04:52.983 [JavaFX Application Thread] DEBUG EventBus             - Firing event: com.almasb.fxglgames.spaceinvaders.event.GameEvent[source=javafx.event.Event$$Lambda$105/1086739237@4f31a0f5]
15:04:53.315 [JavaFX Application Thread] DEBUG AssetLoader          - Loading from cache: /assets/textures/laser1.png
15:04:53.315 [JavaFX Application Thread] DEBUG AssetLoader          - Loading from cache: /assets/sounds/shoot2.wav
15:04:53.316 [JavaFX Application Thread] DEBUG AssetLoader          - Loading from cache: /assets/textures/laser_hit.png@15.0x15.0
15:04:53.632 [JavaFX Application Thread] DEBUG AssetLoader          - Loading from cache: /assets/textures/explosion.png@1280.0x80.0
15:04:53.632 [JavaFX Application Thread] DEBUG AssetLoader          - Loading from cache: /assets/sounds/explosion.wav
15:04:53.633 [JavaFX Application Thread] DEBUG EventBus             - Firing event: com.almasb.fxglgames.spaceinvaders.event.GameEvent[source=javafx.event.Event$$Lambda$105/1086739237@4f31a0f5]
15:04:53.634 [JavaFX Application Thread] DEBUG AssetLoader          - Loading from disk: /assets/textures/bonus_weapon.png
15:04:53.647 [JavaFX Application Thread] DEBUG AssetLoader          - Loading from cache: /assets/textures/laser1.png
15:04:53.648 [JavaFX Application Thread] DEBUG AssetLoader          - Loading from cache: /assets/sounds/shoot1.wav
15:04:53.798 [JavaFX Application Thread] DEBUG AssetLoader          - Loading from cache: /assets/textures/tank_bullet.png
15:04:53.799 [JavaFX Application Thread] DEBUG AssetLoader          - Loading from cache: /assets/sounds/shoot2.wav
15:04:53.965 [JavaFX Application Thread] DEBUG AssetLoader          - Loading from cache: /assets/textures/laser_hit.png@15.0x15.0
15:04:53.982 [JavaFX Application Thread] DEBUG AssetLoader          - Loading from cache: /assets/textures/laser1.png
15:04:53.982 [JavaFX Application Thread] DEBUG AssetLoader          - Loading from cache: /assets/sounds/shoot1.wav
15:04:54.130 [JavaFX Application Thread] DEBUG AssetLoader          - Loading from cache: /assets/textures/tank_bullet.png
15:04:54.131 [JavaFX Application Thread] DEBUG AssetLoader          - Loading from cache: /assets/sounds/shoot1.wav
15:04:54.315 [JavaFX Application Thread] DEBUG AssetLoader          - Loading from cache: /assets/textures/laser1.png
15:04:54.315 [JavaFX Application Thread] DEBUG AssetLoader          - Loading from cache: /assets/sounds/shoot4.wav
15:04:54.316 [JavaFX Application Thread] DEBUG AssetLoader          - Loading from cache: /assets/textures/laser_hit.png@15.0x15.0
15:04:54.648 [JavaFX Application Thread] DEBUG AssetLoader          - Loading from cache: /assets/textures/laser1.png
15:04:54.649 [JavaFX Application Thread] DEBUG AssetLoader          - Loading from cache: /assets/sounds/shoot4.wav
15:04:54.881 [JavaFX Application Thread] DEBUG AssetLoader          - Loading from disk: /assets/textures/background/meteor3.png
15:04:54.981 [JavaFX Application Thread] DEBUG AssetLoader          - Loading from cache: /assets/textures/laser1.png
15:04:54.982 [JavaFX Application Thread] DEBUG AssetLoader          - Loading from cache: /assets/sounds/shoot3.wav
15:04:55.248 [JavaFX Application Thread] DEBUG AssetLoader          - Loading from cache: /assets/textures/tank_bullet.png
15:04:55.249 [JavaFX Application Thread] DEBUG AssetLoader          - Loading from cache: /assets/sounds/shoot3.wav
15:04:55.415 [JavaFX Application Thread] DEBUG AssetLoader          - Loading from cache: /assets/textures/tank_bullet.png
15:04:55.415 [JavaFX Application Thread] DEBUG AssetLoader          - Loading from cache: /assets/sounds/shoot2.wav
15:04:56.115 [JavaFX Application Thread] DEBUG AssetLoader          - Loading from cache: /assets/textures/tank_bullet.png
15:04:56.116 [JavaFX Application Thread] DEBUG AssetLoader          - Loading from cache: /assets/sounds/shoot4.wav
15:04:56.199 [JavaFX Application Thread] DEBUG AssetLoader          - Loading from cache: /assets/textures/tank_bullet.png
15:04:56.200 [JavaFX Application Thread] DEBUG AssetLoader          - Loading from cache: /assets/sounds/shoot4.wav
15:04:57.432 [JavaFX Application Thread] DEBUG EventBus             - Firing event: com.almasb.fxglgames.spaceinvaders.event.BonusPickupEvent[source=javafx.event.Event$$Lambda$105/1086739237@4f31a0f5]
15:04:57.432 [JavaFX Application Thread] DEBUG AssetLoader          - Loading from cache: /assets/textures/explosion.png@1280.0x80.0
15:04:57.433 [JavaFX Application Thread] DEBUG AssetLoader          - Loading from cache: /assets/sounds/explosion.wav
15:04:57.433 [JavaFX Application Thread] DEBUG EventBus             - Firing event: com.almasb.fxglgames.spaceinvaders.event.GameEvent[source=javafx.event.Event$$Lambda$105/1086739237@4f31a0f5]
15:04:57.435 [JavaFX Application Thread] DEBUG AssetLoader          - Loading from cache: /assets/textures/explosion.png@1280.0x80.0
15:04:57.436 [JavaFX Application Thread] DEBUG AssetLoader          - Loading from cache: /assets/sounds/explosion.wav
15:04:57.436 [JavaFX Application Thread] DEBUG EventBus             - Firing event: com.almasb.fxglgames.spaceinvaders.event.GameEvent[source=javafx.event.Event$$Lambda$105/1086739237@4f31a0f5]
15:04:57.438 [JavaFX Application Thread] DEBUG AssetLoader          - Loading from cache: /assets/textures/bonus_weapon.png
15:04:57.439 [JavaFX Application Thread] DEBUG AssetLoader          - Loading from cache: /assets/textures/explosion.png@1280.0x80.0
15:04:57.440 [JavaFX Application Thread] DEBUG AssetLoader          - Loading from cache: /assets/sounds/explosion.wav
15:04:57.440 [JavaFX Application Thread] DEBUG EventBus             - Firing event: com.almasb.fxglgames.spaceinvaders.event.GameEvent[source=javafx.event.Event$$Lambda$105/1086739237@4f31a0f5]
15:04:57.441 [JavaFX Application Thread] DEBUG AssetLoader          - Loading from cache: /assets/textures/explosion.png@1280.0x80.0
15:04:57.443 [JavaFX Application Thread] DEBUG AssetLoader          - Loading from cache: /assets/sounds/explosion.wav
15:04:57.443 [JavaFX Application Thread] DEBUG EventBus             - Firing event: com.almasb.fxglgames.spaceinvaders.event.GameEvent[source=javafx.event.Event$$Lambda$105/1086739237@4f31a0f5]
15:04:57.445 [JavaFX Application Thread] DEBUG AssetLoader          - Loading from cache: /assets/textures/explosion.png@1280.0x80.0
15:04:57.445 [JavaFX Application Thread] WARN  FXGL.GameWorld       - Attempted to remove entity which is not active
15:04:57.446 [JavaFX Application Thread] DEBUG AssetLoader          - Loading from cache: /assets/sounds/explosion.wav
15:04:57.446 [JavaFX Application Thread] DEBUG EventBus             - Firing event: com.almasb.fxglgames.spaceinvaders.event.GameEvent[source=javafx.event.Event$$Lambda$105/1086739237@4f31a0f5]
15:04:57.447 [JavaFX Application Thread] DEBUG AssetLoader          - Loading from cache: /assets/textures/explosion.png@1280.0x80.0
15:04:57.448 [JavaFX Application Thread] DEBUG AssetLoader          - Loading from cache: /assets/sounds/explosion.wav
15:04:57.448 [JavaFX Application Thread] DEBUG EventBus             - Firing event: com.almasb.fxglgames.spaceinvaders.event.GameEvent[source=javafx.event.Event$$Lambda$105/1086739237@4f31a0f5]
15:04:57.451 [JavaFX Application Thread] DEBUG AssetLoader          - Loading from disk: /assets/textures/life.png
15:04:57.899 [JavaFX Application Thread] DEBUG AssetLoader          - Loading from cache: /assets/textures/background/meteor1.png
15:04:58.282 [JavaFX Application Thread] DEBUG AssetLoader          - Loading from cache: /assets/textures/laser1.png
15:04:58.282 [JavaFX Application Thread] DEBUG AssetLoader          - Loading from cache: /assets/sounds/shoot2.wav
15:04:58.615 [JavaFX Application Thread] DEBUG AssetLoader          - Loading from cache: /assets/textures/laser1.png
15:04:58.616 [JavaFX Application Thread] DEBUG AssetLoader          - Loading from cache: /assets/sounds/shoot1.wav
15:04:58.816 [JavaFX Application Thread] DEBUG AssetLoader          - Loading from cache: /assets/textures/laser_hit.png@15.0x15.0
15:04:59.199 [JavaFX Application Thread] DEBUG AssetLoader          - Loading from cache: /assets/textures/tank_bullet.png
15:04:59.200 [JavaFX Application Thread] DEBUG AssetLoader          - Loading from cache: /assets/sounds/shoot1.wav
15:04:59.249 [JavaFX Application Thread] DEBUG AssetLoader          - Loading from cache: /assets/textures/explosion.png@1280.0x80.0
15:04:59.250 [JavaFX Application Thread] DEBUG AssetLoader          - Loading from cache: /assets/sounds/explosion.wav
15:04:59.250 [JavaFX Application Thread] DEBUG EventBus             - Firing event: com.almasb.fxglgames.spaceinvaders.event.GameEvent[source=javafx.event.Event$$Lambda$105/1086739237@4f31a0f5]
15:05:00.914 [JavaFX Application Thread] DEBUG AssetLoader          - Loading from cache: /assets/textures/background/meteor1.png
15:05:01.481 [JavaFX Application Thread] DEBUG EventBus             - Firing event: com.almasb.fxglgames.spaceinvaders.event.BonusPickupEvent[source=javafx.event.Event$$Lambda$105/1086739237@4f31a0f5]
15:05:01.481 [JavaFX Application Thread] DEBUG AssetLoader          - Loading from cache: /assets/textures/explosion.png@1280.0x80.0
15:05:01.482 [JavaFX Application Thread] DEBUG AssetLoader          - Loading from cache: /assets/sounds/explosion.wav
15:05:01.482 [JavaFX Application Thread] DEBUG EventBus             - Firing event: com.almasb.fxglgames.spaceinvaders.event.GameEvent[source=javafx.event.Event$$Lambda$105/1086739237@4f31a0f5]
15:05:01.483 [JavaFX Application Thread] DEBUG AssetLoader          - Loading from cache: /assets/textures/explosion.png@1280.0x80.0
15:05:01.483 [JavaFX Application Thread] DEBUG AssetLoader          - Loading from cache: /assets/sounds/explosion.wav
15:05:01.483 [JavaFX Application Thread] DEBUG EventBus             - Firing event: com.almasb.fxglgames.spaceinvaders.event.GameEvent[source=javafx.event.Event$$Lambda$105/1086739237@4f31a0f5]
15:05:03.083 [JavaFX Application Thread] DEBUG AssetLoader          - Loading from cache: /assets/textures/laser1.png
15:05:03.084 [JavaFX Application Thread] DEBUG AssetLoader          - Loading from cache: /assets/sounds/shoot2.wav
15:05:03.432 [JavaFX Application Thread] DEBUG AssetLoader          - Loading from cache: /assets/textures/laser1.png
15:05:03.433 [JavaFX Application Thread] DEBUG AssetLoader          - Loading from cache: /assets/sounds/shoot4.wav
15:05:03.566 [JavaFX Application Thread] DEBUG AssetLoader          - Loading from cache: /assets/textures/explosion.png@1280.0x80.0
15:05:03.567 [JavaFX Application Thread] DEBUG AssetLoader          - Loading from cache: /assets/sounds/explosion.wav
15:05:03.567 [JavaFX Application Thread] DEBUG EventBus             - Firing event: com.almasb.fxglgames.spaceinvaders.event.GameEvent[source=javafx.event.Event$$Lambda$105/1086739237@4f31a0f5]
15:05:03.782 [JavaFX Application Thread] DEBUG AssetLoader          - Loading from cache: /assets/textures/laser1.png
15:05:03.783 [JavaFX Application Thread] DEBUG AssetLoader          - Loading from cache: /assets/sounds/shoot2.wav
15:05:03.849 [JavaFX Application Thread] DEBUG AssetLoader          - Loading from cache: /assets/textures/tank_bullet.png
15:05:03.849 [JavaFX Application Thread] DEBUG AssetLoader          - Loading from cache: /assets/sounds/shoot2.wav
15:05:03.932 [JavaFX Application Thread] DEBUG AssetLoader          - Loading from cache: /assets/textures/background/meteor2.png
15:05:04.132 [JavaFX Application Thread] DEBUG AssetLoader          - Loading from cache: /assets/textures/laser1.png
15:05:04.133 [JavaFX Application Thread] DEBUG AssetLoader          - Loading from cache: /assets/sounds/shoot3.wav
15:05:04.366 [JavaFX Application Thread] DEBUG AssetLoader          - Loading from cache: /assets/textures/explosion.png@1280.0x80.0
15:05:04.366 [JavaFX Application Thread] DEBUG AssetLoader          - Loading from cache: /assets/sounds/explosion.wav
15:05:04.366 [JavaFX Application Thread] DEBUG EventBus             - Firing event: com.almasb.fxglgames.spaceinvaders.event.GameEvent[source=javafx.event.Event$$Lambda$105/1086739237@4f31a0f5]
15:05:04.482 [JavaFX Application Thread] DEBUG AssetLoader          - Loading from cache: /assets/textures/laser1.png
15:05:04.482 [JavaFX Application Thread] DEBUG AssetLoader          - Loading from cache: /assets/sounds/shoot4.wav
15:05:04.832 [JavaFX Application Thread] DEBUG AssetLoader          - Loading from cache: /assets/textures/laser1.png
15:05:04.833 [JavaFX Application Thread] DEBUG AssetLoader          - Loading from cache: /assets/sounds/shoot1.wav
15:05:05.182 [JavaFX Application Thread] DEBUG AssetLoader          - Loading from cache: /assets/textures/laser1.png
15:05:05.183 [JavaFX Application Thread] DEBUG AssetLoader          - Loading from cache: /assets/sounds/shoot2.wav
15:05:05.184 [JavaFX Application Thread] DEBUG AssetLoader          - Loading from cache: /assets/textures/tank_bullet.png
15:05:05.184 [JavaFX Application Thread] DEBUG AssetLoader          - Loading from cache: /assets/sounds/shoot3.wav
15:05:05.400 [JavaFX Application Thread] DEBUG AssetLoader          - Loading from cache: /assets/textures/explosion.png@1280.0x80.0
15:05:05.401 [JavaFX Application Thread] DEBUG AssetLoader          - Loading from cache: /assets/sounds/explosion.wav
15:05:05.401 [JavaFX Application Thread] DEBUG EventBus             - Firing event: com.almasb.fxglgames.spaceinvaders.event.GameEvent[source=javafx.event.Event$$Lambda$105/1086739237@4f31a0f5]
15:05:05.402 [JavaFX Application Thread] DEBUG AssetLoader          - Loading from cache: /assets/textures/bonus_weapon.png
15:05:05.433 [JavaFX Application Thread] DEBUG AssetLoader          - Loading from cache: /assets/textures/tank_bullet.png
15:05:05.434 [JavaFX Application Thread] DEBUG AssetLoader          - Loading from cache: /assets/sounds/shoot1.wav
15:05:05.532 [JavaFX Application Thread] DEBUG AssetLoader          - Loading from cache: /assets/textures/laser1.png
15:05:05.532 [JavaFX Application Thread] DEBUG AssetLoader          - Loading from cache: /assets/sounds/shoot3.wav
15:05:05.882 [JavaFX Application Thread] DEBUG AssetLoader          - Loading from cache: /assets/textures/laser1.png
15:05:05.883 [JavaFX Application Thread] DEBUG AssetLoader          - Loading from cache: /assets/sounds/shoot4.wav
15:05:05.999 [JavaFX Application Thread] DEBUG AssetLoader          - Loading from cache: /assets/textures/tank_bullet.png
15:05:06.000 [JavaFX Application Thread] DEBUG AssetLoader          - Loading from cache: /assets/sounds/shoot2.wav
15:05:06.083 [JavaFX Application Thread] DEBUG EventBus             - Firing event: com.almasb.fxglgames.spaceinvaders.event.GameEvent[source=javafx.event.Event$$Lambda$105/1086739237@4f31a0f5]
15:05:06.086 [JavaFX Application Thread] DEBUG AssetLoader          - Loading from disk: /assets/sounds/lose_life.wav
15:05:06.949 [JavaFX Application Thread] DEBUG AssetLoader          - Loading from cache: /assets/textures/background/meteor3.png
15:05:08.099 [JavaFX Application Thread] DEBUG AssetLoader          - Loading from cache: /assets/textures/tank_bullet.png
15:05:08.100 [JavaFX Application Thread] DEBUG AssetLoader          - Loading from cache: /assets/sounds/shoot4.wav
15:05:09.799 [JavaFX Application Thread] DEBUG EventBus             - Firing event: com.almasb.fxglgames.spaceinvaders.event.BonusPickupEvent[source=javafx.event.Event$$Lambda$105/1086739237@4f31a0f5]
15:05:09.800 [JavaFX Application Thread] FATAL GameApplication      - Uncaught Exception:
15:05:09.800 [JavaFX Application Thread] FATAL GameApplication      - 

Exception occurred: java.security.PrivilegedActionException : null
E: java.base/java.security.AccessController.doPrivileged(Native Method)
E: javafx.graphics/javafx.animation.AnimationTimer$AnimationTimerReceiver.handle(AnimationTimer.java:56)
E: javafx.graphics/com.sun.scenario.animation.AbstractMasterTimer.timePulseImpl(AbstractMasterTimer.java:357)
E: javafx.graphics/com.sun.scenario.animation.AbstractMasterTimer$MainLoop.run(AbstractMasterTimer.java:267)
E: javafx.graphics/com.sun.javafx.tk.quantum.QuantumToolkit.pulse(QuantumToolkit.java:514)
E: javafx.graphics/com.sun.javafx.tk.quantum.QuantumToolkit.pulse(QuantumToolkit.java:498)
E: javafx.graphics/com.sun.javafx.tk.quantum.QuantumToolkit.pulseFromQueue(QuantumToolkit.java:491)
E: javafx.graphics/com.sun.javafx.tk.quantum.QuantumToolkit.lambda$runToolkit$11(QuantumToolkit.java:319)
E: javafx.graphics/com.sun.glass.ui.InvokeLaterDispatcher$Future.run(InvokeLaterDispatcher.java:96)

15:05:09.800 [JavaFX Application Thread] FATAL GameApplication      - Application will now exit
15:05:09.801 [JavaFX Application Thread] DEBUG GameApplication      - Stopping main loop
15:05:14.226 [JavaFX Application Thread] DEBUG GameApplication      - Exiting game application
15:05:14.227 [JavaFX Application Thread] DEBUG GameApplication      - Shutting down background threads
15:05:14.227 [JavaFX Application Thread] DEBUG GameApplication      - Exiting FXGL
15:05:14.227 [JavaFX Application Thread] DEBUG FXGL                 - Saving FXGL system data
15:05:14.229 [JavaFX Application Thread] DEBUG IOTask               - Executing task: writeDataTask(system/fxgl.bundle)
15:05:14.231 [JavaFX Application Thread] DEBUG FS                   - Writing to: system/fxgl.bundle
15:05:14.238 [JavaFX Application Thread] DEBUG IOTask               - Task succeeded: writeDataTask(system/fxgl.bundle)
15:05:14.238 [JavaFX Application Thread] DEBUG GameApplication      - Closing logger and exiting JavaFX
