15:01:50.353 [JavaFX Application Thread] DEBUG GameApplication      - Logger initialized
15:01:51.289 [JavaFX Application Thread] DEBUG GameApplication      - Starting FXGL
15:01:51.290 [JavaFX Application Thread] INFO  Version              - FXGL-0.3.9
15:01:51.290 [JavaFX Application Thread] INFO  Version              - Source code and latest versions at: https://github.com/AlmasB/FXGL
15:01:51.291 [JavaFX Application Thread] INFO  Version              -              Join the FXGL chat at: https://gitter.im/AlmasB/FXGL
15:01:51.657 [FXGL Launcher Thread     ] DEBUG FXGL                 - Loading FXGL system data
15:01:51.670 [FXGL Launcher Thread     ] DEBUG IOTask               - Executing task: readDataTask(system/fxgl.bundle)
15:01:51.721 [FXGL Launcher Thread     ] DEBUG FS                   - Reading from: system/fxgl.bundle
15:01:51.746 [FXGL Launcher Thread     ] DEBUG IOTask               - Task succeeded: readDataTask(system/fxgl.bundle)
15:01:51.746 [FXGL Launcher Thread     ] DEBUG Bundle               - Logging bundle: FXGL
15:01:51.748 [FXGL Launcher Thread     ] DEBUG Bundle               - FXGL.offline.timer.version.check=2019-01-01T11:48:46.555990
15:01:51.749 [FXGL Launcher Thread     ] DEBUG GameApplication      - FXGL configuration complete
15:01:51.754 [FXGL Launcher Thread     ] INFO  GameApplication      - FXGL configuration took:  0.457 sec
15:01:51.756 [FXGL Launcher Thread     ] DEBUG GameApplication      - Logging game settings
Title: Space Invaders
Version: 0.9.7
Width: 650
Height: 800
Fullscreen: false
Intro: false
Menus: false
Profiling: false
App Mode: DEVELOPER
Menu Key: ESCAPE
Scene Factory: class com.almasb.fxgl.scene.SceneFactory
Dialog Factory: class com.almasb.fxgl.service.impl.display.FXGLDialogFactory
UI Factory: class com.almasb.fxgl.service.impl.ui.FXGLUIFactory
Notification Service: class com.almasb.fxgl.service.impl.notification.FXGLNotificationService
Exception Handler: class com.almasb.fxgl.app.FXGLExceptionHandler
15:01:51.768 [FXGL Launcher Thread     ] DEBUG GameApplication      - Configuring GameApplication
15:01:51.778 [FXGL Launcher Thread     ] DEBUG AppStateMachine      - Initializing application states
15:01:51.802 [FXGL Launcher Thread     ] DEBUG AssetLoader          - Asset cacheSize=35
15:01:51.804 [FXGL Launcher Thread     ] DEBUG AssetLoader          - Loading from disk: /assets/ui/cursors/fxgl_default.png
15:01:51.837 [FXGL Launcher Thread     ] DEBUG AssetLoader          - Loading from disk: /assets/ui/cursors/fxgl_default.png
15:01:51.849 [FXGL Launcher Thread     ] DEBUG AssetLoader          - Loading from disk: /assets/sounds/core/notification.wav
15:01:51.984 [FXGL Launcher Thread     ] DEBUG AssetLoader          - Loading from disk: /assets/sounds/menu/select.wav
15:01:51.991 [FXGL Launcher Thread     ] DEBUG AssetLoader          - Loading from disk: /assets/sounds/menu/back.wav
15:01:51.996 [FXGL Launcher Thread     ] DEBUG AssetLoader          - Loading from disk: /assets/sounds/menu/press.wav
15:01:52.001 [FXGL Launcher Thread     ] DEBUG AssetLoader          - Loading from disk: /assets/ui/fonts/kenvector_future_thin.ttf
15:01:52.033 [FXGL Launcher Thread     ] DEBUG AssetLoader          - Loading from disk: /assets/ui/fonts/lucida_console.ttf
15:01:52.043 [FXGL Launcher Thread     ] DEBUG AssetLoader          - Loading from disk: /assets/ui/css/fxgl_dark.css
15:01:52.044 [FXGL Launcher Thread     ] DEBUG AssetLoader          - Loading from disk: /assets/ui/icons/fxgl_icon.png
15:01:52.094 [FXGL Launcher Thread     ] DEBUG AssetLoader          - Loading from disk: /assets/ui/cursors/fxgl_default.png
15:01:52.123 [FXGL Launcher Thread     ] DEBUG FXGL.GameScene       - Game scene initialized: 650x800
15:01:52.135 [FXGL Launcher Thread     ] DEBUG FXGL.GameWorld       - Game world initialized
15:01:52.249 [FXGL Launcher Thread     ] DEBUG FXGL.PhysicsWorld    - Physics world initialized: appHeight=800, physics.ppm=50.0
15:01:52.296 [FXGL Launcher Thread     ] DEBUG Input                - Registered new binding: Pause - Esc
15:01:52.348 [FXGL Launcher Thread     ] INFO  GameApplication      - Game configuration took:  0.579 sec
15:01:52.351 [JavaFX Application Thread] DEBUG MainWindow           - Target size: 650.0 x 800.0 @ 1.0
15:01:52.351 [JavaFX Application Thread] DEBUG MainWindow           - New size:    650.0 x 800.0 @ 1.0
15:01:52.351 [JavaFX Application Thread] DEBUG MainWindow           - Opening main window
15:01:52.458 [JavaFX Application Thread] DEBUG MainWindow           - Root size:  650.0x800.0
15:01:52.459 [JavaFX Application Thread] DEBUG MainWindow           - Scene size: 650.0x800.0
15:01:52.459 [JavaFX Application Thread] DEBUG MainWindow           - Stage size: 650.0x822.0
15:01:52.459 [JavaFX Application Thread] DEBUG GameApplication      - Running preInit()
15:01:52.470 [JavaFX Application Thread] DEBUG AchievementManager   - Registered new achievement "Hitman"
15:01:52.470 [JavaFX Application Thread] DEBUG AchievementManager   - Registered new achievement "Master Scorer"
15:01:52.474 [JavaFX Application Thread] DEBUG Input                - Registered new binding: Screenshot - P
15:01:52.475 [JavaFX Application Thread] DEBUG Input                - Registered new binding: Dev Options - CTRL+0
15:01:52.476 [JavaFX Application Thread] DEBUG Input                - Registered new binding: Next Level - L
15:01:52.478 [JavaFX Application Thread] DEBUG Input                - Registered new binding: Move Left - Left
15:01:52.478 [JavaFX Application Thread] DEBUG Input                - Registered new binding: Laser Beam - X
15:01:52.478 [JavaFX Application Thread] DEBUG Input                - Registered new binding: Shoot - Z
15:01:52.479 [JavaFX Application Thread] DEBUG Input                - Registered new binding: Move Right - Right
15:01:52.483 [JavaFX Application Thread] DEBUG AssetLoader          - Loading from disk: /assets/music/bgm.mp3
15:01:52.646 [JavaFX Application Thread] DEBUG AudioPlayer          - Playing music Music [balance=0.0, volume=1.0, rate=1.0, cycleCount=2147483647]
15:01:52.692 [JavaFX Application Thread] DEBUG GameApplication      - Starting main loop
15:01:52.710 [JavaFX Application Thread] DEBUG StartupState         - STARTUP
15:01:52.710 [JavaFX Application Thread] DEBUG GameApplication      - Starting new game
15:01:52.710 [JavaFX Application Thread] DEBUG Input                - Clearing active input actions
15:01:52.711 [JavaFX Application Thread] DEBUG AppStateMachine      - StartupState -> LoadingState
15:01:53.042 [JavaFX Application Thread] DEBUG AnnotationParser     - @AddCollisionHandler: [BonusPlayerHandler, BulletBossHandler, BulletEnemyHandler, BulletPlayerHandler, BulletWallHandler, LaserBeamEnemyHandler]
15:01:53.042 [JavaFX Application Thread] DEBUG AnnotationParser     - @SetEntityFactory: [SpaceInvadersFactory]
15:01:53.052 [FXGL Background Thread 1 ] DEBUG InitAppTask          - Clearing previous game
15:01:53.052 [FXGL Background Thread 1 ] DEBUG FXGL.GameWorld       - Clearing game world
15:01:53.053 [FXGL Background Thread 1 ] DEBUG FXGL.PhysicsWorld    - Clearing physics world
15:01:53.053 [FXGL Background Thread 1 ] DEBUG FXGL.GameScene       - Clearing game scene
15:01:53.053 [FXGL Background Thread 1 ] DEBUG InitAppTask          - Initializing Assets
15:01:53.054 [FXGL Background Thread 1 ] DEBUG InitAppTask          - Initializing Game
15:01:53.081 [FXGL Background Thread 1 ] DEBUG IOTask               - Executing task: readDataTask(./hiscore.dat)
15:01:53.083 [FXGL Background Thread 1 ] DEBUG FS                   - Reading from: ./hiscore.dat
15:01:53.086 [FXGL Background Thread 1 ] DEBUG IOTask               - Task succeeded: readDataTask(./hiscore.dat)
15:01:53.128 [FXGL Background Thread 1 ] DEBUG AssetLoader          - Loading from disk: /assets/textures/background/background.png
15:01:53.405 [FXGL Background Thread 1 ] DEBUG FXGL.GameScene       - Creating render group for layer: BACKGROUND(1000)
15:01:53.433 [FXGL Background Thread 1 ] DEBUG AssetLoader          - Loading from disk: /assets/textures/player2.png
15:01:53.442 [FXGL Background Thread 1 ] DEBUG FXGL.GameScene       - Creating render group for layer: TOP(2147483647)
15:01:53.442 [FXGL Background Thread 1 ] DEBUG InitAppTask          - Initializing Physics
15:01:53.444 [FXGL Background Thread 1 ] DEBUG InitAppTask          - Initializing UI
15:01:53.446 [FXGL Background Thread 1 ] DEBUG AssetLoader          - Loading from disk: /assets/ui/main.fxml
15:01:53.664 [FXGL Background Thread 1 ] DEBUG AssetLoader          - Loading from disk: /assets/textures/life.png
15:01:53.670 [FXGL Background Thread 1 ] DEBUG AssetLoader          - Loading from cache: /assets/textures/life.png@16.0x16.0
15:01:53.671 [FXGL Background Thread 1 ] DEBUG AssetLoader          - Loading from cache: /assets/textures/life.png@16.0x16.0
15:01:53.671 [FXGL Background Thread 1 ] DEBUG InitAppTask          - Initialization Complete
15:01:53.671 [FXGL Background Thread 1 ] INFO  InitAppTask          - Game initialization took: 0.619 sec
15:01:53.679 [JavaFX Application Thread] DEBUG Input                - Clearing active input actions
15:01:53.680 [JavaFX Application Thread] DEBUG AppStateMachine      - LoadingState -> PlayState
15:01:53.900 [JavaFX Application Thread] DEBUG AssetLoader          - Loading from disk: /assets/sounds/level.wav
15:01:55.383 [JavaFX Application Thread] DEBUG AssetLoader          - Loading from disk: /assets/textures/wall.png
15:01:55.395 [JavaFX Application Thread] DEBUG AssetLoader          - Loading from cache: /assets/textures/wall.png@77.0x34.0
15:01:55.396 [JavaFX Application Thread] DEBUG AssetLoader          - Loading from cache: /assets/textures/wall.png@77.0x34.0
15:01:55.399 [JavaFX Application Thread] DEBUG AssetLoader          - Loading from cache: /assets/textures/wall.png@77.0x34.0
15:01:55.414 [JavaFX Application Thread] DEBUG AssetLoader          - Loading from disk: /assets/textures/enemy1.png
15:01:55.514 [JavaFX Application Thread] DEBUG AssetLoader          - Loading from disk: /assets/textures/enemy2.png
15:01:55.597 [JavaFX Application Thread] DEBUG AssetLoader          - Loading from cache: /assets/textures/enemy2.png
15:01:55.680 [JavaFX Application Thread] DEBUG AssetLoader          - Loading from disk: /assets/textures/enemy3.png
15:01:55.780 [JavaFX Application Thread] DEBUG AssetLoader          - Loading from cache: /assets/textures/enemy2.png
15:01:55.881 [JavaFX Application Thread] DEBUG AssetLoader          - Loading from cache: /assets/textures/enemy2.png
15:01:55.980 [JavaFX Application Thread] DEBUG AssetLoader          - Loading from cache: /assets/textures/enemy1.png
15:01:56.046 [JavaFX Application Thread] DEBUG AssetLoader          - Loading from disk: /assets/textures/laser1.png
15:01:56.050 [JavaFX Application Thread] DEBUG AssetLoader          - Loading from disk: /assets/sounds/shoot1.wav
15:01:56.097 [JavaFX Application Thread] DEBUG AssetLoader          - Loading from cache: /assets/textures/enemy1.png
15:01:56.146 [JavaFX Application Thread] DEBUG AssetLoader          - Loading from disk: /assets/textures/player2.png
15:01:56.150 [JavaFX Application Thread] DEBUG FXGL.GameScene       - Creating render group for layer: PARTICLES(5000)
15:01:56.199 [JavaFX Application Thread] DEBUG AssetLoader          - Loading from cache: /assets/textures/enemy2.png
15:01:56.300 [JavaFX Application Thread] DEBUG AssetLoader          - Loading from cache: /assets/textures/enemy1.png
15:01:56.398 [JavaFX Application Thread] DEBUG AssetLoader          - Loading from cache: /assets/textures/laser1.png
15:01:56.399 [JavaFX Application Thread] DEBUG AssetLoader          - Loading from disk: /assets/sounds/shoot4.wav
15:01:56.410 [JavaFX Application Thread] DEBUG AssetLoader          - Loading from cache: /assets/textures/enemy1.png
15:01:56.514 [JavaFX Application Thread] DEBUG AssetLoader          - Loading from cache: /assets/textures/enemy3.png
15:01:56.615 [JavaFX Application Thread] DEBUG AssetLoader          - Loading from cache: /assets/textures/enemy2.png
15:01:56.632 [JavaFX Application Thread] DEBUG AssetLoader          - Loading from disk: /assets/textures/laser_hit.png
15:01:56.714 [JavaFX Application Thread] DEBUG AssetLoader          - Loading from cache: /assets/textures/enemy2.png
15:01:56.765 [JavaFX Application Thread] DEBUG AssetLoader          - Loading from cache: /assets/textures/laser1.png
15:01:56.766 [JavaFX Application Thread] DEBUG AssetLoader          - Loading from disk: /assets/sounds/shoot3.wav
15:01:56.815 [JavaFX Application Thread] DEBUG AssetLoader          - Loading from cache: /assets/textures/enemy1.png
15:01:56.898 [JavaFX Application Thread] DEBUG AssetLoader          - Loading from disk: /assets/textures/background/meteor1.png
15:01:56.903 [JavaFX Application Thread] DEBUG FXGL.GameScene       - Creating render group for layer: METEORS(1001)
15:01:56.916 [JavaFX Application Thread] DEBUG AssetLoader          - Loading from cache: /assets/textures/enemy1.png
15:01:56.919 [JavaFX Application Thread] DEBUG AssetLoader          - Loading from cache: /assets/textures/laser_hit.png@15.0x15.0
15:01:57.115 [JavaFX Application Thread] DEBUG AssetLoader          - Loading from cache: /assets/textures/laser1.png
15:01:57.116 [JavaFX Application Thread] DEBUG AssetLoader          - Loading from disk: /assets/sounds/shoot2.wav
15:01:57.367 [JavaFX Application Thread] DEBUG AssetLoader          - Loading from cache: /assets/textures/laser_hit.png@15.0x15.0
15:01:57.480 [JavaFX Application Thread] DEBUG AssetLoader          - Loading from cache: /assets/textures/laser1.png
15:01:57.481 [JavaFX Application Thread] DEBUG AssetLoader          - Loading from cache: /assets/sounds/shoot1.wav
15:01:57.748 [JavaFX Application Thread] DEBUG AssetLoader          - Loading from disk: /assets/textures/tank_bullet.png
15:01:57.753 [JavaFX Application Thread] DEBUG AssetLoader          - Loading from cache: /assets/sounds/shoot4.wav
15:01:57.830 [JavaFX Application Thread] DEBUG AssetLoader          - Loading from cache: /assets/textures/laser1.png
15:01:57.831 [JavaFX Application Thread] DEBUG AssetLoader          - Loading from cache: /assets/sounds/shoot4.wav
15:01:57.848 [JavaFX Application Thread] DEBUG AssetLoader          - Loading from cache: /assets/textures/laser_hit.png@15.0x15.0
15:01:57.948 [JavaFX Application Thread] DEBUG AssetLoader          - Loading from cache: /assets/textures/tank_bullet.png
15:01:57.949 [JavaFX Application Thread] DEBUG AssetLoader          - Loading from cache: /assets/sounds/shoot4.wav
15:01:58.048 [JavaFX Application Thread] DEBUG AssetLoader          - Loading from cache: /assets/textures/tank_bullet.png
15:01:58.049 [JavaFX Application Thread] DEBUG AssetLoader          - Loading from cache: /assets/sounds/shoot2.wav
15:01:58.180 [JavaFX Application Thread] DEBUG AssetLoader          - Loading from cache: /assets/textures/laser1.png
15:01:58.181 [JavaFX Application Thread] DEBUG AssetLoader          - Loading from cache: /assets/sounds/shoot3.wav
15:01:58.448 [JavaFX Application Thread] DEBUG AssetLoader          - Loading from cache: /assets/textures/tank_bullet.png
15:01:58.448 [JavaFX Application Thread] DEBUG AssetLoader          - Loading from cache: /assets/sounds/shoot1.wav
15:01:58.530 [JavaFX Application Thread] DEBUG AssetLoader          - Loading from cache: /assets/textures/laser1.png
15:01:58.531 [JavaFX Application Thread] DEBUG AssetLoader          - Loading from cache: /assets/sounds/shoot3.wav
15:01:58.548 [JavaFX Application Thread] DEBUG AssetLoader          - Loading from cache: /assets/textures/tank_bullet.png
15:01:58.548 [JavaFX Application Thread] DEBUG AssetLoader          - Loading from cache: /assets/sounds/shoot1.wav
15:01:58.850 [JavaFX Application Thread] DEBUG AssetLoader          - Loading from cache: /assets/textures/laser_hit.png@15.0x15.0
15:01:58.881 [JavaFX Application Thread] DEBUG AssetLoader          - Loading from cache: /assets/textures/laser1.png
15:01:58.882 [JavaFX Application Thread] DEBUG AssetLoader          - Loading from cache: /assets/sounds/shoot4.wav
15:01:59.198 [JavaFX Application Thread] DEBUG AssetLoader          - Loading from cache: /assets/textures/laser_hit.png@15.0x15.0
15:01:59.231 [JavaFX Application Thread] DEBUG AssetLoader          - Loading from cache: /assets/textures/laser1.png
15:01:59.232 [JavaFX Application Thread] DEBUG AssetLoader          - Loading from cache: /assets/sounds/shoot1.wav
15:01:59.233 [JavaFX Application Thread] DEBUG AssetLoader          - Loading from cache: /assets/textures/tank_bullet.png
15:01:59.234 [JavaFX Application Thread] DEBUG AssetLoader          - Loading from cache: /assets/sounds/shoot1.wav
15:01:59.580 [JavaFX Application Thread] DEBUG AssetLoader          - Loading from cache: /assets/textures/laser1.png
15:01:59.581 [JavaFX Application Thread] DEBUG AssetLoader          - Loading from cache: /assets/sounds/shoot2.wav
15:01:59.814 [JavaFX Application Thread] DEBUG AssetLoader          - Loading from cache: /assets/textures/tank_bullet.png
15:01:59.815 [JavaFX Application Thread] DEBUG AssetLoader          - Loading from cache: /assets/sounds/shoot3.wav
15:01:59.930 [JavaFX Application Thread] DEBUG AssetLoader          - Loading from cache: /assets/textures/laser1.png
15:01:59.931 [JavaFX Application Thread] DEBUG AssetLoader          - Loading from cache: /assets/sounds/shoot4.wav
15:01:59.932 [JavaFX Application Thread] DEBUG AssetLoader          - Loading from disk: /assets/textures/background/meteor3.png
15:02:00.080 [JavaFX Application Thread] DEBUG AssetLoader          - Loading from cache: /assets/textures/tank_bullet.png
15:02:00.081 [JavaFX Application Thread] DEBUG AssetLoader          - Loading from cache: /assets/sounds/shoot3.wav
15:02:00.281 [JavaFX Application Thread] DEBUG AssetLoader          - Loading from cache: /assets/textures/laser1.png
15:02:00.281 [JavaFX Application Thread] DEBUG AssetLoader          - Loading from cache: /assets/sounds/shoot3.wav
15:02:00.514 [JavaFX Application Thread] DEBUG AssetLoader          - Loading from cache: /assets/textures/tank_bullet.png
15:02:00.514 [JavaFX Application Thread] DEBUG AssetLoader          - Loading from cache: /assets/sounds/shoot4.wav
15:02:00.631 [JavaFX Application Thread] DEBUG AssetLoader          - Loading from cache: /assets/textures/laser1.png
15:02:00.631 [JavaFX Application Thread] DEBUG AssetLoader          - Loading from cache: /assets/sounds/shoot3.wav
15:02:00.981 [JavaFX Application Thread] DEBUG AssetLoader          - Loading from cache: /assets/textures/laser1.png
15:02:00.981 [JavaFX Application Thread] DEBUG AssetLoader          - Loading from cache: /assets/sounds/shoot4.wav
15:02:01.331 [JavaFX Application Thread] DEBUG AssetLoader          - Loading from cache: /assets/textures/laser1.png
15:02:01.332 [JavaFX Application Thread] DEBUG AssetLoader          - Loading from cache: /assets/sounds/shoot4.wav
15:02:01.481 [JavaFX Application Thread] DEBUG AssetLoader          - Loading from cache: /assets/textures/tank_bullet.png
15:02:01.482 [JavaFX Application Thread] DEBUG AssetLoader          - Loading from cache: /assets/sounds/shoot4.wav
15:02:01.680 [JavaFX Application Thread] DEBUG AssetLoader          - Loading from cache: /assets/textures/laser1.png
15:02:01.681 [JavaFX Application Thread] DEBUG AssetLoader          - Loading from cache: /assets/sounds/shoot1.wav
15:02:01.914 [JavaFX Application Thread] DEBUG AssetLoader          - Loading from cache: /assets/textures/tank_bullet.png
15:02:01.915 [JavaFX Application Thread] DEBUG AssetLoader          - Loading from cache: /assets/sounds/shoot2.wav
15:02:01.947 [JavaFX Application Thread] DEBUG AssetLoader          - Loading from cache: /assets/textures/tank_bullet.png
15:02:01.948 [JavaFX Application Thread] DEBUG AssetLoader          - Loading from cache: /assets/sounds/shoot1.wav
15:02:02.014 [JavaFX Application Thread] DEBUG AssetLoader          - Loading from cache: /assets/textures/laser1.png
15:02:02.014 [JavaFX Application Thread] DEBUG AssetLoader          - Loading from cache: /assets/sounds/shoot4.wav
15:02:02.164 [JavaFX Application Thread] DEBUG AssetLoader          - Loading from cache: /assets/textures/tank_bullet.png
15:02:02.165 [JavaFX Application Thread] DEBUG AssetLoader          - Loading from cache: /assets/sounds/shoot4.wav
15:02:02.347 [JavaFX Application Thread] DEBUG AssetLoader          - Loading from cache: /assets/textures/laser1.png
15:02:02.348 [JavaFX Application Thread] DEBUG AssetLoader          - Loading from cache: /assets/sounds/shoot3.wav
15:02:02.469 [JavaFX Application Thread] DEBUG AssetLoader          - Loading from disk: /assets/textures/explosion.png
15:02:02.494 [JavaFX Application Thread] DEBUG AssetLoader          - Loading from disk: /assets/sounds/explosion.wav
15:02:02.501 [JavaFX Application Thread] DEBUG EventBus             - Firing event: com.almasb.fxglgames.spaceinvaders.event.GameEvent[source=javafx.event.Event$$Lambda$105/514542734@758fa2c2]
15:02:02.881 [JavaFX Application Thread] DEBUG AssetLoader          - Loading from cache: /assets/textures/laser1.png
15:02:02.882 [JavaFX Application Thread] DEBUG AssetLoader          - Loading from cache: /assets/sounds/shoot1.wav
15:02:02.948 [JavaFX Application Thread] DEBUG AssetLoader          - Loading from cache: /assets/textures/laser_hit.png@15.0x15.0
15:02:03.065 [JavaFX Application Thread] DEBUG AssetLoader          - Loading from cache: /assets/textures/tank_bullet.png
15:02:03.066 [JavaFX Application Thread] DEBUG AssetLoader          - Loading from cache: /assets/sounds/shoot2.wav
15:02:03.067 [JavaFX Application Thread] DEBUG AssetLoader          - Loading from cache: /assets/textures/laser_hit.png@15.0x15.0
15:02:03.097 [JavaFX Application Thread] DEBUG AssetLoader          - Loading from disk: /assets/textures/background/meteor2.png
15:02:03.181 [JavaFX Application Thread] DEBUG AssetLoader          - Loading from cache: /assets/textures/laser1.png
15:02:03.182 [JavaFX Application Thread] DEBUG AssetLoader          - Loading from cache: /assets/sounds/shoot4.wav
15:02:03.381 [JavaFX Application Thread] DEBUG AssetLoader          - Loading from cache: /assets/textures/laser_hit.png@15.0x15.0
15:02:03.431 [JavaFX Application Thread] DEBUG AssetLoader          - Loading from cache: /assets/textures/tank_bullet.png
15:02:03.432 [JavaFX Application Thread] DEBUG AssetLoader          - Loading from cache: /assets/sounds/shoot1.wav
15:02:03.481 [JavaFX Application Thread] DEBUG AssetLoader          - Loading from cache: /assets/textures/laser1.png
15:02:03.481 [JavaFX Application Thread] DEBUG AssetLoader          - Loading from cache: /assets/sounds/shoot4.wav
15:02:03.682 [JavaFX Application Thread] DEBUG AssetLoader          - Loading from cache: /assets/textures/laser_hit.png@15.0x15.0
15:02:03.748 [JavaFX Application Thread] DEBUG AssetLoader          - Loading from cache: /assets/textures/tank_bullet.png
15:02:03.749 [JavaFX Application Thread] DEBUG AssetLoader          - Loading from cache: /assets/sounds/shoot2.wav
15:02:03.781 [JavaFX Application Thread] DEBUG AssetLoader          - Loading from cache: /assets/textures/laser1.png
15:02:03.782 [JavaFX Application Thread] DEBUG AssetLoader          - Loading from cache: /assets/sounds/shoot4.wav
15:02:03.882 [JavaFX Application Thread] DEBUG AssetLoader          - Loading from cache: /assets/textures/explosion.png@1280.0x80.0
15:02:03.882 [JavaFX Application Thread] DEBUG AssetLoader          - Loading from cache: /assets/sounds/explosion.wav
15:02:03.883 [JavaFX Application Thread] DEBUG EventBus             - Firing event: com.almasb.fxglgames.spaceinvaders.event.GameEvent[source=javafx.event.Event$$Lambda$105/514542734@758fa2c2]
15:02:03.884 [JavaFX Application Thread] DEBUG EventBus             - Firing event: AchievementEvent[name=Master Scorer,description= Score 1000 points]
15:02:03.896 [JavaFX Application Thread] DEBUG EventBus             - Firing event: NotificationEvent[message=You got an achievement! Master Scorer]
15:02:03.965 [JavaFX Application Thread] DEBUG AssetLoader          - Loading from cache: /assets/textures/tank_bullet.png
15:02:03.966 [JavaFX Application Thread] DEBUG AssetLoader          - Loading from cache: /assets/sounds/shoot1.wav
15:02:04.114 [JavaFX Application Thread] DEBUG AssetLoader          - Loading from cache: /assets/textures/laser1.png
15:02:04.115 [JavaFX Application Thread] DEBUG AssetLoader          - Loading from cache: /assets/sounds/shoot1.wav
15:02:04.132 [JavaFX Application Thread] DEBUG AssetLoader          - Loading from cache: /assets/textures/laser_hit.png@15.0x15.0
15:02:04.398 [JavaFX Application Thread] DEBUG AssetLoader          - Loading from cache: /assets/textures/laser_hit.png@15.0x15.0
15:02:04.415 [JavaFX Application Thread] DEBUG AssetLoader          - Loading from cache: /assets/textures/laser1.png
15:02:04.416 [JavaFX Application Thread] DEBUG AssetLoader          - Loading from cache: /assets/sounds/shoot2.wav
15:02:04.498 [JavaFX Application Thread] DEBUG AssetLoader          - Loading from cache: /assets/textures/tank_bullet.png
15:02:04.499 [JavaFX Application Thread] DEBUG AssetLoader          - Loading from cache: /assets/sounds/shoot4.wav
15:02:04.732 [JavaFX Application Thread] DEBUG AssetLoader          - Loading from cache: /assets/textures/explosion.png@1280.0x80.0
15:02:04.732 [JavaFX Application Thread] DEBUG AssetLoader          - Loading from cache: /assets/sounds/explosion.wav
15:02:04.732 [JavaFX Application Thread] DEBUG EventBus             - Firing event: com.almasb.fxglgames.spaceinvaders.event.GameEvent[source=javafx.event.Event$$Lambda$105/514542734@758fa2c2]
15:02:04.748 [JavaFX Application Thread] DEBUG AssetLoader          - Loading from cache: /assets/textures/laser1.png
15:02:04.748 [JavaFX Application Thread] DEBUG AssetLoader          - Loading from cache: /assets/sounds/shoot1.wav
15:02:05.064 [JavaFX Application Thread] DEBUG AssetLoader          - Loading from cache: /assets/textures/laser_hit.png@15.0x15.0
15:02:05.081 [JavaFX Application Thread] DEBUG AssetLoader          - Loading from cache: /assets/textures/laser1.png
15:02:05.082 [JavaFX Application Thread] DEBUG AssetLoader          - Loading from cache: /assets/sounds/shoot2.wav
15:02:05.415 [JavaFX Application Thread] DEBUG AssetLoader          - Loading from cache: /assets/textures/laser1.png
15:02:05.415 [JavaFX Application Thread] DEBUG AssetLoader          - Loading from cache: /assets/sounds/shoot4.wav
15:02:05.416 [JavaFX Application Thread] DEBUG AssetLoader          - Loading from cache: /assets/textures/laser_hit.png@15.0x15.0
15:02:05.715 [JavaFX Application Thread] DEBUG AssetLoader          - Loading from cache: /assets/textures/tank_bullet.png
15:02:05.715 [JavaFX Application Thread] DEBUG AssetLoader          - Loading from cache: /assets/sounds/shoot3.wav
15:02:05.748 [JavaFX Application Thread] DEBUG AssetLoader          - Loading from cache: /assets/textures/laser1.png
15:02:05.749 [JavaFX Application Thread] DEBUG AssetLoader          - Loading from cache: /assets/sounds/shoot1.wav
15:02:05.965 [JavaFX Application Thread] DEBUG AssetLoader          - Loading from cache: /assets/textures/background/meteor3.png
15:02:06.081 [JavaFX Application Thread] DEBUG AssetLoader          - Loading from cache: /assets/textures/laser1.png
15:02:06.082 [JavaFX Application Thread] DEBUG AssetLoader          - Loading from cache: /assets/sounds/shoot1.wav
15:02:06.181 [JavaFX Application Thread] DEBUG AssetLoader          - Loading from cache: /assets/textures/tank_bullet.png
15:02:06.182 [JavaFX Application Thread] DEBUG AssetLoader          - Loading from cache: /assets/sounds/shoot4.wav
15:02:06.298 [JavaFX Application Thread] DEBUG AssetLoader          - Loading from cache: /assets/textures/tank_bullet.png
15:02:06.298 [JavaFX Application Thread] DEBUG AssetLoader          - Loading from cache: /assets/sounds/shoot4.wav
15:02:06.414 [JavaFX Application Thread] DEBUG AssetLoader          - Loading from cache: /assets/textures/laser1.png
15:02:06.414 [JavaFX Application Thread] DEBUG AssetLoader          - Loading from cache: /assets/sounds/shoot4.wav
15:02:06.581 [JavaFX Application Thread] DEBUG AssetLoader          - Loading from cache: /assets/textures/explosion.png@1280.0x80.0
15:02:06.581 [JavaFX Application Thread] DEBUG AssetLoader          - Loading from cache: /assets/sounds/explosion.wav
15:02:06.582 [JavaFX Application Thread] DEBUG EventBus             - Firing event: com.almasb.fxglgames.spaceinvaders.event.GameEvent[source=javafx.event.Event$$Lambda$105/514542734@758fa2c2]
15:02:06.748 [JavaFX Application Thread] DEBUG AssetLoader          - Loading from cache: /assets/textures/laser1.png
15:02:06.748 [JavaFX Application Thread] DEBUG AssetLoader          - Loading from cache: /assets/sounds/shoot1.wav
15:02:06.899 [JavaFX Application Thread] DEBUG AssetLoader          - Loading from cache: /assets/textures/explosion.png@1280.0x80.0
15:02:06.900 [JavaFX Application Thread] DEBUG AssetLoader          - Loading from cache: /assets/sounds/explosion.wav
15:02:06.900 [JavaFX Application Thread] DEBUG EventBus             - Firing event: com.almasb.fxglgames.spaceinvaders.event.GameEvent[source=javafx.event.Event$$Lambda$105/514542734@758fa2c2]
15:02:06.902 [JavaFX Application Thread] DEBUG AssetLoader          - Loading from disk: /assets/textures/bonus_weapon.png
15:02:07.081 [JavaFX Application Thread] DEBUG AssetLoader          - Loading from cache: /assets/textures/laser1.png
15:02:07.082 [JavaFX Application Thread] DEBUG AssetLoader          - Loading from cache: /assets/sounds/shoot1.wav
15:02:07.248 [JavaFX Application Thread] DEBUG AssetLoader          - Loading from cache: /assets/textures/explosion.png@1280.0x80.0
15:02:07.249 [JavaFX Application Thread] DEBUG AssetLoader          - Loading from cache: /assets/sounds/explosion.wav
15:02:07.249 [JavaFX Application Thread] DEBUG EventBus             - Firing event: com.almasb.fxglgames.spaceinvaders.event.GameEvent[source=javafx.event.Event$$Lambda$105/514542734@758fa2c2]
15:02:07.414 [JavaFX Application Thread] DEBUG AssetLoader          - Loading from cache: /assets/textures/laser1.png
15:02:07.415 [JavaFX Application Thread] DEBUG AssetLoader          - Loading from cache: /assets/sounds/shoot2.wav
15:02:07.583 [JavaFX Application Thread] DEBUG AssetLoader          - Loading from cache: /assets/textures/laser_hit.png@15.0x15.0
15:02:07.898 [JavaFX Application Thread] DEBUG AssetLoader          - Loading from cache: /assets/textures/tank_bullet.png
15:02:07.899 [JavaFX Application Thread] DEBUG AssetLoader          - Loading from cache: /assets/sounds/shoot1.wav
15:02:07.915 [JavaFX Application Thread] DEBUG AssetLoader          - Loading from cache: /assets/textures/explosion.png@1280.0x80.0
15:02:07.916 [JavaFX Application Thread] DEBUG AssetLoader          - Loading from cache: /assets/sounds/explosion.wav
15:02:07.916 [JavaFX Application Thread] DEBUG EventBus             - Firing event: com.almasb.fxglgames.spaceinvaders.event.GameEvent[source=javafx.event.Event$$Lambda$105/514542734@758fa2c2]
15:02:08.465 [JavaFX Application Thread] DEBUG AssetLoader          - Loading from cache: /assets/textures/tank_bullet.png
15:02:08.466 [JavaFX Application Thread] DEBUG AssetLoader          - Loading from cache: /assets/sounds/shoot3.wav
15:02:08.597 [JavaFX Application Thread] DEBUG AssetLoader          - Loading from cache: /assets/textures/tank_bullet.png
15:02:08.598 [JavaFX Application Thread] DEBUG AssetLoader          - Loading from cache: /assets/sounds/shoot4.wav
15:02:08.965 [JavaFX Application Thread] DEBUG AssetLoader          - Loading from cache: /assets/textures/background/meteor2.png
15:02:10.915 [JavaFX Application Thread] DEBUG EventBus             - Firing event: com.almasb.fxglgames.spaceinvaders.event.BonusPickupEvent[source=javafx.event.Event$$Lambda$105/514542734@758fa2c2]
15:02:10.916 [JavaFX Application Thread] DEBUG AssetLoader          - Loading from cache: /assets/textures/explosion.png@1280.0x80.0
15:02:10.917 [JavaFX Application Thread] DEBUG AssetLoader          - Loading from cache: /assets/sounds/explosion.wav
15:02:10.917 [JavaFX Application Thread] DEBUG EventBus             - Firing event: com.almasb.fxglgames.spaceinvaders.event.GameEvent[source=javafx.event.Event$$Lambda$105/514542734@758fa2c2]
15:02:10.918 [JavaFX Application Thread] DEBUG AssetLoader          - Loading from disk: /assets/textures/bomb.png
15:02:10.922 [JavaFX Application Thread] DEBUG AssetLoader          - Loading from cache: /assets/textures/explosion.png@1280.0x80.0
15:02:10.924 [JavaFX Application Thread] DEBUG AssetLoader          - Loading from cache: /assets/sounds/explosion.wav
15:02:10.924 [JavaFX Application Thread] DEBUG EventBus             - Firing event: com.almasb.fxglgames.spaceinvaders.event.GameEvent[source=javafx.event.Event$$Lambda$105/514542734@758fa2c2]
15:02:10.925 [JavaFX Application Thread] DEBUG AssetLoader          - Loading from cache: /assets/textures/explosion.png@1280.0x80.0
15:02:10.926 [JavaFX Application Thread] DEBUG AssetLoader          - Loading from cache: /assets/sounds/explosion.wav
15:02:10.926 [JavaFX Application Thread] DEBUG EventBus             - Firing event: com.almasb.fxglgames.spaceinvaders.event.GameEvent[source=javafx.event.Event$$Lambda$105/514542734@758fa2c2]
15:02:11.199 [JavaFX Application Thread] DEBUG AssetLoader          - Loading from cache: /assets/textures/tank_bullet.png
15:02:11.200 [JavaFX Application Thread] DEBUG AssetLoader          - Loading from cache: /assets/sounds/shoot1.wav
15:02:11.565 [JavaFX Application Thread] DEBUG AssetLoader          - Loading from cache: /assets/textures/laser1.png
15:02:11.566 [JavaFX Application Thread] DEBUG AssetLoader          - Loading from cache: /assets/sounds/shoot1.wav
15:02:11.833 [JavaFX Application Thread] DEBUG AssetLoader          - Loading from cache: /assets/textures/tank_bullet.png
15:02:11.833 [JavaFX Application Thread] DEBUG AssetLoader          - Loading from cache: /assets/sounds/shoot3.wav
15:02:11.915 [JavaFX Application Thread] DEBUG AssetLoader          - Loading from cache: /assets/textures/laser1.png
15:02:11.916 [JavaFX Application Thread] DEBUG AssetLoader          - Loading from cache: /assets/sounds/shoot3.wav
15:02:11.984 [JavaFX Application Thread] DEBUG AssetLoader          - Loading from cache: /assets/textures/background/meteor3.png
15:02:12.016 [JavaFX Application Thread] DEBUG AssetLoader          - Loading from cache: /assets/textures/explosion.png@1280.0x80.0
15:02:12.017 [JavaFX Application Thread] DEBUG AssetLoader          - Loading from cache: /assets/sounds/explosion.wav
15:02:12.017 [JavaFX Application Thread] DEBUG EventBus             - Firing event: com.almasb.fxglgames.spaceinvaders.event.GameEvent[source=javafx.event.Event$$Lambda$105/514542734@758fa2c2]
15:02:12.265 [JavaFX Application Thread] DEBUG AssetLoader          - Loading from cache: /assets/textures/laser1.png
15:02:12.266 [JavaFX Application Thread] DEBUG AssetLoader          - Loading from cache: /assets/sounds/shoot1.wav
15:02:12.499 [JavaFX Application Thread] DEBUG AssetLoader          - Loading from cache: /assets/textures/explosion.png@1280.0x80.0
15:02:12.499 [JavaFX Application Thread] DEBUG AssetLoader          - Loading from cache: /assets/sounds/explosion.wav
15:02:12.500 [JavaFX Application Thread] DEBUG EventBus             - Firing event: com.almasb.fxglgames.spaceinvaders.event.GameEvent[source=javafx.event.Event$$Lambda$105/514542734@758fa2c2]
15:02:12.500 [JavaFX Application Thread] DEBUG AssetLoader          - Loading from disk: /assets/textures/powerup_atk_rate.png
15:02:12.583 [JavaFX Application Thread] DEBUG AssetLoader          - Loading from cache: /assets/textures/tank_bullet.png
15:02:12.583 [JavaFX Application Thread] DEBUG AssetLoader          - Loading from cache: /assets/sounds/shoot2.wav
15:02:12.615 [JavaFX Application Thread] DEBUG AssetLoader          - Loading from cache: /assets/textures/laser1.png
15:02:12.616 [JavaFX Application Thread] DEBUG AssetLoader          - Loading from cache: /assets/sounds/shoot2.wav
15:02:12.965 [JavaFX Application Thread] DEBUG AssetLoader          - Loading from cache: /assets/textures/laser1.png
15:02:12.966 [JavaFX Application Thread] DEBUG AssetLoader          - Loading from cache: /assets/sounds/shoot1.wav
15:02:13.133 [JavaFX Application Thread] DEBUG AssetLoader          - Loading from cache: /assets/textures/explosion.png@1280.0x80.0
15:02:13.133 [JavaFX Application Thread] DEBUG AssetLoader          - Loading from cache: /assets/sounds/explosion.wav
15:02:13.133 [JavaFX Application Thread] DEBUG EventBus             - Firing event: com.almasb.fxglgames.spaceinvaders.event.GameEvent[source=javafx.event.Event$$Lambda$105/514542734@758fa2c2]
15:02:13.134 [JavaFX Application Thread] DEBUG AssetLoader          - Loading from disk: /assets/textures/life.png
15:02:13.315 [JavaFX Application Thread] DEBUG AssetLoader          - Loading from cache: /assets/textures/laser1.png
15:02:13.316 [JavaFX Application Thread] DEBUG AssetLoader          - Loading from cache: /assets/sounds/shoot2.wav
15:02:13.533 [JavaFX Application Thread] DEBUG AssetLoader          - Loading from cache: /assets/textures/explosion.png@1280.0x80.0
15:02:13.534 [JavaFX Application Thread] DEBUG AssetLoader          - Loading from cache: /assets/sounds/explosion.wav
15:02:13.534 [JavaFX Application Thread] DEBUG EventBus             - Firing event: com.almasb.fxglgames.spaceinvaders.event.GameEvent[source=javafx.event.Event$$Lambda$105/514542734@758fa2c2]
15:02:13.665 [JavaFX Application Thread] DEBUG AssetLoader          - Loading from cache: /assets/textures/laser1.png
15:02:13.666 [JavaFX Application Thread] DEBUG AssetLoader          - Loading from cache: /assets/sounds/shoot2.wav
15:02:13.833 [JavaFX Application Thread] DEBUG AssetLoader          - Loading from cache: /assets/textures/explosion.png@1280.0x80.0
15:02:13.833 [JavaFX Application Thread] DEBUG AssetLoader          - Loading from cache: /assets/sounds/explosion.wav
15:02:13.834 [JavaFX Application Thread] DEBUG EventBus             - Firing event: com.almasb.fxglgames.spaceinvaders.event.GameEvent[source=javafx.event.Event$$Lambda$105/514542734@758fa2c2]
15:02:14.016 [JavaFX Application Thread] DEBUG AssetLoader          - Loading from cache: /assets/textures/laser1.png
15:02:14.016 [JavaFX Application Thread] DEBUG AssetLoader          - Loading from cache: /assets/sounds/shoot1.wav
15:02:14.183 [JavaFX Application Thread] DEBUG AssetLoader          - Loading from cache: /assets/textures/explosion.png@1280.0x80.0
15:02:14.184 [JavaFX Application Thread] DEBUG AssetLoader          - Loading from cache: /assets/sounds/explosion.wav
15:02:14.184 [JavaFX Application Thread] DEBUG EventBus             - Firing event: com.almasb.fxglgames.spaceinvaders.event.GameEvent[source=javafx.event.Event$$Lambda$105/514542734@758fa2c2]
15:02:14.188 [JavaFX Application Thread] DEBUG AssetLoader          - Loading from cache: /assets/sounds/level.wav
15:02:14.999 [JavaFX Application Thread] DEBUG AssetLoader          - Loading from disk: /assets/textures/background/meteor4.png
15:02:15.699 [JavaFX Application Thread] DEBUG AssetLoader          - Loading from cache: /assets/textures/enemy1.png
15:02:15.705 [JavaFX Application Thread] DEBUG AssetLoader          - Loading from cache: /assets/textures/enemy3.png
15:02:15.706 [JavaFX Application Thread] DEBUG AssetLoader          - Loading from cache: /assets/textures/enemy2.png
15:02:15.707 [JavaFX Application Thread] DEBUG AssetLoader          - Loading from cache: /assets/textures/enemy2.png
15:02:15.708 [JavaFX Application Thread] DEBUG AssetLoader          - Loading from cache: /assets/textures/enemy3.png
15:02:15.709 [JavaFX Application Thread] DEBUG AssetLoader          - Loading from cache: /assets/textures/enemy1.png
15:02:15.710 [JavaFX Application Thread] DEBUG AssetLoader          - Loading from cache: /assets/textures/enemy1.png
15:02:15.711 [JavaFX Application Thread] DEBUG AssetLoader          - Loading from cache: /assets/textures/enemy2.png
15:02:15.712 [JavaFX Application Thread] DEBUG AssetLoader          - Loading from cache: /assets/textures/enemy3.png
15:02:15.712 [JavaFX Application Thread] DEBUG AssetLoader          - Loading from cache: /assets/textures/enemy1.png
15:02:15.713 [JavaFX Application Thread] DEBUG AssetLoader          - Loading from cache: /assets/textures/enemy2.png
15:02:15.714 [JavaFX Application Thread] DEBUG AssetLoader          - Loading from cache: /assets/textures/enemy3.png
15:02:15.715 [JavaFX Application Thread] DEBUG AssetLoader          - Loading from cache: /assets/textures/enemy3.png
15:02:15.716 [JavaFX Application Thread] DEBUG AssetLoader          - Loading from cache: /assets/textures/enemy3.png
15:02:15.716 [JavaFX Application Thread] DEBUG AssetLoader          - Loading from cache: /assets/textures/enemy3.png
15:02:15.717 [JavaFX Application Thread] DEBUG AssetLoader          - Loading from cache: /assets/textures/enemy2.png
15:02:15.718 [JavaFX Application Thread] DEBUG AssetLoader          - Loading from cache: /assets/textures/wall.png@77.0x34.0
15:02:15.719 [JavaFX Application Thread] DEBUG AssetLoader          - Loading from cache: /assets/textures/wall.png@77.0x34.0
15:02:15.720 [JavaFX Application Thread] DEBUG AssetLoader          - Loading from cache: /assets/textures/wall.png@77.0x34.0
15:02:15.720 [JavaFX Application Thread] DEBUG AssetLoader          - Loading from cache: /assets/textures/wall.png@77.0x34.0
15:02:16.149 [JavaFX Application Thread] DEBUG AssetLoader          - Loading from cache: /assets/textures/laser1.png
15:02:16.150 [JavaFX Application Thread] DEBUG AssetLoader          - Loading from cache: /assets/sounds/shoot3.wav
15:02:16.499 [JavaFX Application Thread] DEBUG AssetLoader          - Loading from cache: /assets/textures/laser1.png
15:02:16.499 [JavaFX Application Thread] DEBUG AssetLoader          - Loading from cache: /assets/sounds/shoot1.wav
15:02:16.849 [JavaFX Application Thread] DEBUG AssetLoader          - Loading from cache: /assets/textures/laser1.png
15:02:16.850 [JavaFX Application Thread] DEBUG AssetLoader          - Loading from cache: /assets/sounds/shoot1.wav
15:02:17.150 [JavaFX Application Thread] DEBUG AssetLoader          - Loading from cache: /assets/textures/explosion.png@1280.0x80.0
15:02:17.151 [JavaFX Application Thread] DEBUG AssetLoader          - Loading from cache: /assets/sounds/explosion.wav
15:02:17.151 [JavaFX Application Thread] DEBUG EventBus             - Firing event: com.almasb.fxglgames.spaceinvaders.event.GameEvent[source=javafx.event.Event$$Lambda$105/514542734@758fa2c2]
15:02:17.166 [JavaFX Application Thread] DEBUG AssetLoader          - Loading from cache: /assets/textures/explosion.png@1280.0x80.0
15:02:17.167 [JavaFX Application Thread] DEBUG AssetLoader          - Loading from cache: /assets/sounds/explosion.wav
15:02:17.167 [JavaFX Application Thread] DEBUG EventBus             - Firing event: com.almasb.fxglgames.spaceinvaders.event.GameEvent[source=javafx.event.Event$$Lambda$105/514542734@758fa2c2]
15:02:17.167 [JavaFX Application Thread] DEBUG AssetLoader          - Loading from cache: /assets/textures/bomb.png
15:02:17.168 [JavaFX Application Thread] DEBUG AssetLoader          - Loading from cache: /assets/textures/explosion.png@1280.0x80.0
15:02:17.168 [JavaFX Application Thread] DEBUG AssetLoader          - Loading from cache: /assets/sounds/explosion.wav
15:02:17.168 [JavaFX Application Thread] DEBUG EventBus             - Firing event: com.almasb.fxglgames.spaceinvaders.event.GameEvent[source=javafx.event.Event$$Lambda$105/514542734@758fa2c2]
15:02:17.169 [JavaFX Application Thread] DEBUG AssetLoader          - Loading from cache: /assets/textures/powerup_atk_rate.png
15:02:17.201 [JavaFX Application Thread] DEBUG AssetLoader          - Loading from cache: /assets/textures/explosion.png@1280.0x80.0
15:02:17.202 [JavaFX Application Thread] DEBUG AssetLoader          - Loading from cache: /assets/sounds/explosion.wav
15:02:17.202 [JavaFX Application Thread] DEBUG EventBus             - Firing event: com.almasb.fxglgames.spaceinvaders.event.GameEvent[source=javafx.event.Event$$Lambda$105/514542734@758fa2c2]
15:02:17.567 [JavaFX Application Thread] DEBUG AssetLoader          - Loading from cache: /assets/textures/laser1.png
15:02:17.567 [JavaFX Application Thread] DEBUG AssetLoader          - Loading from cache: /assets/sounds/shoot4.wav
15:02:17.916 [JavaFX Application Thread] DEBUG AssetLoader          - Loading from cache: /assets/textures/laser1.png
15:02:17.917 [JavaFX Application Thread] DEBUG AssetLoader          - Loading from cache: /assets/sounds/shoot3.wav
15:02:18.033 [JavaFX Application Thread] DEBUG AssetLoader          - Loading from cache: /assets/textures/background/meteor4.png
15:02:18.265 [JavaFX Application Thread] DEBUG AssetLoader          - Loading from cache: /assets/textures/laser1.png
15:02:18.266 [JavaFX Application Thread] DEBUG AssetLoader          - Loading from cache: /assets/sounds/shoot2.wav
15:02:18.616 [JavaFX Application Thread] DEBUG AssetLoader          - Loading from cache: /assets/textures/laser1.png
15:02:18.616 [JavaFX Application Thread] DEBUG AssetLoader          - Loading from cache: /assets/sounds/shoot3.wav
15:02:18.736 [JavaFX Application Thread] DEBUG AssetLoader          - Loading from cache: /assets/textures/tank_bullet.png
15:02:18.737 [JavaFX Application Thread] DEBUG AssetLoader          - Loading from cache: /assets/sounds/shoot1.wav
15:02:18.917 [JavaFX Application Thread] DEBUG AssetLoader          - Loading from cache: /assets/textures/explosion.png@1280.0x80.0
15:02:18.917 [JavaFX Application Thread] DEBUG AssetLoader          - Loading from cache: /assets/sounds/explosion.wav
15:02:18.917 [JavaFX Application Thread] DEBUG EventBus             - Firing event: com.almasb.fxglgames.spaceinvaders.event.GameEvent[source=javafx.event.Event$$Lambda$105/514542734@758fa2c2]
15:02:18.950 [JavaFX Application Thread] DEBUG AssetLoader          - Loading from cache: /assets/textures/explosion.png@1280.0x80.0
15:02:18.951 [JavaFX Application Thread] DEBUG AssetLoader          - Loading from cache: /assets/sounds/explosion.wav
15:02:18.951 [JavaFX Application Thread] DEBUG EventBus             - Firing event: com.almasb.fxglgames.spaceinvaders.event.GameEvent[source=javafx.event.Event$$Lambda$105/514542734@758fa2c2]
15:02:18.952 [JavaFX Application Thread] DEBUG AssetLoader          - Loading from cache: /assets/textures/explosion.png@1280.0x80.0
15:02:18.952 [JavaFX Application Thread] DEBUG AssetLoader          - Loading from cache: /assets/sounds/explosion.wav
15:02:18.952 [JavaFX Application Thread] DEBUG EventBus             - Firing event: com.almasb.fxglgames.spaceinvaders.event.GameEvent[source=javafx.event.Event$$Lambda$105/514542734@758fa2c2]
15:02:18.965 [JavaFX Application Thread] DEBUG AssetLoader          - Loading from cache: /assets/textures/laser1.png
15:02:18.966 [JavaFX Application Thread] DEBUG AssetLoader          - Loading from cache: /assets/sounds/shoot1.wav
15:02:19.316 [JavaFX Application Thread] DEBUG AssetLoader          - Loading from cache: /assets/textures/laser1.png
15:02:19.317 [JavaFX Application Thread] DEBUG AssetLoader          - Loading from cache: /assets/sounds/shoot2.wav
15:02:19.517 [JavaFX Application Thread] DEBUG AssetLoader          - Loading from cache: /assets/textures/laser_hit.png@15.0x15.0
15:02:19.666 [JavaFX Application Thread] DEBUG AssetLoader          - Loading from cache: /assets/textures/laser1.png
15:02:19.666 [JavaFX Application Thread] DEBUG AssetLoader          - Loading from cache: /assets/sounds/shoot2.wav
15:02:19.750 [JavaFX Application Thread] DEBUG AssetLoader          - Loading from cache: /assets/textures/tank_bullet.png
15:02:19.750 [JavaFX Application Thread] DEBUG AssetLoader          - Loading from cache: /assets/sounds/shoot1.wav
15:02:19.766 [JavaFX Application Thread] DEBUG AssetLoader          - Loading from cache: /assets/textures/tank_bullet.png
15:02:19.766 [JavaFX Application Thread] DEBUG AssetLoader          - Loading from cache: /assets/sounds/shoot3.wav
15:02:19.833 [JavaFX Application Thread] DEBUG AssetLoader          - Loading from cache: /assets/textures/laser_hit.png@15.0x15.0
15:02:20.016 [JavaFX Application Thread] DEBUG AssetLoader          - Loading from cache: /assets/textures/laser1.png
15:02:20.016 [JavaFX Application Thread] DEBUG AssetLoader          - Loading from cache: /assets/sounds/shoot3.wav
15:02:20.365 [JavaFX Application Thread] DEBUG AssetLoader          - Loading from cache: /assets/textures/laser1.png
15:02:20.366 [JavaFX Application Thread] DEBUG AssetLoader          - Loading from cache: /assets/sounds/shoot4.wav
15:02:20.716 [JavaFX Application Thread] DEBUG AssetLoader          - Loading from cache: /assets/textures/laser1.png
15:02:20.716 [JavaFX Application Thread] DEBUG AssetLoader          - Loading from cache: /assets/sounds/shoot1.wav
15:02:20.799 [JavaFX Application Thread] DEBUG AssetLoader          - Loading from cache: /assets/textures/tank_bullet.png
15:02:20.799 [JavaFX Application Thread] DEBUG AssetLoader          - Loading from cache: /assets/sounds/shoot3.wav
15:02:20.949 [JavaFX Application Thread] DEBUG AssetLoader          - Loading from cache: /assets/textures/tank_bullet.png
15:02:20.950 [JavaFX Application Thread] DEBUG AssetLoader          - Loading from cache: /assets/sounds/shoot2.wav
15:02:20.966 [JavaFX Application Thread] DEBUG EventBus             - Firing event: com.almasb.fxglgames.spaceinvaders.event.BonusPickupEvent[source=javafx.event.Event$$Lambda$105/514542734@758fa2c2]
15:02:20.966 [JavaFX Application Thread] DEBUG AssetLoader          - Loading from cache: /assets/textures/explosion.png@1280.0x80.0
15:02:20.967 [JavaFX Application Thread] DEBUG AssetLoader          - Loading from cache: /assets/sounds/explosion.wav
15:02:20.967 [JavaFX Application Thread] DEBUG EventBus             - Firing event: com.almasb.fxglgames.spaceinvaders.event.GameEvent[source=javafx.event.Event$$Lambda$105/514542734@758fa2c2]
15:02:20.967 [JavaFX Application Thread] DEBUG AssetLoader          - Loading from cache: /assets/textures/life.png
15:02:21.049 [JavaFX Application Thread] DEBUG AssetLoader          - Loading from cache: /assets/textures/background/meteor4.png
15:02:21.066 [JavaFX Application Thread] DEBUG AssetLoader          - Loading from cache: /assets/textures/laser1.png
15:02:21.066 [JavaFX Application Thread] DEBUG AssetLoader          - Loading from cache: /assets/sounds/shoot3.wav
15:02:21.116 [JavaFX Application Thread] DEBUG EventBus             - Firing event: com.almasb.fxglgames.spaceinvaders.event.BonusPickupEvent[source=javafx.event.Event$$Lambda$105/514542734@758fa2c2]
15:02:21.383 [JavaFX Application Thread] DEBUG AssetLoader          - Loading from cache: /assets/textures/laser1.png
15:02:21.383 [JavaFX Application Thread] DEBUG AssetLoader          - Loading from cache: /assets/sounds/shoot1.wav
15:02:21.699 [JavaFX Application Thread] DEBUG AssetLoader          - Loading from cache: /assets/textures/laser1.png
15:02:21.700 [JavaFX Application Thread] DEBUG AssetLoader          - Loading from cache: /assets/sounds/shoot2.wav
15:02:21.733 [JavaFX Application Thread] DEBUG AssetLoader          - Loading from cache: /assets/textures/tank_bullet.png
15:02:21.734 [JavaFX Application Thread] DEBUG AssetLoader          - Loading from cache: /assets/sounds/shoot4.wav
15:02:22.016 [JavaFX Application Thread] DEBUG AssetLoader          - Loading from cache: /assets/textures/laser1.png
15:02:22.016 [JavaFX Application Thread] DEBUG AssetLoader          - Loading from cache: /assets/sounds/shoot3.wav
15:02:22.333 [JavaFX Application Thread] DEBUG AssetLoader          - Loading from cache: /assets/textures/laser1.png
15:02:22.333 [JavaFX Application Thread] DEBUG AssetLoader          - Loading from cache: /assets/sounds/shoot4.wav
15:02:22.650 [JavaFX Application Thread] DEBUG AssetLoader          - Loading from cache: /assets/textures/laser1.png
15:02:22.650 [JavaFX Application Thread] DEBUG AssetLoader          - Loading from cache: /assets/sounds/shoot1.wav
15:02:22.933 [JavaFX Application Thread] DEBUG AssetLoader          - Loading from cache: /assets/textures/laser_hit.png@15.0x15.0
15:02:22.966 [JavaFX Application Thread] DEBUG AssetLoader          - Loading from cache: /assets/textures/laser1.png
15:02:22.967 [JavaFX Application Thread] DEBUG AssetLoader          - Loading from cache: /assets/sounds/shoot1.wav
15:02:23.266 [JavaFX Application Thread] DEBUG AssetLoader          - Loading from cache: /assets/textures/explosion.png@1280.0x80.0
15:02:23.267 [JavaFX Application Thread] DEBUG AssetLoader          - Loading from cache: /assets/sounds/explosion.wav
15:02:23.267 [JavaFX Application Thread] DEBUG EventBus             - Firing event: com.almasb.fxglgames.spaceinvaders.event.GameEvent[source=javafx.event.Event$$Lambda$105/514542734@758fa2c2]
15:02:23.283 [JavaFX Application Thread] DEBUG AssetLoader          - Loading from cache: /assets/textures/laser1.png
15:02:23.284 [JavaFX Application Thread] DEBUG AssetLoader          - Loading from cache: /assets/sounds/shoot3.wav
15:02:23.600 [JavaFX Application Thread] DEBUG AssetLoader          - Loading from cache: /assets/textures/laser1.png
15:02:23.600 [JavaFX Application Thread] DEBUG AssetLoader          - Loading from cache: /assets/sounds/shoot1.wav
15:02:23.916 [JavaFX Application Thread] DEBUG AssetLoader          - Loading from cache: /assets/textures/laser1.png
15:02:23.917 [JavaFX Application Thread] DEBUG AssetLoader          - Loading from cache: /assets/sounds/shoot2.wav
15:02:23.917 [JavaFX Application Thread] DEBUG AssetLoader          - Loading from cache: /assets/textures/laser_hit.png@15.0x15.0
15:02:24.066 [JavaFX Application Thread] DEBUG AssetLoader          - Loading from cache: /assets/textures/background/meteor1.png
15:02:24.232 [JavaFX Application Thread] DEBUG AssetLoader          - Loading from cache: /assets/textures/laser1.png
15:02:24.233 [JavaFX Application Thread] DEBUG AssetLoader          - Loading from cache: /assets/sounds/shoot4.wav
15:02:24.283 [JavaFX Application Thread] DEBUG AssetLoader          - Loading from cache: /assets/textures/explosion.png@1280.0x80.0
15:02:24.284 [JavaFX Application Thread] DEBUG AssetLoader          - Loading from cache: /assets/sounds/explosion.wav
15:02:24.284 [JavaFX Application Thread] DEBUG EventBus             - Firing event: com.almasb.fxglgames.spaceinvaders.event.GameEvent[source=javafx.event.Event$$Lambda$105/514542734@758fa2c2]
15:02:24.285 [JavaFX Application Thread] DEBUG AssetLoader          - Loading from cache: /assets/textures/powerup_atk_rate.png
15:02:24.533 [JavaFX Application Thread] DEBUG AssetLoader          - Loading from cache: /assets/textures/laser_hit.png@15.0x15.0
15:02:24.550 [JavaFX Application Thread] DEBUG AssetLoader          - Loading from cache: /assets/textures/laser1.png
15:02:24.550 [JavaFX Application Thread] DEBUG AssetLoader          - Loading from cache: /assets/sounds/shoot1.wav
15:02:24.833 [JavaFX Application Thread] DEBUG AssetLoader          - Loading from cache: /assets/textures/laser_hit.png@15.0x15.0
15:02:24.866 [JavaFX Application Thread] DEBUG AssetLoader          - Loading from cache: /assets/textures/laser1.png
15:02:24.866 [JavaFX Application Thread] DEBUG AssetLoader          - Loading from cache: /assets/sounds/shoot1.wav
15:02:25.150 [JavaFX Application Thread] DEBUG AssetLoader          - Loading from cache: /assets/textures/explosion.png@1280.0x80.0
15:02:25.150 [JavaFX Application Thread] DEBUG AssetLoader          - Loading from cache: /assets/sounds/explosion.wav
15:02:25.150 [JavaFX Application Thread] DEBUG EventBus             - Firing event: com.almasb.fxglgames.spaceinvaders.event.GameEvent[source=javafx.event.Event$$Lambda$105/514542734@758fa2c2]
15:02:25.182 [JavaFX Application Thread] DEBUG AssetLoader          - Loading from cache: /assets/textures/laser1.png
15:02:25.183 [JavaFX Application Thread] DEBUG AssetLoader          - Loading from cache: /assets/sounds/shoot4.wav
15:02:25.499 [JavaFX Application Thread] DEBUG AssetLoader          - Loading from cache: /assets/textures/laser1.png
15:02:25.500 [JavaFX Application Thread] DEBUG AssetLoader          - Loading from cache: /assets/sounds/shoot3.wav
15:02:25.500 [JavaFX Application Thread] DEBUG AssetLoader          - Loading from cache: /assets/textures/explosion.png@1280.0x80.0
15:02:25.501 [JavaFX Application Thread] DEBUG AssetLoader          - Loading from cache: /assets/sounds/explosion.wav
15:02:25.501 [JavaFX Application Thread] DEBUG EventBus             - Firing event: com.almasb.fxglgames.spaceinvaders.event.GameEvent[source=javafx.event.Event$$Lambda$105/514542734@758fa2c2]
15:02:25.699 [JavaFX Application Thread] DEBUG EventBus             - Firing event: com.almasb.fxglgames.spaceinvaders.event.BonusPickupEvent[source=javafx.event.Event$$Lambda$105/514542734@758fa2c2]
15:02:25.699 [JavaFX Application Thread] DEBUG AssetLoader          - Loading from cache: /assets/textures/life.png@16.0x16.0
15:02:25.816 [JavaFX Application Thread] DEBUG AssetLoader          - Loading from cache: /assets/textures/laser1.png
15:02:25.817 [JavaFX Application Thread] DEBUG AssetLoader          - Loading from cache: /assets/sounds/shoot2.wav
15:02:26.117 [JavaFX Application Thread] DEBUG AssetLoader          - Loading from cache: /assets/textures/explosion.png@1280.0x80.0
15:02:26.117 [JavaFX Application Thread] DEBUG AssetLoader          - Loading from cache: /assets/sounds/explosion.wav
15:02:26.117 [JavaFX Application Thread] DEBUG EventBus             - Firing event: com.almasb.fxglgames.spaceinvaders.event.GameEvent[source=javafx.event.Event$$Lambda$105/514542734@758fa2c2]
15:02:26.118 [JavaFX Application Thread] DEBUG AssetLoader          - Loading from cache: /assets/textures/bomb.png
15:02:26.433 [JavaFX Application Thread] DEBUG AssetLoader          - Loading from cache: /assets/textures/laser_hit.png@15.0x15.0
15:02:27.083 [JavaFX Application Thread] DEBUG AssetLoader          - Loading from cache: /assets/textures/background/meteor3.png
15:02:27.584 [JavaFX Application Thread] DEBUG AssetLoader          - Loading from cache: /assets/textures/laser1.png
15:02:27.585 [JavaFX Application Thread] DEBUG AssetLoader          - Loading from cache: /assets/sounds/shoot2.wav
15:02:27.899 [JavaFX Application Thread] DEBUG AssetLoader          - Loading from cache: /assets/textures/laser1.png
15:02:27.899 [JavaFX Application Thread] DEBUG AssetLoader          - Loading from cache: /assets/sounds/shoot4.wav
15:02:28.216 [JavaFX Application Thread] DEBUG AssetLoader          - Loading from cache: /assets/textures/laser1.png
15:02:28.216 [JavaFX Application Thread] DEBUG AssetLoader          - Loading from cache: /assets/sounds/shoot2.wav
15:02:28.517 [JavaFX Application Thread] DEBUG EventBus             - Firing event: com.almasb.fxglgames.spaceinvaders.event.BonusPickupEvent[source=javafx.event.Event$$Lambda$105/514542734@758fa2c2]
15:02:28.533 [JavaFX Application Thread] DEBUG AssetLoader          - Loading from cache: /assets/textures/laser1.png
15:02:28.534 [JavaFX Application Thread] DEBUG AssetLoader          - Loading from cache: /assets/sounds/shoot1.wav
15:02:28.833 [JavaFX Application Thread] DEBUG AssetLoader          - Loading from cache: /assets/textures/laser1.png
15:02:28.834 [JavaFX Application Thread] DEBUG AssetLoader          - Loading from cache: /assets/sounds/shoot1.wav
15:02:29.134 [JavaFX Application Thread] DEBUG AssetLoader          - Loading from cache: /assets/textures/laser1.png
15:02:29.134 [JavaFX Application Thread] DEBUG AssetLoader          - Loading from cache: /assets/sounds/shoot2.wav
15:02:29.433 [JavaFX Application Thread] DEBUG AssetLoader          - Loading from cache: /assets/textures/laser1.png
15:02:29.434 [JavaFX Application Thread] DEBUG AssetLoader          - Loading from cache: /assets/sounds/shoot1.wav
15:02:29.733 [JavaFX Application Thread] DEBUG AssetLoader          - Loading from cache: /assets/textures/laser1.png
15:02:29.733 [JavaFX Application Thread] DEBUG AssetLoader          - Loading from cache: /assets/sounds/shoot3.wav
15:02:30.033 [JavaFX Application Thread] DEBUG AssetLoader          - Loading from cache: /assets/textures/laser1.png
15:02:30.033 [JavaFX Application Thread] DEBUG AssetLoader          - Loading from cache: /assets/sounds/shoot1.wav
15:02:30.100 [JavaFX Application Thread] DEBUG AssetLoader          - Loading from cache: /assets/textures/background/meteor1.png
15:02:30.333 [JavaFX Application Thread] DEBUG AssetLoader          - Loading from cache: /assets/textures/laser1.png
15:02:30.333 [JavaFX Application Thread] DEBUG AssetLoader          - Loading from cache: /assets/sounds/shoot2.wav
15:02:30.351 [JavaFX Application Thread] DEBUG AssetLoader          - Loading from cache: /assets/textures/explosion.png@1280.0x80.0
15:02:30.351 [JavaFX Application Thread] DEBUG AssetLoader          - Loading from cache: /assets/sounds/explosion.wav
15:02:30.351 [JavaFX Application Thread] DEBUG EventBus             - Firing event: com.almasb.fxglgames.spaceinvaders.event.GameEvent[source=javafx.event.Event$$Lambda$105/514542734@758fa2c2]
15:02:30.633 [JavaFX Application Thread] DEBUG AssetLoader          - Loading from cache: /assets/textures/laser1.png
15:02:30.633 [JavaFX Application Thread] DEBUG AssetLoader          - Loading from cache: /assets/sounds/shoot4.wav
15:02:30.933 [JavaFX Application Thread] DEBUG AssetLoader          - Loading from cache: /assets/textures/laser1.png
15:02:30.933 [JavaFX Application Thread] DEBUG AssetLoader          - Loading from cache: /assets/sounds/shoot4.wav
15:02:30.967 [JavaFX Application Thread] DEBUG AssetLoader          - Loading from cache: /assets/textures/laser_hit.png@15.0x15.0
15:02:31.233 [JavaFX Application Thread] DEBUG AssetLoader          - Loading from cache: /assets/textures/laser1.png
15:02:31.234 [JavaFX Application Thread] DEBUG AssetLoader          - Loading from cache: /assets/sounds/shoot1.wav
15:02:31.283 [JavaFX Application Thread] DEBUG AssetLoader          - Loading from cache: /assets/textures/explosion.png@1280.0x80.0
15:02:31.283 [JavaFX Application Thread] DEBUG AssetLoader          - Loading from cache: /assets/sounds/explosion.wav
15:02:31.283 [JavaFX Application Thread] DEBUG EventBus             - Firing event: com.almasb.fxglgames.spaceinvaders.event.GameEvent[source=javafx.event.Event$$Lambda$105/514542734@758fa2c2]
15:02:31.533 [JavaFX Application Thread] DEBUG AssetLoader          - Loading from cache: /assets/textures/laser1.png
15:02:31.534 [JavaFX Application Thread] DEBUG AssetLoader          - Loading from cache: /assets/sounds/shoot4.wav
15:02:31.833 [JavaFX Application Thread] DEBUG AssetLoader          - Loading from cache: /assets/textures/laser1.png
15:02:31.834 [JavaFX Application Thread] DEBUG AssetLoader          - Loading from cache: /assets/sounds/shoot1.wav
15:02:32.133 [JavaFX Application Thread] DEBUG AssetLoader          - Loading from cache: /assets/textures/laser1.png
15:02:32.134 [JavaFX Application Thread] DEBUG AssetLoader          - Loading from cache: /assets/sounds/shoot2.wav
15:02:32.433 [JavaFX Application Thread] DEBUG AssetLoader          - Loading from cache: /assets/textures/laser1.png
15:02:32.434 [JavaFX Application Thread] DEBUG AssetLoader          - Loading from cache: /assets/sounds/shoot2.wav
15:02:32.733 [JavaFX Application Thread] DEBUG AssetLoader          - Loading from cache: /assets/textures/laser1.png
15:02:32.734 [JavaFX Application Thread] DEBUG AssetLoader          - Loading from cache: /assets/sounds/shoot3.wav
15:02:32.933 [JavaFX Application Thread] DEBUG AssetLoader          - Loading from cache: /assets/textures/laser_hit.png@15.0x15.0
15:02:33.033 [JavaFX Application Thread] DEBUG AssetLoader          - Loading from cache: /assets/textures/laser1.png
15:02:33.033 [JavaFX Application Thread] DEBUG AssetLoader          - Loading from cache: /assets/sounds/shoot4.wav
15:02:33.117 [JavaFX Application Thread] DEBUG AssetLoader          - Loading from cache: /assets/textures/background/meteor2.png
15:02:33.251 [JavaFX Application Thread] DEBUG AssetLoader          - Loading from cache: /assets/textures/explosion.png@1280.0x80.0
15:02:33.251 [JavaFX Application Thread] DEBUG AssetLoader          - Loading from cache: /assets/sounds/explosion.wav
15:02:33.251 [JavaFX Application Thread] DEBUG EventBus             - Firing event: com.almasb.fxglgames.spaceinvaders.event.GameEvent[source=javafx.event.Event$$Lambda$105/514542734@758fa2c2]
15:02:33.252 [JavaFX Application Thread] DEBUG AssetLoader          - Loading from cache: /assets/textures/powerup_atk_rate.png
15:02:33.254 [JavaFX Application Thread] DEBUG AssetLoader          - Loading from cache: /assets/sounds/level.wav
15:02:34.767 [JavaFX Application Thread] DEBUG AssetLoader          - Loading from cache: /assets/textures/enemy2.png
15:02:34.768 [JavaFX Application Thread] DEBUG AssetLoader          - Loading from cache: /assets/textures/enemy2.png
15:02:34.768 [JavaFX Application Thread] DEBUG AssetLoader          - Loading from cache: /assets/textures/enemy3.png
15:02:34.768 [JavaFX Application Thread] DEBUG AssetLoader          - Loading from cache: /assets/textures/enemy1.png
15:02:34.769 [JavaFX Application Thread] DEBUG AssetLoader          - Loading from cache: /assets/textures/enemy1.png
15:02:34.769 [JavaFX Application Thread] DEBUG AssetLoader          - Loading from cache: /assets/textures/enemy1.png
15:02:34.769 [JavaFX Application Thread] DEBUG AssetLoader          - Loading from cache: /assets/textures/enemy2.png
15:02:34.770 [JavaFX Application Thread] DEBUG AssetLoader          - Loading from cache: /assets/textures/enemy3.png
15:02:34.770 [JavaFX Application Thread] DEBUG AssetLoader          - Loading from cache: /assets/textures/enemy3.png
15:02:34.771 [JavaFX Application Thread] DEBUG AssetLoader          - Loading from cache: /assets/textures/enemy2.png
15:02:34.771 [JavaFX Application Thread] DEBUG AssetLoader          - Loading from cache: /assets/textures/enemy2.png
15:02:34.772 [JavaFX Application Thread] DEBUG AssetLoader          - Loading from cache: /assets/textures/enemy2.png
15:02:34.772 [JavaFX Application Thread] DEBUG AssetLoader          - Loading from cache: /assets/textures/enemy3.png
15:02:34.773 [JavaFX Application Thread] DEBUG AssetLoader          - Loading from cache: /assets/textures/enemy1.png
15:02:34.773 [JavaFX Application Thread] DEBUG AssetLoader          - Loading from cache: /assets/textures/enemy3.png
15:02:34.774 [JavaFX Application Thread] DEBUG AssetLoader          - Loading from cache: /assets/textures/enemy1.png
15:02:34.774 [JavaFX Application Thread] DEBUG AssetLoader          - Loading from cache: /assets/textures/wall.png@77.0x34.0
15:02:34.774 [JavaFX Application Thread] DEBUG AssetLoader          - Loading from cache: /assets/textures/wall.png@77.0x34.0
15:02:34.775 [JavaFX Application Thread] DEBUG AssetLoader          - Loading from cache: /assets/textures/wall.png@77.0x34.0
15:02:34.775 [JavaFX Application Thread] DEBUG AssetLoader          - Loading from cache: /assets/textures/wall.png@77.0x34.0
15:02:35.102 [JavaFX Application Thread] DEBUG AssetLoader          - Loading from cache: /assets/textures/laser1.png
15:02:35.102 [JavaFX Application Thread] DEBUG AssetLoader          - Loading from cache: /assets/sounds/shoot3.wav
15:02:35.400 [JavaFX Application Thread] DEBUG AssetLoader          - Loading from cache: /assets/textures/laser1.png
15:02:35.401 [JavaFX Application Thread] DEBUG AssetLoader          - Loading from cache: /assets/sounds/shoot4.wav
15:02:35.701 [JavaFX Application Thread] DEBUG AssetLoader          - Loading from cache: /assets/textures/laser1.png
15:02:35.701 [JavaFX Application Thread] DEBUG AssetLoader          - Loading from cache: /assets/sounds/shoot3.wav
15:02:35.851 [JavaFX Application Thread] DEBUG AssetLoader          - Loading from cache: /assets/textures/laser_hit.png@15.0x15.0
15:02:36.134 [JavaFX Application Thread] DEBUG AssetLoader          - Loading from cache: /assets/textures/background/meteor1.png
15:02:36.784 [JavaFX Application Thread] DEBUG AssetLoader          - Loading from cache: /assets/textures/tank_bullet.png
15:02:36.785 [JavaFX Application Thread] DEBUG AssetLoader          - Loading from cache: /assets/sounds/shoot2.wav
15:02:36.785 [JavaFX Application Thread] DEBUG AssetLoader          - Loading from cache: /assets/textures/tank_bullet.png
15:02:36.785 [JavaFX Application Thread] DEBUG AssetLoader          - Loading from cache: /assets/sounds/shoot4.wav
15:02:36.785 [JavaFX Application Thread] DEBUG AssetLoader          - Loading from cache: /assets/textures/tank_bullet.png
15:02:36.785 [JavaFX Application Thread] DEBUG AssetLoader          - Loading from cache: /assets/sounds/shoot4.wav
15:02:36.786 [JavaFX Application Thread] DEBUG AssetLoader          - Loading from cache: /assets/textures/tank_bullet.png
15:02:36.786 [JavaFX Application Thread] DEBUG AssetLoader          - Loading from cache: /assets/sounds/shoot3.wav
15:02:36.786 [JavaFX Application Thread] DEBUG AssetLoader          - Loading from cache: /assets/textures/tank_bullet.png
15:02:36.787 [JavaFX Application Thread] DEBUG AssetLoader          - Loading from cache: /assets/sounds/shoot1.wav
15:02:36.787 [JavaFX Application Thread] DEBUG AssetLoader          - Loading from cache: /assets/textures/tank_bullet.png
15:02:36.787 [JavaFX Application Thread] DEBUG AssetLoader          - Loading from cache: /assets/sounds/shoot3.wav
15:02:36.868 [JavaFX Application Thread] DEBUG AssetLoader          - Loading from disk: /assets/textures/wall2.png
15:02:36.875 [JavaFX Application Thread] DEBUG AssetLoader          - Loading from disk: /assets/sounds/brick_hit.wav
15:02:36.918 [JavaFX Application Thread] DEBUG AssetLoader          - Loading from cache: /assets/textures/laser1.png
15:02:36.919 [JavaFX Application Thread] DEBUG AssetLoader          - Loading from cache: /assets/sounds/shoot3.wav
15:02:37.068 [JavaFX Application Thread] DEBUG AssetLoader          - Loading from cache: /assets/textures/explosion.png@1280.0x80.0
15:02:37.068 [JavaFX Application Thread] DEBUG AssetLoader          - Loading from cache: /assets/sounds/explosion.wav
15:02:37.068 [JavaFX Application Thread] DEBUG EventBus             - Firing event: com.almasb.fxglgames.spaceinvaders.event.GameEvent[source=javafx.event.Event$$Lambda$105/514542734@758fa2c2]
15:02:37.069 [JavaFX Application Thread] DEBUG AssetLoader          - Loading from cache: /assets/textures/life.png
15:02:37.218 [JavaFX Application Thread] DEBUG AssetLoader          - Loading from cache: /assets/textures/laser1.png
15:02:37.218 [JavaFX Application Thread] DEBUG AssetLoader          - Loading from cache: /assets/sounds/shoot1.wav
15:02:37.518 [JavaFX Application Thread] DEBUG AssetLoader          - Loading from cache: /assets/textures/laser1.png
15:02:37.518 [JavaFX Application Thread] DEBUG AssetLoader          - Loading from cache: /assets/sounds/shoot1.wav
15:02:37.667 [JavaFX Application Thread] DEBUG AssetLoader          - Loading from cache: /assets/textures/laser_hit.png@15.0x15.0
15:02:37.818 [JavaFX Application Thread] DEBUG AssetLoader          - Loading from cache: /assets/textures/laser1.png
15:02:37.818 [JavaFX Application Thread] DEBUG AssetLoader          - Loading from cache: /assets/sounds/shoot2.wav
15:02:37.968 [JavaFX Application Thread] DEBUG AssetLoader          - Loading from cache: /assets/textures/laser_hit.png@15.0x15.0
15:02:38.118 [JavaFX Application Thread] DEBUG AssetLoader          - Loading from cache: /assets/textures/laser1.png
15:02:38.118 [JavaFX Application Thread] DEBUG AssetLoader          - Loading from cache: /assets/sounds/shoot2.wav
15:02:38.268 [JavaFX Application Thread] DEBUG AssetLoader          - Loading from cache: /assets/textures/explosion.png@1280.0x80.0
15:02:38.268 [JavaFX Application Thread] DEBUG AssetLoader          - Loading from cache: /assets/sounds/explosion.wav
15:02:38.268 [JavaFX Application Thread] DEBUG EventBus             - Firing event: com.almasb.fxglgames.spaceinvaders.event.GameEvent[source=javafx.event.Event$$Lambda$105/514542734@758fa2c2]
15:02:38.418 [JavaFX Application Thread] DEBUG AssetLoader          - Loading from cache: /assets/textures/laser1.png
15:02:38.418 [JavaFX Application Thread] DEBUG AssetLoader          - Loading from cache: /assets/sounds/shoot2.wav
15:02:38.568 [JavaFX Application Thread] DEBUG AssetLoader          - Loading from cache: /assets/textures/explosion.png@1280.0x80.0
15:02:38.568 [JavaFX Application Thread] DEBUG AssetLoader          - Loading from cache: /assets/sounds/explosion.wav
15:02:38.569 [JavaFX Application Thread] DEBUG EventBus             - Firing event: com.almasb.fxglgames.spaceinvaders.event.GameEvent[source=javafx.event.Event$$Lambda$105/514542734@758fa2c2]
15:02:38.569 [JavaFX Application Thread] DEBUG AssetLoader          - Loading from cache: /assets/textures/bonus_weapon.png
15:02:38.718 [JavaFX Application Thread] DEBUG AssetLoader          - Loading from cache: /assets/textures/laser1.png
15:02:38.718 [JavaFX Application Thread] DEBUG AssetLoader          - Loading from cache: /assets/sounds/shoot4.wav
15:02:38.868 [JavaFX Application Thread] DEBUG AssetLoader          - Loading from cache: /assets/textures/laser_hit.png@15.0x15.0
15:02:39.018 [JavaFX Application Thread] DEBUG AssetLoader          - Loading from cache: /assets/textures/laser1.png
15:02:39.018 [JavaFX Application Thread] DEBUG AssetLoader          - Loading from cache: /assets/sounds/shoot2.wav
15:02:39.168 [JavaFX Application Thread] DEBUG AssetLoader          - Loading from cache: /assets/textures/background/meteor4.png
15:02:39.169 [JavaFX Application Thread] DEBUG AssetLoader          - Loading from cache: /assets/textures/explosion.png@1280.0x80.0
15:02:39.169 [JavaFX Application Thread] DEBUG AssetLoader          - Loading from cache: /assets/sounds/explosion.wav
15:02:39.169 [JavaFX Application Thread] DEBUG EventBus             - Firing event: com.almasb.fxglgames.spaceinvaders.event.GameEvent[source=javafx.event.Event$$Lambda$105/514542734@758fa2c2]
15:02:39.169 [JavaFX Application Thread] DEBUG AssetLoader          - Loading from cache: /assets/textures/life.png
15:02:40.084 [JavaFX Application Thread] DEBUG AssetLoader          - Loading from cache: /assets/textures/tank_bullet.png
15:02:40.085 [JavaFX Application Thread] DEBUG AssetLoader          - Loading from cache: /assets/sounds/shoot4.wav
15:02:40.585 [JavaFX Application Thread] DEBUG AssetLoader          - Loading from cache: /assets/textures/tank_bullet.png
15:02:40.585 [JavaFX Application Thread] DEBUG AssetLoader          - Loading from cache: /assets/sounds/shoot3.wav
15:02:41.617 [JavaFX Application Thread] DEBUG AssetLoader          - Loading from cache: /assets/textures/tank_bullet.png
15:02:41.617 [JavaFX Application Thread] DEBUG AssetLoader          - Loading from cache: /assets/sounds/shoot4.wav
15:02:41.635 [JavaFX Application Thread] DEBUG AssetLoader          - Loading from cache: /assets/textures/tank_bullet.png
15:02:41.635 [JavaFX Application Thread] DEBUG AssetLoader          - Loading from cache: /assets/sounds/shoot2.wav
15:02:41.801 [JavaFX Application Thread] DEBUG AssetLoader          - Loading from cache: /assets/textures/tank_bullet.png
15:02:41.802 [JavaFX Application Thread] DEBUG AssetLoader          - Loading from cache: /assets/sounds/shoot1.wav
15:02:42.084 [JavaFX Application Thread] DEBUG AssetLoader          - Loading from cache: /assets/textures/tank_bullet.png
15:02:42.085 [JavaFX Application Thread] DEBUG AssetLoader          - Loading from cache: /assets/sounds/shoot2.wav
15:02:42.185 [JavaFX Application Thread] DEBUG AssetLoader          - Loading from cache: /assets/textures/background/meteor4.png
15:02:42.384 [JavaFX Application Thread] DEBUG AssetLoader          - Loading from cache: /assets/textures/tank_bullet.png
15:02:42.385 [JavaFX Application Thread] DEBUG AssetLoader          - Loading from cache: /assets/sounds/shoot3.wav
15:02:42.485 [JavaFX Application Thread] DEBUG EventBus             - Firing event: com.almasb.fxglgames.spaceinvaders.event.BonusPickupEvent[source=javafx.event.Event$$Lambda$105/514542734@758fa2c2]
15:02:42.485 [JavaFX Application Thread] DEBUG AssetLoader          - Loading from cache: /assets/textures/explosion.png@1280.0x80.0
15:02:42.486 [JavaFX Application Thread] DEBUG AssetLoader          - Loading from cache: /assets/sounds/explosion.wav
15:02:42.486 [JavaFX Application Thread] DEBUG EventBus             - Firing event: com.almasb.fxglgames.spaceinvaders.event.GameEvent[source=javafx.event.Event$$Lambda$105/514542734@758fa2c2]
15:02:42.486 [JavaFX Application Thread] DEBUG AssetLoader          - Loading from cache: /assets/textures/life.png
15:02:42.517 [JavaFX Application Thread] DEBUG AssetLoader          - Loading from cache: /assets/textures/tank_bullet.png
15:02:42.518 [JavaFX Application Thread] DEBUG AssetLoader          - Loading from cache: /assets/sounds/shoot2.wav
15:02:42.551 [JavaFX Application Thread] DEBUG AssetLoader          - Loading from cache: /assets/textures/tank_bullet.png
15:02:42.552 [JavaFX Application Thread] DEBUG AssetLoader          - Loading from cache: /assets/sounds/shoot2.wav
15:02:42.584 [JavaFX Application Thread] DEBUG AssetLoader          - Loading from cache: /assets/textures/tank_bullet.png
15:02:42.585 [JavaFX Application Thread] DEBUG AssetLoader          - Loading from cache: /assets/sounds/shoot2.wav
15:02:42.635 [JavaFX Application Thread] DEBUG AssetLoader          - Loading from cache: /assets/textures/wall2.png@77.0x34.0
15:02:42.635 [JavaFX Application Thread] DEBUG AssetLoader          - Loading from cache: /assets/sounds/brick_hit.wav
15:02:43.318 [JavaFX Application Thread] DEBUG AssetLoader          - Loading from cache: /assets/textures/laser1.png
15:02:43.319 [JavaFX Application Thread] DEBUG AssetLoader          - Loading from cache: /assets/sounds/shoot1.wav
15:02:43.468 [JavaFX Application Thread] DEBUG AssetLoader          - Loading from cache: /assets/textures/laser_hit.png@15.0x15.0
15:02:43.585 [JavaFX Application Thread] DEBUG AssetLoader          - Loading from cache: /assets/textures/tank_bullet.png
15:02:43.585 [JavaFX Application Thread] DEBUG AssetLoader          - Loading from cache: /assets/sounds/shoot1.wav
15:02:43.618 [JavaFX Application Thread] DEBUG AssetLoader          - Loading from cache: /assets/textures/laser1.png
15:02:43.619 [JavaFX Application Thread] DEBUG AssetLoader          - Loading from cache: /assets/sounds/shoot4.wav
15:02:43.769 [JavaFX Application Thread] DEBUG AssetLoader          - Loading from cache: /assets/textures/laser_hit.png@15.0x15.0
15:02:43.835 [JavaFX Application Thread] DEBUG AssetLoader          - Loading from cache: /assets/textures/tank_bullet.png
15:02:43.835 [JavaFX Application Thread] DEBUG AssetLoader          - Loading from cache: /assets/sounds/shoot1.wav
15:02:43.918 [JavaFX Application Thread] DEBUG AssetLoader          - Loading from cache: /assets/textures/laser1.png
15:02:43.919 [JavaFX Application Thread] DEBUG AssetLoader          - Loading from cache: /assets/sounds/shoot1.wav
15:02:44.068 [JavaFX Application Thread] DEBUG AssetLoader          - Loading from cache: /assets/textures/explosion.png@1280.0x80.0
15:02:44.069 [JavaFX Application Thread] DEBUG AssetLoader          - Loading from cache: /assets/sounds/explosion.wav
15:02:44.069 [JavaFX Application Thread] DEBUG EventBus             - Firing event: com.almasb.fxglgames.spaceinvaders.event.GameEvent[source=javafx.event.Event$$Lambda$105/514542734@758fa2c2]
15:02:44.069 [JavaFX Application Thread] DEBUG AssetLoader          - Loading from cache: /assets/textures/powerup_atk_rate.png
15:02:44.152 [JavaFX Application Thread] DEBUG AssetLoader          - Loading from cache: /assets/textures/tank_bullet.png
15:02:44.152 [JavaFX Application Thread] DEBUG AssetLoader          - Loading from cache: /assets/sounds/shoot4.wav
15:02:44.218 [JavaFX Application Thread] DEBUG AssetLoader          - Loading from cache: /assets/textures/laser1.png
15:02:44.219 [JavaFX Application Thread] DEBUG AssetLoader          - Loading from cache: /assets/sounds/shoot2.wav
15:02:44.369 [JavaFX Application Thread] DEBUG AssetLoader          - Loading from cache: /assets/textures/laser_hit.png@15.0x15.0
15:02:44.518 [JavaFX Application Thread] DEBUG AssetLoader          - Loading from cache: /assets/textures/laser1.png
15:02:44.519 [JavaFX Application Thread] DEBUG AssetLoader          - Loading from cache: /assets/sounds/shoot1.wav
15:02:44.668 [JavaFX Application Thread] DEBUG AssetLoader          - Loading from cache: /assets/textures/explosion.png@1280.0x80.0
15:02:44.668 [JavaFX Application Thread] DEBUG AssetLoader          - Loading from cache: /assets/sounds/explosion.wav
15:02:44.668 [JavaFX Application Thread] DEBUG EventBus             - Firing event: com.almasb.fxglgames.spaceinvaders.event.GameEvent[source=javafx.event.Event$$Lambda$105/514542734@758fa2c2]
15:02:44.768 [JavaFX Application Thread] DEBUG AssetLoader          - Loading from cache: /assets/textures/tank_bullet.png
15:02:44.769 [JavaFX Application Thread] DEBUG AssetLoader          - Loading from cache: /assets/sounds/shoot1.wav
15:02:44.819 [JavaFX Application Thread] DEBUG AssetLoader          - Loading from cache: /assets/textures/laser1.png
15:02:44.819 [JavaFX Application Thread] DEBUG AssetLoader          - Loading from cache: /assets/sounds/shoot1.wav
15:02:45.118 [JavaFX Application Thread] DEBUG AssetLoader          - Loading from cache: /assets/textures/laser1.png
15:02:45.119 [JavaFX Application Thread] DEBUG AssetLoader          - Loading from cache: /assets/sounds/shoot1.wav
15:02:45.202 [JavaFX Application Thread] DEBUG AssetLoader          - Loading from cache: /assets/textures/background/meteor1.png
15:02:45.269 [JavaFX Application Thread] DEBUG AssetLoader          - Loading from cache: /assets/textures/explosion.png@1280.0x80.0
15:02:45.269 [JavaFX Application Thread] DEBUG AssetLoader          - Loading from cache: /assets/sounds/explosion.wav
15:02:45.269 [JavaFX Application Thread] DEBUG EventBus             - Firing event: com.almasb.fxglgames.spaceinvaders.event.GameEvent[source=javafx.event.Event$$Lambda$105/514542734@758fa2c2]
15:02:45.270 [JavaFX Application Thread] DEBUG AssetLoader          - Loading from cache: /assets/textures/bonus_weapon.png
15:02:45.418 [JavaFX Application Thread] DEBUG AssetLoader          - Loading from cache: /assets/textures/laser1.png
15:02:45.419 [JavaFX Application Thread] DEBUG AssetLoader          - Loading from cache: /assets/sounds/shoot1.wav
15:02:45.718 [JavaFX Application Thread] DEBUG AssetLoader          - Loading from cache: /assets/textures/laser1.png
15:02:45.719 [JavaFX Application Thread] DEBUG AssetLoader          - Loading from cache: /assets/sounds/shoot2.wav
15:02:45.802 [JavaFX Application Thread] DEBUG AssetLoader          - Loading from cache: /assets/textures/tank_bullet.png
15:02:45.802 [JavaFX Application Thread] DEBUG AssetLoader          - Loading from cache: /assets/sounds/shoot2.wav
15:02:47.752 [JavaFX Application Thread] DEBUG EventBus             - Firing event: com.almasb.fxglgames.spaceinvaders.event.BonusPickupEvent[source=javafx.event.Event$$Lambda$105/514542734@758fa2c2]
15:02:48.219 [JavaFX Application Thread] DEBUG AssetLoader          - Loading from cache: /assets/textures/background/meteor2.png
15:02:48.802 [JavaFX Application Thread] DEBUG AssetLoader          - Loading from cache: /assets/textures/tank_bullet.png
15:02:48.803 [JavaFX Application Thread] DEBUG AssetLoader          - Loading from cache: /assets/sounds/shoot2.wav
15:02:49.185 [JavaFX Application Thread] DEBUG EventBus             - Firing event: com.almasb.fxglgames.spaceinvaders.event.BonusPickupEvent[source=javafx.event.Event$$Lambda$105/514542734@758fa2c2]
15:02:49.185 [JavaFX Application Thread] DEBUG AssetLoader          - Loading from cache: /assets/textures/explosion.png@1280.0x80.0
15:02:49.186 [JavaFX Application Thread] DEBUG AssetLoader          - Loading from cache: /assets/sounds/explosion.wav
15:02:49.186 [JavaFX Application Thread] DEBUG EventBus             - Firing event: com.almasb.fxglgames.spaceinvaders.event.GameEvent[source=javafx.event.Event$$Lambda$105/514542734@758fa2c2]
15:02:49.186 [JavaFX Application Thread] DEBUG AssetLoader          - Loading from cache: /assets/textures/bonus_weapon.png
15:02:49.187 [JavaFX Application Thread] DEBUG AssetLoader          - Loading from cache: /assets/textures/explosion.png@1280.0x80.0
15:02:49.187 [JavaFX Application Thread] DEBUG AssetLoader          - Loading from cache: /assets/sounds/explosion.wav
15:02:49.187 [JavaFX Application Thread] DEBUG EventBus             - Firing event: com.almasb.fxglgames.spaceinvaders.event.GameEvent[source=javafx.event.Event$$Lambda$105/514542734@758fa2c2]
15:02:49.188 [JavaFX Application Thread] DEBUG AssetLoader          - Loading from cache: /assets/textures/explosion.png@1280.0x80.0
15:02:49.188 [JavaFX Application Thread] DEBUG AssetLoader          - Loading from cache: /assets/sounds/explosion.wav
15:02:49.188 [JavaFX Application Thread] DEBUG EventBus             - Firing event: com.almasb.fxglgames.spaceinvaders.event.GameEvent[source=javafx.event.Event$$Lambda$105/514542734@758fa2c2]
15:02:49.188 [JavaFX Application Thread] DEBUG AssetLoader          - Loading from cache: /assets/textures/explosion.png@1280.0x80.0
15:02:49.189 [JavaFX Application Thread] DEBUG AssetLoader          - Loading from cache: /assets/sounds/explosion.wav
15:02:49.189 [JavaFX Application Thread] DEBUG EventBus             - Firing event: com.almasb.fxglgames.spaceinvaders.event.GameEvent[source=javafx.event.Event$$Lambda$105/514542734@758fa2c2]
15:02:49.189 [JavaFX Application Thread] DEBUG AssetLoader          - Loading from cache: /assets/textures/explosion.png@1280.0x80.0
15:02:49.190 [JavaFX Application Thread] DEBUG AssetLoader          - Loading from cache: /assets/sounds/explosion.wav
15:02:49.190 [JavaFX Application Thread] DEBUG EventBus             - Firing event: com.almasb.fxglgames.spaceinvaders.event.GameEvent[source=javafx.event.Event$$Lambda$105/514542734@758fa2c2]
15:02:49.190 [JavaFX Application Thread] DEBUG AssetLoader          - Loading from cache: /assets/textures/explosion.png@1280.0x80.0
15:02:49.190 [JavaFX Application Thread] WARN  FXGL.GameWorld       - Attempted to remove entity which is not active
15:02:49.191 [JavaFX Application Thread] DEBUG AssetLoader          - Loading from cache: /assets/sounds/explosion.wav
15:02:49.191 [JavaFX Application Thread] DEBUG EventBus             - Firing event: com.almasb.fxglgames.spaceinvaders.event.GameEvent[source=javafx.event.Event$$Lambda$105/514542734@758fa2c2]
15:02:49.191 [JavaFX Application Thread] DEBUG AssetLoader          - Loading from cache: /assets/textures/explosion.png@1280.0x80.0
15:02:49.192 [JavaFX Application Thread] WARN  FXGL.GameWorld       - Attempted to remove entity which is not active
15:02:49.192 [JavaFX Application Thread] DEBUG AssetLoader          - Loading from cache: /assets/sounds/explosion.wav
15:02:49.192 [JavaFX Application Thread] DEBUG EventBus             - Firing event: com.almasb.fxglgames.spaceinvaders.event.GameEvent[source=javafx.event.Event$$Lambda$105/514542734@758fa2c2]
15:02:49.193 [JavaFX Application Thread] DEBUG AssetLoader          - Loading from cache: /assets/textures/explosion.png@1280.0x80.0
15:02:49.193 [JavaFX Application Thread] WARN  FXGL.GameWorld       - Attempted to remove entity which is not active
15:02:49.193 [JavaFX Application Thread] DEBUG AssetLoader          - Loading from cache: /assets/sounds/explosion.wav
15:02:49.193 [JavaFX Application Thread] DEBUG EventBus             - Firing event: com.almasb.fxglgames.spaceinvaders.event.GameEvent[source=javafx.event.Event$$Lambda$105/514542734@758fa2c2]
15:02:51.235 [JavaFX Application Thread] DEBUG AssetLoader          - Loading from cache: /assets/textures/background/meteor2.png
15:02:53.052 [JavaFX Application Thread] DEBUG EventBus             - Firing event: com.almasb.fxglgames.spaceinvaders.event.BonusPickupEvent[source=javafx.event.Event$$Lambda$105/514542734@758fa2c2]
15:02:53.053 [JavaFX Application Thread] FATAL GameApplication      - Uncaught Exception:
15:02:53.053 [JavaFX Application Thread] FATAL GameApplication      - 

Exception occurred: java.security.PrivilegedActionException : null
E: java.base/java.security.AccessController.doPrivileged(Native Method)
E: javafx.graphics/javafx.animation.AnimationTimer$AnimationTimerReceiver.handle(AnimationTimer.java:56)
E: javafx.graphics/com.sun.scenario.animation.AbstractMasterTimer.timePulseImpl(AbstractMasterTimer.java:357)
E: javafx.graphics/com.sun.scenario.animation.AbstractMasterTimer$MainLoop.run(AbstractMasterTimer.java:267)
E: javafx.graphics/com.sun.javafx.tk.quantum.QuantumToolkit.pulse(QuantumToolkit.java:514)
E: javafx.graphics/com.sun.javafx.tk.quantum.QuantumToolkit.pulse(QuantumToolkit.java:498)
E: javafx.graphics/com.sun.javafx.tk.quantum.QuantumToolkit.pulseFromQueue(QuantumToolkit.java:491)
E: javafx.graphics/com.sun.javafx.tk.quantum.QuantumToolkit.lambda$runToolkit$11(QuantumToolkit.java:319)
E: javafx.graphics/com.sun.glass.ui.InvokeLaterDispatcher$Future.run(InvokeLaterDispatcher.java:96)

15:02:53.053 [JavaFX Application Thread] FATAL GameApplication      - Application will now exit
15:02:53.053 [JavaFX Application Thread] DEBUG GameApplication      - Stopping main loop
15:03:06.594 [JavaFX Application Thread] DEBUG GameApplication      - Exiting game application
15:03:06.595 [JavaFX Application Thread] DEBUG GameApplication      - Shutting down background threads
15:03:06.595 [JavaFX Application Thread] DEBUG GameApplication      - Exiting FXGL
15:03:06.595 [JavaFX Application Thread] DEBUG FXGL                 - Saving FXGL system data
15:03:06.596 [JavaFX Application Thread] DEBUG IOTask               - Executing task: writeDataTask(system/fxgl.bundle)
15:03:06.599 [JavaFX Application Thread] DEBUG FS                   - Writing to: system/fxgl.bundle
15:03:06.606 [JavaFX Application Thread] DEBUG IOTask               - Task succeeded: writeDataTask(system/fxgl.bundle)
15:03:06.606 [JavaFX Application Thread] DEBUG GameApplication      - Closing logger and exiting JavaFX
