15:20:16.358 [JavaFX Application Thread] DEBUG GameApplication      - Logger initialized
15:20:17.424 [JavaFX Application Thread] DEBUG GameApplication      - Starting FXGL
15:20:17.425 [JavaFX Application Thread] INFO  Version              - FXGL-0.3.9
15:20:17.425 [JavaFX Application Thread] INFO  Version              - Source code and latest versions at: https://github.com/AlmasB/FXGL
15:20:17.426 [JavaFX Application Thread] INFO  Version              -              Join the FXGL chat at: https://gitter.im/AlmasB/FXGL
15:20:17.717 [FXGL Launcher Thread     ] DEBUG FXGL                 - Loading FXGL system data
15:20:17.728 [FXGL Launcher Thread     ] DEBUG IOTask               - Executing task: readDataTask(system/fxgl.bundle)
15:20:17.757 [FXGL Launcher Thread     ] DEBUG FS                   - Reading from: system/fxgl.bundle
15:20:17.802 [FXGL Launcher Thread     ] DEBUG IOTask               - Task succeeded: readDataTask(system/fxgl.bundle)
15:20:17.810 [FXGL Launcher Thread     ] DEBUG Bundle               - Logging bundle: FXGL
15:20:17.818 [FXGL Launcher Thread     ] DEBUG Bundle               - FXGL.offline.timer.version.check=2019-01-01T11:48:46.555990
15:20:17.822 [FXGL Launcher Thread     ] DEBUG GameApplication      - FXGL configuration complete
15:20:17.844 [FXGL Launcher Thread     ] INFO  GameApplication      - FXGL configuration took:  0.393 sec
15:20:17.845 [FXGL Launcher Thread     ] DEBUG GameApplication      - Logging game settings
Title: Space Invaders
Version: 0.9.7
Width: 650
Height: 800
Fullscreen: false
Intro: false
Menus: false
Profiling: false
App Mode: DEVELOPER
Menu Key: ESCAPE
Scene Factory: class com.almasb.fxgl.scene.SceneFactory
Dialog Factory: class com.almasb.fxgl.service.impl.display.FXGLDialogFactory
UI Factory: class com.almasb.fxgl.service.impl.ui.FXGLUIFactory
Notification Service: class com.almasb.fxgl.service.impl.notification.FXGLNotificationService
Exception Handler: class com.almasb.fxgl.app.FXGLExceptionHandler
15:20:17.881 [FXGL Launcher Thread     ] DEBUG GameApplication      - Configuring GameApplication
15:20:17.894 [FXGL Launcher Thread     ] DEBUG AppStateMachine      - Initializing application states
15:20:17.912 [FXGL Launcher Thread     ] DEBUG AssetLoader          - Asset cacheSize=35
15:20:17.914 [FXGL Launcher Thread     ] DEBUG AssetLoader          - Loading from disk: /assets/ui/cursors/fxgl_default.png
15:20:17.947 [FXGL Launcher Thread     ] DEBUG AssetLoader          - Loading from disk: /assets/ui/cursors/fxgl_default.png
15:20:17.971 [FXGL Launcher Thread     ] DEBUG AssetLoader          - Loading from disk: /assets/sounds/core/notification.wav
15:20:18.093 [FXGL Launcher Thread     ] DEBUG AssetLoader          - Loading from disk: /assets/sounds/menu/select.wav
15:20:18.096 [FXGL Launcher Thread     ] DEBUG AssetLoader          - Loading from disk: /assets/sounds/menu/back.wav
15:20:18.100 [FXGL Launcher Thread     ] DEBUG AssetLoader          - Loading from disk: /assets/sounds/menu/press.wav
15:20:18.104 [FXGL Launcher Thread     ] DEBUG AssetLoader          - Loading from disk: /assets/ui/fonts/kenvector_future_thin.ttf
15:20:18.152 [FXGL Launcher Thread     ] DEBUG AssetLoader          - Loading from disk: /assets/ui/fonts/lucida_console.ttf
15:20:18.159 [FXGL Launcher Thread     ] DEBUG AssetLoader          - Loading from disk: /assets/ui/css/fxgl_dark.css
15:20:18.160 [FXGL Launcher Thread     ] DEBUG AssetLoader          - Loading from disk: /assets/ui/icons/fxgl_icon.png
15:20:18.193 [FXGL Launcher Thread     ] DEBUG AssetLoader          - Loading from disk: /assets/ui/cursors/fxgl_default.png
15:20:18.247 [FXGL Launcher Thread     ] DEBUG FXGL.GameScene       - Game scene initialized: 650x800
15:20:18.256 [FXGL Launcher Thread     ] DEBUG FXGL.GameWorld       - Game world initialized
15:20:18.353 [FXGL Launcher Thread     ] DEBUG FXGL.PhysicsWorld    - Physics world initialized: appHeight=800, physics.ppm=50.0
15:20:18.378 [FXGL Launcher Thread     ] DEBUG Input                - Registered new binding: Pause - Esc
15:20:18.421 [FXGL Launcher Thread     ] INFO  GameApplication      - Game configuration took:  0.538 sec
15:20:18.423 [JavaFX Application Thread] DEBUG MainWindow           - Target size: 650.0 x 800.0 @ 1.0
15:20:18.424 [JavaFX Application Thread] DEBUG MainWindow           - New size:    650.0 x 800.0 @ 1.0
15:20:18.424 [JavaFX Application Thread] DEBUG MainWindow           - Opening main window
15:20:18.537 [JavaFX Application Thread] DEBUG MainWindow           - Root size:  650.0x800.0
15:20:18.537 [JavaFX Application Thread] DEBUG MainWindow           - Scene size: 650.0x800.0
15:20:18.537 [JavaFX Application Thread] DEBUG MainWindow           - Stage size: 650.0x822.0
15:20:18.537 [JavaFX Application Thread] DEBUG GameApplication      - Running preInit()
15:20:18.544 [JavaFX Application Thread] DEBUG AchievementManager   - Registered new achievement "Hitman"
15:20:18.545 [JavaFX Application Thread] DEBUG AchievementManager   - Registered new achievement "Master Scorer"
15:20:18.546 [JavaFX Application Thread] DEBUG Input                - Registered new binding: Screenshot - P
15:20:18.546 [JavaFX Application Thread] DEBUG Input                - Registered new binding: Dev Options - CTRL+0
15:20:18.548 [JavaFX Application Thread] DEBUG Input                - Registered new binding: Next Level - L
15:20:18.549 [JavaFX Application Thread] DEBUG Input                - Registered new binding: Move Left - Left
15:20:18.550 [JavaFX Application Thread] DEBUG Input                - Registered new binding: Laser Beam - X
15:20:18.550 [JavaFX Application Thread] DEBUG Input                - Registered new binding: Shoot - Z
15:20:18.550 [JavaFX Application Thread] DEBUG Input                - Registered new binding: Move Right - Right
15:20:18.555 [JavaFX Application Thread] DEBUG AssetLoader          - Loading from disk: /assets/music/bgm.mp3
15:20:18.694 [JavaFX Application Thread] DEBUG AudioPlayer          - Playing music Music [balance=0.0, volume=1.0, rate=1.0, cycleCount=2147483647]
15:20:18.744 [JavaFX Application Thread] DEBUG GameApplication      - Starting main loop
15:20:18.769 [JavaFX Application Thread] DEBUG StartupState         - STARTUP
15:20:18.770 [JavaFX Application Thread] DEBUG GameApplication      - Starting new game
15:20:18.770 [JavaFX Application Thread] DEBUG Input                - Clearing active input actions
15:20:18.770 [JavaFX Application Thread] DEBUG AppStateMachine      - StartupState -> LoadingState
15:20:18.992 [JavaFX Application Thread] DEBUG AnnotationParser     - @SetEntityFactory: [SpaceInvadersFactory]
15:20:18.992 [JavaFX Application Thread] DEBUG AnnotationParser     - @AddCollisionHandler: [BonusPlayerHandler, BulletBossHandler, BulletEnemyHandler, BulletPlayerHandler, BulletWallHandler, LaserBeamEnemyHandler]
15:20:19.000 [FXGL Background Thread 1 ] DEBUG InitAppTask          - Clearing previous game
15:20:19.000 [FXGL Background Thread 1 ] DEBUG FXGL.GameWorld       - Clearing game world
15:20:19.000 [FXGL Background Thread 1 ] DEBUG FXGL.PhysicsWorld    - Clearing physics world
15:20:19.001 [FXGL Background Thread 1 ] DEBUG FXGL.GameScene       - Clearing game scene
15:20:19.001 [FXGL Background Thread 1 ] DEBUG InitAppTask          - Initializing Assets
15:20:19.002 [FXGL Background Thread 1 ] DEBUG InitAppTask          - Initializing Game
15:20:19.030 [FXGL Background Thread 1 ] DEBUG IOTask               - Executing task: readDataTask(./hiscore.dat)
15:20:19.030 [FXGL Background Thread 1 ] DEBUG FS                   - Reading from: ./hiscore.dat
15:20:19.035 [FXGL Background Thread 1 ] DEBUG IOTask               - Task succeeded: readDataTask(./hiscore.dat)
15:20:19.118 [FXGL Background Thread 1 ] DEBUG AssetLoader          - Loading from disk: /assets/textures/background/background.png
15:20:19.694 [FXGL Background Thread 1 ] DEBUG FXGL.GameScene       - Creating render group for layer: BACKGROUND(1000)
15:20:19.764 [FXGL Background Thread 1 ] DEBUG AssetLoader          - Loading from disk: /assets/textures/player2.png
15:20:19.779 [FXGL Background Thread 1 ] DEBUG FXGL.GameScene       - Creating render group for layer: TOP(2147483647)
15:20:19.779 [FXGL Background Thread 1 ] DEBUG InitAppTask          - Initializing Physics
15:20:19.782 [FXGL Background Thread 1 ] DEBUG InitAppTask          - Initializing UI
15:20:19.788 [FXGL Background Thread 1 ] DEBUG AssetLoader          - Loading from disk: /assets/ui/main.fxml
15:20:20.052 [FXGL Background Thread 1 ] DEBUG AssetLoader          - Loading from disk: /assets/textures/life.png
15:20:20.053 [FXGL Background Thread 1 ] DEBUG AssetLoader          - Loading from cache: /assets/textures/life.png@16.0x16.0
15:20:20.054 [FXGL Background Thread 1 ] DEBUG AssetLoader          - Loading from cache: /assets/textures/life.png@16.0x16.0
15:20:20.054 [FXGL Background Thread 1 ] DEBUG InitAppTask          - Initialization Complete
15:20:20.055 [FXGL Background Thread 1 ] INFO  InitAppTask          - Game initialization took: 1.055 sec
15:20:20.066 [JavaFX Application Thread] DEBUG Input                - Clearing active input actions
15:20:20.066 [JavaFX Application Thread] DEBUG AppStateMachine      - LoadingState -> PlayState
15:20:20.268 [JavaFX Application Thread] DEBUG AssetLoader          - Loading from disk: /assets/sounds/level.wav
15:20:21.720 [JavaFX Application Thread] DEBUG AssetLoader          - Loading from disk: /assets/textures/wall.png
15:20:21.726 [JavaFX Application Thread] DEBUG AssetLoader          - Loading from cache: /assets/textures/wall.png@77.0x34.0
15:20:21.728 [JavaFX Application Thread] DEBUG AssetLoader          - Loading from cache: /assets/textures/wall.png@77.0x34.0
15:20:21.730 [JavaFX Application Thread] DEBUG AssetLoader          - Loading from cache: /assets/textures/wall.png@77.0x34.0
15:20:21.749 [JavaFX Application Thread] DEBUG AssetLoader          - Loading from disk: /assets/textures/enemy2.png
15:20:21.850 [JavaFX Application Thread] DEBUG AssetLoader          - Loading from disk: /assets/textures/enemy1.png
15:20:21.933 [JavaFX Application Thread] DEBUG AssetLoader          - Loading from disk: /assets/textures/enemy3.png
15:20:22.017 [JavaFX Application Thread] DEBUG AssetLoader          - Loading from cache: /assets/textures/enemy1.png
15:20:22.116 [JavaFX Application Thread] DEBUG AssetLoader          - Loading from cache: /assets/textures/enemy2.png
15:20:22.146 [JavaFX Application Thread] DEBUG AssetLoader          - Loading from disk: /assets/textures/player2.png
15:20:22.150 [JavaFX Application Thread] DEBUG FXGL.GameScene       - Creating render group for layer: PARTICLES(5000)
15:20:22.152 [JavaFX Application Thread] DEBUG AssetLoader          - Loading from disk: /assets/textures/laser1.png
15:20:22.155 [JavaFX Application Thread] DEBUG AssetLoader          - Loading from disk: /assets/sounds/shoot2.wav
15:20:22.234 [JavaFX Application Thread] DEBUG AssetLoader          - Loading from cache: /assets/textures/enemy3.png
15:20:22.334 [JavaFX Application Thread] DEBUG AssetLoader          - Loading from cache: /assets/textures/enemy2.png
15:20:22.434 [JavaFX Application Thread] DEBUG AssetLoader          - Loading from cache: /assets/textures/enemy2.png
15:20:22.502 [JavaFX Application Thread] DEBUG AssetLoader          - Loading from cache: /assets/textures/laser1.png
15:20:22.503 [JavaFX Application Thread] DEBUG AssetLoader          - Loading from cache: /assets/sounds/shoot2.wav
15:20:22.551 [JavaFX Application Thread] DEBUG AssetLoader          - Loading from cache: /assets/textures/enemy2.png
15:20:22.651 [JavaFX Application Thread] DEBUG AssetLoader          - Loading from cache: /assets/textures/enemy2.png
15:20:22.751 [JavaFX Application Thread] DEBUG AssetLoader          - Loading from cache: /assets/textures/enemy1.png
15:20:22.755 [JavaFX Application Thread] DEBUG AssetLoader          - Loading from disk: /assets/textures/laser_hit.png
15:20:22.851 [JavaFX Application Thread] DEBUG AssetLoader          - Loading from cache: /assets/textures/enemy1.png
15:20:22.868 [JavaFX Application Thread] DEBUG AssetLoader          - Loading from cache: /assets/textures/laser1.png
15:20:22.869 [JavaFX Application Thread] DEBUG AssetLoader          - Loading from disk: /assets/sounds/shoot3.wav
15:20:22.950 [JavaFX Application Thread] DEBUG AssetLoader          - Loading from cache: /assets/textures/enemy1.png
15:20:23.051 [JavaFX Application Thread] DEBUG AssetLoader          - Loading from cache: /assets/textures/enemy1.png
15:20:23.073 [JavaFX Application Thread] DEBUG AssetLoader          - Loading from cache: /assets/textures/laser_hit.png@15.0x15.0
15:20:23.149 [JavaFX Application Thread] DEBUG AssetLoader          - Loading from cache: /assets/textures/enemy2.png
15:20:23.217 [JavaFX Application Thread] DEBUG AssetLoader          - Loading from cache: /assets/textures/laser1.png
15:20:23.218 [JavaFX Application Thread] DEBUG AssetLoader          - Loading from disk: /assets/sounds/shoot1.wav
15:20:23.235 [JavaFX Application Thread] DEBUG AssetLoader          - Loading from disk: /assets/textures/background/meteor3.png
15:20:23.238 [JavaFX Application Thread] DEBUG FXGL.GameScene       - Creating render group for layer: METEORS(1001)
15:20:23.253 [JavaFX Application Thread] DEBUG AssetLoader          - Loading from cache: /assets/textures/enemy1.png
15:20:23.501 [JavaFX Application Thread] DEBUG AssetLoader          - Loading from cache: /assets/textures/laser_hit.png@15.0x15.0
15:20:23.567 [JavaFX Application Thread] DEBUG AssetLoader          - Loading from cache: /assets/textures/laser1.png
15:20:23.567 [JavaFX Application Thread] DEBUG AssetLoader          - Loading from cache: /assets/sounds/shoot2.wav
15:20:23.909 [JavaFX Application Thread] DEBUG AssetLoader          - Loading from cache: /assets/textures/laser_hit.png@15.0x15.0
15:20:23.918 [JavaFX Application Thread] DEBUG AssetLoader          - Loading from cache: /assets/textures/laser1.png
15:20:23.918 [JavaFX Application Thread] DEBUG AssetLoader          - Loading from cache: /assets/sounds/shoot1.wav
15:20:23.951 [JavaFX Application Thread] DEBUG AssetLoader          - Loading from cache: /assets/textures/laser_hit.png@15.0x15.0
15:20:24.069 [JavaFX Application Thread] DEBUG AssetLoader          - Loading from disk: /assets/textures/tank_bullet.png
15:20:24.071 [JavaFX Application Thread] DEBUG AssetLoader          - Loading from cache: /assets/sounds/shoot3.wav
15:20:24.167 [JavaFX Application Thread] DEBUG AssetLoader          - Loading from cache: /assets/textures/tank_bullet.png
15:20:24.168 [JavaFX Application Thread] DEBUG AssetLoader          - Loading from disk: /assets/sounds/shoot4.wav
15:20:24.240 [JavaFX Application Thread] DEBUG AssetLoader          - Loading from disk: /assets/textures/explosion.png
15:20:24.270 [JavaFX Application Thread] DEBUG AssetLoader          - Loading from disk: /assets/sounds/explosion.wav
15:20:24.273 [JavaFX Application Thread] DEBUG EventBus             - Firing event: com.almasb.fxglgames.spaceinvaders.event.GameEvent[source=javafx.event.Event$$Lambda$105/46396780@1ff53fa8]
15:20:24.501 [JavaFX Application Thread] DEBUG AssetLoader          - Loading from cache: /assets/textures/laser1.png
15:20:24.501 [JavaFX Application Thread] DEBUG AssetLoader          - Loading from cache: /assets/sounds/shoot1.wav
15:20:24.666 [JavaFX Application Thread] DEBUG AssetLoader          - Loading from cache: /assets/textures/tank_bullet.png
15:20:24.667 [JavaFX Application Thread] DEBUG AssetLoader          - Loading from cache: /assets/sounds/shoot3.wav
15:20:24.750 [JavaFX Application Thread] DEBUG AssetLoader          - Loading from cache: /assets/textures/tank_bullet.png
15:20:24.751 [JavaFX Application Thread] DEBUG AssetLoader          - Loading from cache: /assets/sounds/shoot2.wav
15:20:24.800 [JavaFX Application Thread] DEBUG AssetLoader          - Loading from cache: /assets/textures/laser1.png
15:20:24.800 [JavaFX Application Thread] DEBUG AssetLoader          - Loading from cache: /assets/sounds/shoot4.wav
15:20:25.099 [JavaFX Application Thread] DEBUG AssetLoader          - Loading from cache: /assets/textures/laser1.png
15:20:25.100 [JavaFX Application Thread] DEBUG AssetLoader          - Loading from cache: /assets/sounds/shoot4.wav
15:20:25.101 [JavaFX Application Thread] DEBUG AssetLoader          - Loading from cache: /assets/textures/tank_bullet.png
15:20:25.103 [JavaFX Application Thread] DEBUG AssetLoader          - Loading from cache: /assets/sounds/shoot4.wav
15:20:25.133 [JavaFX Application Thread] DEBUG AssetLoader          - Loading from cache: /assets/textures/tank_bullet.png
15:20:25.134 [JavaFX Application Thread] DEBUG AssetLoader          - Loading from cache: /assets/sounds/shoot3.wav
15:20:25.267 [JavaFX Application Thread] DEBUG AssetLoader          - Loading from cache: /assets/textures/tank_bullet.png
15:20:25.268 [JavaFX Application Thread] DEBUG AssetLoader          - Loading from cache: /assets/sounds/shoot1.wav
15:20:25.400 [JavaFX Application Thread] DEBUG AssetLoader          - Loading from cache: /assets/textures/laser1.png
15:20:25.401 [JavaFX Application Thread] DEBUG AssetLoader          - Loading from cache: /assets/sounds/shoot1.wav
15:20:25.667 [JavaFX Application Thread] DEBUG AssetLoader          - Loading from cache: /assets/textures/laser_hit.png@15.0x15.0
15:20:25.699 [JavaFX Application Thread] DEBUG AssetLoader          - Loading from cache: /assets/textures/laser1.png
15:20:25.700 [JavaFX Application Thread] DEBUG AssetLoader          - Loading from cache: /assets/sounds/shoot1.wav
15:20:26.000 [JavaFX Application Thread] DEBUG AssetLoader          - Loading from cache: /assets/textures/laser1.png
15:20:26.001 [JavaFX Application Thread] DEBUG AssetLoader          - Loading from cache: /assets/sounds/shoot4.wav
15:20:26.149 [JavaFX Application Thread] DEBUG AssetLoader          - Loading from cache: /assets/textures/tank_bullet.png
15:20:26.150 [JavaFX Application Thread] DEBUG AssetLoader          - Loading from cache: /assets/sounds/shoot3.wav
15:20:26.217 [JavaFX Application Thread] DEBUG AssetLoader          - Loading from cache: /assets/textures/background/meteor3.png
15:20:26.317 [JavaFX Application Thread] DEBUG AssetLoader          - Loading from cache: /assets/textures/laser1.png
15:20:26.318 [JavaFX Application Thread] DEBUG AssetLoader          - Loading from cache: /assets/sounds/shoot1.wav
15:20:26.666 [JavaFX Application Thread] DEBUG AssetLoader          - Loading from cache: /assets/textures/laser1.png
15:20:26.667 [JavaFX Application Thread] DEBUG AssetLoader          - Loading from cache: /assets/sounds/shoot3.wav
15:20:27.017 [JavaFX Application Thread] DEBUG AssetLoader          - Loading from cache: /assets/textures/laser1.png
15:20:27.018 [JavaFX Application Thread] DEBUG AssetLoader          - Loading from cache: /assets/sounds/shoot1.wav
15:20:27.168 [JavaFX Application Thread] DEBUG AssetLoader          - Loading from cache: /assets/textures/explosion.png@1280.0x80.0
15:20:27.169 [JavaFX Application Thread] DEBUG AssetLoader          - Loading from cache: /assets/sounds/explosion.wav
15:20:27.169 [JavaFX Application Thread] DEBUG EventBus             - Firing event: com.almasb.fxglgames.spaceinvaders.event.GameEvent[source=javafx.event.Event$$Lambda$105/46396780@1ff53fa8]
15:20:27.170 [JavaFX Application Thread] DEBUG EventBus             - Firing event: AchievementEvent[name=Master Scorer,description= Score 1000 points]
15:20:27.184 [JavaFX Application Thread] DEBUG EventBus             - Firing event: NotificationEvent[message=You got an achievement! Master Scorer]
15:20:27.186 [JavaFX Application Thread] DEBUG AssetLoader          - Loading from disk: /assets/textures/powerup_atk_rate.png
15:20:27.400 [JavaFX Application Thread] DEBUG AssetLoader          - Loading from cache: /assets/textures/laser1.png
15:20:27.401 [JavaFX Application Thread] DEBUG AssetLoader          - Loading from cache: /assets/sounds/shoot2.wav
15:20:27.484 [JavaFX Application Thread] DEBUG AssetLoader          - Loading from cache: /assets/textures/tank_bullet.png
15:20:27.485 [JavaFX Application Thread] DEBUG AssetLoader          - Loading from cache: /assets/sounds/shoot2.wav
15:20:27.534 [JavaFX Application Thread] DEBUG AssetLoader          - Loading from cache: /assets/textures/laser_hit.png@15.0x15.0
15:20:27.750 [JavaFX Application Thread] DEBUG AssetLoader          - Loading from cache: /assets/textures/laser1.png
15:20:27.751 [JavaFX Application Thread] DEBUG AssetLoader          - Loading from cache: /assets/sounds/shoot3.wav
15:20:27.935 [JavaFX Application Thread] DEBUG AssetLoader          - Loading from cache: /assets/textures/explosion.png@1280.0x80.0
15:20:27.936 [JavaFX Application Thread] DEBUG AssetLoader          - Loading from cache: /assets/sounds/explosion.wav
15:20:27.936 [JavaFX Application Thread] DEBUG EventBus             - Firing event: com.almasb.fxglgames.spaceinvaders.event.GameEvent[source=javafx.event.Event$$Lambda$105/46396780@1ff53fa8]
15:20:28.100 [JavaFX Application Thread] DEBUG AssetLoader          - Loading from cache: /assets/textures/laser1.png
15:20:28.101 [JavaFX Application Thread] DEBUG AssetLoader          - Loading from cache: /assets/sounds/shoot3.wav
15:20:28.149 [JavaFX Application Thread] DEBUG AssetLoader          - Loading from cache: /assets/textures/tank_bullet.png
15:20:28.150 [JavaFX Application Thread] DEBUG AssetLoader          - Loading from cache: /assets/sounds/shoot2.wav
15:20:28.317 [JavaFX Application Thread] DEBUG AssetLoader          - Loading from cache: /assets/textures/laser_hit.png@15.0x15.0
15:20:28.433 [JavaFX Application Thread] DEBUG AssetLoader          - Loading from cache: /assets/textures/laser1.png
15:20:28.433 [JavaFX Application Thread] DEBUG AssetLoader          - Loading from cache: /assets/sounds/shoot3.wav
15:20:28.567 [JavaFX Application Thread] DEBUG AssetLoader          - Loading from cache: /assets/textures/tank_bullet.png
15:20:28.568 [JavaFX Application Thread] DEBUG AssetLoader          - Loading from cache: /assets/sounds/shoot3.wav
15:20:28.767 [JavaFX Application Thread] DEBUG AssetLoader          - Loading from cache: /assets/textures/laser1.png
15:20:28.768 [JavaFX Application Thread] DEBUG AssetLoader          - Loading from cache: /assets/sounds/shoot4.wav
15:20:28.867 [JavaFX Application Thread] DEBUG AssetLoader          - Loading from cache: /assets/textures/tank_bullet.png
15:20:28.867 [JavaFX Application Thread] DEBUG AssetLoader          - Loading from cache: /assets/sounds/shoot1.wav
15:20:28.868 [JavaFX Application Thread] DEBUG AssetLoader          - Loading from cache: /assets/textures/laser_hit.png@15.0x15.0
15:20:29.100 [JavaFX Application Thread] DEBUG AssetLoader          - Loading from cache: /assets/textures/laser1.png
15:20:29.101 [JavaFX Application Thread] DEBUG AssetLoader          - Loading from cache: /assets/sounds/shoot1.wav
15:20:29.167 [JavaFX Application Thread] DEBUG AssetLoader          - Loading from cache: /assets/textures/explosion.png@1280.0x80.0
15:20:29.167 [JavaFX Application Thread] DEBUG AssetLoader          - Loading from cache: /assets/sounds/explosion.wav
15:20:29.168 [JavaFX Application Thread] DEBUG EventBus             - Firing event: com.almasb.fxglgames.spaceinvaders.event.GameEvent[source=javafx.event.Event$$Lambda$105/46396780@1ff53fa8]
15:20:29.249 [JavaFX Application Thread] DEBUG AssetLoader          - Loading from disk: /assets/textures/background/meteor4.png
15:20:29.433 [JavaFX Application Thread] DEBUG AssetLoader          - Loading from cache: /assets/textures/laser1.png
15:20:29.434 [JavaFX Application Thread] DEBUG AssetLoader          - Loading from cache: /assets/sounds/shoot1.wav
15:20:29.600 [JavaFX Application Thread] DEBUG AssetLoader          - Loading from cache: /assets/textures/tank_bullet.png
15:20:29.601 [JavaFX Application Thread] DEBUG AssetLoader          - Loading from cache: /assets/sounds/shoot1.wav
15:20:29.634 [JavaFX Application Thread] DEBUG AssetLoader          - Loading from cache: /assets/textures/explosion.png@1280.0x80.0
15:20:29.634 [JavaFX Application Thread] DEBUG AssetLoader          - Loading from cache: /assets/sounds/explosion.wav
15:20:29.634 [JavaFX Application Thread] DEBUG EventBus             - Firing event: com.almasb.fxglgames.spaceinvaders.event.GameEvent[source=javafx.event.Event$$Lambda$105/46396780@1ff53fa8]
15:20:29.767 [JavaFX Application Thread] DEBUG AssetLoader          - Loading from cache: /assets/textures/laser1.png
15:20:29.767 [JavaFX Application Thread] DEBUG AssetLoader          - Loading from cache: /assets/sounds/shoot1.wav
15:20:29.934 [JavaFX Application Thread] DEBUG EventBus             - Firing event: com.almasb.fxglgames.spaceinvaders.event.GameEvent[source=javafx.event.Event$$Lambda$105/46396780@1ff53fa8]
15:20:29.939 [JavaFX Application Thread] DEBUG AssetLoader          - Loading from disk: /assets/sounds/lose_life.wav
15:20:29.943 [JavaFX Application Thread] DEBUG AssetLoader          - Loading from cache: /assets/textures/laser_hit.png@15.0x15.0
15:20:30.101 [JavaFX Application Thread] DEBUG AssetLoader          - Loading from cache: /assets/textures/laser1.png
15:20:30.101 [JavaFX Application Thread] DEBUG AssetLoader          - Loading from cache: /assets/sounds/shoot4.wav
15:20:30.250 [JavaFX Application Thread] DEBUG AssetLoader          - Loading from cache: /assets/textures/tank_bullet.png
15:20:30.251 [JavaFX Application Thread] DEBUG AssetLoader          - Loading from cache: /assets/sounds/shoot2.wav
15:20:30.268 [JavaFX Application Thread] DEBUG AssetLoader          - Loading from cache: /assets/textures/laser_hit.png@15.0x15.0
15:20:30.434 [JavaFX Application Thread] DEBUG AssetLoader          - Loading from cache: /assets/textures/laser1.png
15:20:30.434 [JavaFX Application Thread] DEBUG AssetLoader          - Loading from cache: /assets/sounds/shoot1.wav
15:20:30.601 [JavaFX Application Thread] DEBUG AssetLoader          - Loading from cache: /assets/textures/explosion.png@1280.0x80.0
15:20:30.602 [JavaFX Application Thread] DEBUG AssetLoader          - Loading from cache: /assets/sounds/explosion.wav
15:20:30.602 [JavaFX Application Thread] DEBUG EventBus             - Firing event: com.almasb.fxglgames.spaceinvaders.event.GameEvent[source=javafx.event.Event$$Lambda$105/46396780@1ff53fa8]
15:20:30.767 [JavaFX Application Thread] DEBUG AssetLoader          - Loading from cache: /assets/textures/laser1.png
15:20:30.768 [JavaFX Application Thread] DEBUG AssetLoader          - Loading from cache: /assets/sounds/shoot2.wav
15:20:30.934 [JavaFX Application Thread] DEBUG AssetLoader          - Loading from cache: /assets/textures/explosion.png@1280.0x80.0
15:20:30.935 [JavaFX Application Thread] DEBUG AssetLoader          - Loading from cache: /assets/sounds/explosion.wav
15:20:30.935 [JavaFX Application Thread] DEBUG EventBus             - Firing event: com.almasb.fxglgames.spaceinvaders.event.GameEvent[source=javafx.event.Event$$Lambda$105/46396780@1ff53fa8]
15:20:31.100 [JavaFX Application Thread] DEBUG AssetLoader          - Loading from cache: /assets/textures/laser1.png
15:20:31.101 [JavaFX Application Thread] DEBUG AssetLoader          - Loading from cache: /assets/sounds/shoot4.wav
15:20:31.434 [JavaFX Application Thread] DEBUG AssetLoader          - Loading from cache: /assets/textures/laser1.png
15:20:31.434 [JavaFX Application Thread] DEBUG AssetLoader          - Loading from cache: /assets/sounds/shoot4.wav
15:20:31.584 [JavaFX Application Thread] DEBUG EventBus             - Firing event: com.almasb.fxglgames.spaceinvaders.event.BonusPickupEvent[source=javafx.event.Event$$Lambda$105/46396780@1ff53fa8]
15:20:31.751 [JavaFX Application Thread] DEBUG AssetLoader          - Loading from cache: /assets/textures/laser1.png
15:20:31.751 [JavaFX Application Thread] DEBUG AssetLoader          - Loading from cache: /assets/sounds/shoot1.wav
15:20:31.752 [JavaFX Application Thread] DEBUG AssetLoader          - Loading from cache: /assets/textures/tank_bullet.png
15:20:31.753 [JavaFX Application Thread] DEBUG AssetLoader          - Loading from cache: /assets/sounds/shoot1.wav
15:20:31.867 [JavaFX Application Thread] DEBUG AssetLoader          - Loading from cache: /assets/textures/explosion.png@1280.0x80.0
15:20:31.868 [JavaFX Application Thread] DEBUG AssetLoader          - Loading from cache: /assets/sounds/explosion.wav
15:20:31.868 [JavaFX Application Thread] DEBUG EventBus             - Firing event: com.almasb.fxglgames.spaceinvaders.event.GameEvent[source=javafx.event.Event$$Lambda$105/46396780@1ff53fa8]
15:20:32.066 [JavaFX Application Thread] DEBUG AssetLoader          - Loading from cache: /assets/textures/laser1.png
15:20:32.067 [JavaFX Application Thread] DEBUG AssetLoader          - Loading from cache: /assets/sounds/shoot3.wav
15:20:32.251 [JavaFX Application Thread] DEBUG AssetLoader          - Loading from disk: /assets/textures/background/meteor2.png
15:20:32.301 [JavaFX Application Thread] DEBUG AssetLoader          - Loading from cache: /assets/textures/laser_hit.png@15.0x15.0
15:20:32.383 [JavaFX Application Thread] DEBUG AssetLoader          - Loading from cache: /assets/textures/laser1.png
15:20:32.383 [JavaFX Application Thread] DEBUG AssetLoader          - Loading from cache: /assets/sounds/shoot2.wav
15:20:32.700 [JavaFX Application Thread] DEBUG AssetLoader          - Loading from cache: /assets/textures/laser1.png
15:20:32.701 [JavaFX Application Thread] DEBUG AssetLoader          - Loading from cache: /assets/sounds/shoot1.wav
15:20:32.768 [JavaFX Application Thread] DEBUG AssetLoader          - Loading from cache: /assets/textures/tank_bullet.png
15:20:32.769 [JavaFX Application Thread] DEBUG AssetLoader          - Loading from cache: /assets/sounds/shoot4.wav
15:20:32.784 [JavaFX Application Thread] DEBUG AssetLoader          - Loading from cache: /assets/textures/laser_hit.png@15.0x15.0
15:20:33.017 [JavaFX Application Thread] DEBUG AssetLoader          - Loading from cache: /assets/textures/laser1.png
15:20:33.018 [JavaFX Application Thread] DEBUG AssetLoader          - Loading from cache: /assets/sounds/shoot3.wav
15:20:33.034 [JavaFX Application Thread] DEBUG AssetLoader          - Loading from cache: /assets/textures/explosion.png@1280.0x80.0
15:20:33.034 [JavaFX Application Thread] DEBUG AssetLoader          - Loading from cache: /assets/sounds/explosion.wav
15:20:33.035 [JavaFX Application Thread] DEBUG EventBus             - Firing event: com.almasb.fxglgames.spaceinvaders.event.GameEvent[source=javafx.event.Event$$Lambda$105/46396780@1ff53fa8]
15:20:33.333 [JavaFX Application Thread] DEBUG AssetLoader          - Loading from cache: /assets/textures/laser1.png
15:20:33.334 [JavaFX Application Thread] DEBUG AssetLoader          - Loading from cache: /assets/sounds/shoot3.wav
15:20:33.552 [JavaFX Application Thread] DEBUG AssetLoader          - Loading from cache: /assets/textures/laser_hit.png@15.0x15.0
15:20:33.651 [JavaFX Application Thread] DEBUG AssetLoader          - Loading from cache: /assets/textures/laser1.png
15:20:33.651 [JavaFX Application Thread] DEBUG AssetLoader          - Loading from cache: /assets/sounds/shoot1.wav
15:20:33.852 [JavaFX Application Thread] DEBUG AssetLoader          - Loading from cache: /assets/textures/explosion.png@1280.0x80.0
15:20:33.852 [JavaFX Application Thread] DEBUG AssetLoader          - Loading from cache: /assets/sounds/explosion.wav
15:20:33.852 [JavaFX Application Thread] DEBUG EventBus             - Firing event: com.almasb.fxglgames.spaceinvaders.event.GameEvent[source=javafx.event.Event$$Lambda$105/46396780@1ff53fa8]
15:20:33.967 [JavaFX Application Thread] DEBUG AssetLoader          - Loading from cache: /assets/textures/laser1.png
15:20:33.968 [JavaFX Application Thread] DEBUG AssetLoader          - Loading from cache: /assets/sounds/shoot2.wav
15:20:34.167 [JavaFX Application Thread] DEBUG AssetLoader          - Loading from cache: /assets/textures/explosion.png@1280.0x80.0
15:20:34.167 [JavaFX Application Thread] DEBUG AssetLoader          - Loading from cache: /assets/sounds/explosion.wav
15:20:34.167 [JavaFX Application Thread] DEBUG EventBus             - Firing event: com.almasb.fxglgames.spaceinvaders.event.GameEvent[source=javafx.event.Event$$Lambda$105/46396780@1ff53fa8]
15:20:34.168 [JavaFX Application Thread] DEBUG AssetLoader          - Loading from cache: /assets/textures/powerup_atk_rate.png
15:20:34.284 [JavaFX Application Thread] DEBUG AssetLoader          - Loading from cache: /assets/textures/laser1.png
15:20:34.285 [JavaFX Application Thread] DEBUG AssetLoader          - Loading from cache: /assets/sounds/shoot2.wav
15:20:34.600 [JavaFX Application Thread] DEBUG AssetLoader          - Loading from cache: /assets/textures/laser1.png
15:20:34.601 [JavaFX Application Thread] DEBUG AssetLoader          - Loading from cache: /assets/sounds/shoot4.wav
15:20:34.917 [JavaFX Application Thread] DEBUG AssetLoader          - Loading from cache: /assets/textures/laser1.png
15:20:34.918 [JavaFX Application Thread] DEBUG AssetLoader          - Loading from cache: /assets/sounds/shoot3.wav
15:20:35.134 [JavaFX Application Thread] DEBUG AssetLoader          - Loading from cache: /assets/textures/explosion.png@1280.0x80.0
15:20:35.135 [JavaFX Application Thread] DEBUG AssetLoader          - Loading from cache: /assets/sounds/explosion.wav
15:20:35.135 [JavaFX Application Thread] DEBUG EventBus             - Firing event: com.almasb.fxglgames.spaceinvaders.event.GameEvent[source=javafx.event.Event$$Lambda$105/46396780@1ff53fa8]
15:20:35.234 [JavaFX Application Thread] DEBUG AssetLoader          - Loading from cache: /assets/textures/laser1.png
15:20:35.234 [JavaFX Application Thread] DEBUG AssetLoader          - Loading from cache: /assets/sounds/shoot1.wav
15:20:35.250 [JavaFX Application Thread] DEBUG AssetLoader          - Loading from cache: /assets/textures/background/meteor4.png
15:20:35.551 [JavaFX Application Thread] DEBUG AssetLoader          - Loading from cache: /assets/textures/laser1.png
15:20:35.551 [JavaFX Application Thread] DEBUG AssetLoader          - Loading from cache: /assets/sounds/shoot1.wav
15:20:35.868 [JavaFX Application Thread] DEBUG AssetLoader          - Loading from cache: /assets/textures/laser1.png
15:20:35.868 [JavaFX Application Thread] DEBUG AssetLoader          - Loading from cache: /assets/sounds/shoot3.wav
15:20:36.034 [JavaFX Application Thread] DEBUG AssetLoader          - Loading from cache: /assets/textures/explosion.png@1280.0x80.0
15:20:36.035 [JavaFX Application Thread] DEBUG AssetLoader          - Loading from cache: /assets/sounds/explosion.wav
15:20:36.035 [JavaFX Application Thread] DEBUG EventBus             - Firing event: com.almasb.fxglgames.spaceinvaders.event.GameEvent[source=javafx.event.Event$$Lambda$105/46396780@1ff53fa8]
15:20:36.184 [JavaFX Application Thread] DEBUG AssetLoader          - Loading from cache: /assets/textures/laser1.png
15:20:36.185 [JavaFX Application Thread] DEBUG AssetLoader          - Loading from cache: /assets/sounds/shoot2.wav
15:20:36.350 [JavaFX Application Thread] DEBUG AssetLoader          - Loading from cache: /assets/textures/explosion.png@1280.0x80.0
15:20:36.351 [JavaFX Application Thread] DEBUG AssetLoader          - Loading from cache: /assets/sounds/explosion.wav
15:20:36.351 [JavaFX Application Thread] DEBUG EventBus             - Firing event: com.almasb.fxglgames.spaceinvaders.event.GameEvent[source=javafx.event.Event$$Lambda$105/46396780@1ff53fa8]
15:20:36.500 [JavaFX Application Thread] DEBUG AssetLoader          - Loading from cache: /assets/textures/laser1.png
15:20:36.501 [JavaFX Application Thread] DEBUG AssetLoader          - Loading from cache: /assets/sounds/shoot3.wav
15:20:36.701 [JavaFX Application Thread] DEBUG AssetLoader          - Loading from cache: /assets/textures/laser_hit.png@15.0x15.0
15:20:36.818 [JavaFX Application Thread] DEBUG AssetLoader          - Loading from cache: /assets/textures/laser1.png
15:20:36.818 [JavaFX Application Thread] DEBUG AssetLoader          - Loading from cache: /assets/sounds/shoot3.wav
15:20:37.134 [JavaFX Application Thread] DEBUG AssetLoader          - Loading from cache: /assets/textures/laser1.png
15:20:37.135 [JavaFX Application Thread] DEBUG AssetLoader          - Loading from cache: /assets/sounds/shoot3.wav
15:20:37.451 [JavaFX Application Thread] DEBUG AssetLoader          - Loading from cache: /assets/textures/laser1.png
15:20:37.451 [JavaFX Application Thread] DEBUG AssetLoader          - Loading from cache: /assets/sounds/shoot1.wav
15:20:37.767 [JavaFX Application Thread] DEBUG AssetLoader          - Loading from cache: /assets/textures/laser1.png
15:20:37.768 [JavaFX Application Thread] DEBUG AssetLoader          - Loading from cache: /assets/sounds/shoot2.wav
15:20:37.851 [JavaFX Application Thread] DEBUG AssetLoader          - Loading from cache: /assets/textures/explosion.png@1280.0x80.0
15:20:37.852 [JavaFX Application Thread] DEBUG AssetLoader          - Loading from cache: /assets/sounds/explosion.wav
15:20:37.852 [JavaFX Application Thread] DEBUG EventBus             - Firing event: com.almasb.fxglgames.spaceinvaders.event.GameEvent[source=javafx.event.Event$$Lambda$105/46396780@1ff53fa8]
15:20:38.068 [JavaFX Application Thread] DEBUG AssetLoader          - Loading from cache: /assets/textures/laser_hit.png@15.0x15.0
15:20:38.084 [JavaFX Application Thread] DEBUG AssetLoader          - Loading from cache: /assets/textures/laser1.png
15:20:38.085 [JavaFX Application Thread] DEBUG AssetLoader          - Loading from cache: /assets/sounds/shoot4.wav
15:20:38.252 [JavaFX Application Thread] DEBUG AssetLoader          - Loading from cache: /assets/textures/explosion.png@1280.0x80.0
15:20:38.252 [JavaFX Application Thread] DEBUG AssetLoader          - Loading from cache: /assets/sounds/explosion.wav
15:20:38.252 [JavaFX Application Thread] DEBUG EventBus             - Firing event: com.almasb.fxglgames.spaceinvaders.event.GameEvent[source=javafx.event.Event$$Lambda$105/46396780@1ff53fa8]
15:20:38.255 [JavaFX Application Thread] DEBUG AssetLoader          - Loading from cache: /assets/sounds/level.wav
15:20:38.268 [JavaFX Application Thread] DEBUG AssetLoader          - Loading from cache: /assets/textures/background/meteor3.png
15:20:39.768 [JavaFX Application Thread] DEBUG AssetLoader          - Loading from cache: /assets/textures/enemy1.png
15:20:39.774 [JavaFX Application Thread] DEBUG AssetLoader          - Loading from cache: /assets/textures/enemy3.png
15:20:39.775 [JavaFX Application Thread] DEBUG AssetLoader          - Loading from cache: /assets/textures/enemy3.png
15:20:39.776 [JavaFX Application Thread] DEBUG AssetLoader          - Loading from cache: /assets/textures/enemy1.png
15:20:39.776 [JavaFX Application Thread] DEBUG AssetLoader          - Loading from cache: /assets/textures/enemy2.png
15:20:39.777 [JavaFX Application Thread] DEBUG AssetLoader          - Loading from cache: /assets/textures/enemy1.png
15:20:39.778 [JavaFX Application Thread] DEBUG AssetLoader          - Loading from cache: /assets/textures/enemy2.png
15:20:39.779 [JavaFX Application Thread] DEBUG AssetLoader          - Loading from cache: /assets/textures/enemy3.png
15:20:39.779 [JavaFX Application Thread] DEBUG AssetLoader          - Loading from cache: /assets/textures/enemy3.png
15:20:39.780 [JavaFX Application Thread] DEBUG AssetLoader          - Loading from cache: /assets/textures/enemy3.png
15:20:39.781 [JavaFX Application Thread] DEBUG AssetLoader          - Loading from cache: /assets/textures/enemy2.png
15:20:39.782 [JavaFX Application Thread] DEBUG AssetLoader          - Loading from cache: /assets/textures/enemy2.png
15:20:39.782 [JavaFX Application Thread] DEBUG AssetLoader          - Loading from cache: /assets/textures/enemy2.png
15:20:39.783 [JavaFX Application Thread] DEBUG AssetLoader          - Loading from cache: /assets/textures/enemy1.png
15:20:39.784 [JavaFX Application Thread] DEBUG AssetLoader          - Loading from cache: /assets/textures/enemy3.png
15:20:39.784 [JavaFX Application Thread] DEBUG AssetLoader          - Loading from cache: /assets/textures/enemy3.png
15:20:39.785 [JavaFX Application Thread] DEBUG AssetLoader          - Loading from cache: /assets/textures/wall.png@77.0x34.0
15:20:39.786 [JavaFX Application Thread] DEBUG AssetLoader          - Loading from cache: /assets/textures/wall.png@77.0x34.0
15:20:39.786 [JavaFX Application Thread] DEBUG AssetLoader          - Loading from cache: /assets/textures/wall.png@77.0x34.0
15:20:39.787 [JavaFX Application Thread] DEBUG AssetLoader          - Loading from cache: /assets/textures/wall.png@77.0x34.0
15:20:40.202 [JavaFX Application Thread] DEBUG AssetLoader          - Loading from cache: /assets/textures/laser1.png
15:20:40.202 [JavaFX Application Thread] DEBUG AssetLoader          - Loading from cache: /assets/sounds/shoot3.wav
15:20:40.517 [JavaFX Application Thread] DEBUG AssetLoader          - Loading from cache: /assets/textures/laser1.png
15:20:40.518 [JavaFX Application Thread] DEBUG AssetLoader          - Loading from cache: /assets/sounds/shoot1.wav
15:20:40.834 [JavaFX Application Thread] DEBUG AssetLoader          - Loading from cache: /assets/textures/laser1.png
15:20:40.834 [JavaFX Application Thread] DEBUG AssetLoader          - Loading from cache: /assets/sounds/shoot1.wav
15:20:41.150 [JavaFX Application Thread] DEBUG AssetLoader          - Loading from cache: /assets/textures/laser1.png
15:20:41.151 [JavaFX Application Thread] DEBUG AssetLoader          - Loading from cache: /assets/sounds/shoot3.wav
15:20:41.237 [JavaFX Application Thread] DEBUG AssetLoader          - Loading from cache: /assets/textures/explosion.png@1280.0x80.0
15:20:41.237 [JavaFX Application Thread] DEBUG AssetLoader          - Loading from cache: /assets/sounds/explosion.wav
15:20:41.238 [JavaFX Application Thread] DEBUG EventBus             - Firing event: com.almasb.fxglgames.spaceinvaders.event.GameEvent[source=javafx.event.Event$$Lambda$105/46396780@1ff53fa8]
15:20:41.238 [JavaFX Application Thread] DEBUG AssetLoader          - Loading from cache: /assets/textures/explosion.png@1280.0x80.0
15:20:41.239 [JavaFX Application Thread] DEBUG AssetLoader          - Loading from cache: /assets/sounds/explosion.wav
15:20:41.239 [JavaFX Application Thread] DEBUG EventBus             - Firing event: com.almasb.fxglgames.spaceinvaders.event.GameEvent[source=javafx.event.Event$$Lambda$105/46396780@1ff53fa8]
15:20:41.239 [JavaFX Application Thread] DEBUG AssetLoader          - Loading from cache: /assets/textures/explosion.png@1280.0x80.0
15:20:41.240 [JavaFX Application Thread] DEBUG AssetLoader          - Loading from cache: /assets/sounds/explosion.wav
15:20:41.240 [JavaFX Application Thread] DEBUG EventBus             - Firing event: com.almasb.fxglgames.spaceinvaders.event.GameEvent[source=javafx.event.Event$$Lambda$105/46396780@1ff53fa8]
15:20:41.240 [JavaFX Application Thread] DEBUG AssetLoader          - Loading from cache: /assets/textures/explosion.png@1280.0x80.0
15:20:41.241 [JavaFX Application Thread] DEBUG AssetLoader          - Loading from cache: /assets/sounds/explosion.wav
15:20:41.241 [JavaFX Application Thread] DEBUG EventBus             - Firing event: com.almasb.fxglgames.spaceinvaders.event.GameEvent[source=javafx.event.Event$$Lambda$105/46396780@1ff53fa8]
15:20:41.242 [JavaFX Application Thread] DEBUG AssetLoader          - Loading from cache: /assets/textures/explosion.png@1280.0x80.0
15:20:41.242 [JavaFX Application Thread] DEBUG AssetLoader          - Loading from cache: /assets/sounds/explosion.wav
15:20:41.242 [JavaFX Application Thread] DEBUG EventBus             - Firing event: com.almasb.fxglgames.spaceinvaders.event.GameEvent[source=javafx.event.Event$$Lambda$105/46396780@1ff53fa8]
15:20:41.302 [JavaFX Application Thread] DEBUG AssetLoader          - Loading from cache: /assets/textures/background/meteor2.png
15:20:41.468 [JavaFX Application Thread] DEBUG AssetLoader          - Loading from cache: /assets/textures/laser1.png
15:20:41.469 [JavaFX Application Thread] DEBUG AssetLoader          - Loading from cache: /assets/sounds/shoot4.wav
15:20:41.470 [JavaFX Application Thread] DEBUG AssetLoader          - Loading from cache: /assets/textures/laser_hit.png@15.0x15.0
15:20:41.785 [JavaFX Application Thread] DEBUG AssetLoader          - Loading from cache: /assets/textures/laser1.png
15:20:41.785 [JavaFX Application Thread] DEBUG AssetLoader          - Loading from cache: /assets/sounds/shoot1.wav
15:20:41.801 [JavaFX Application Thread] DEBUG AssetLoader          - Loading from cache: /assets/textures/tank_bullet.png
15:20:41.802 [JavaFX Application Thread] DEBUG AssetLoader          - Loading from cache: /assets/sounds/shoot4.wav
15:20:41.802 [JavaFX Application Thread] DEBUG AssetLoader          - Loading from cache: /assets/textures/tank_bullet.png
15:20:41.803 [JavaFX Application Thread] DEBUG AssetLoader          - Loading from cache: /assets/sounds/shoot1.wav
15:20:41.803 [JavaFX Application Thread] DEBUG AssetLoader          - Loading from cache: /assets/textures/tank_bullet.png
15:20:41.803 [JavaFX Application Thread] DEBUG AssetLoader          - Loading from cache: /assets/sounds/shoot3.wav
15:20:41.952 [JavaFX Application Thread] DEBUG AssetLoader          - Loading from cache: /assets/textures/explosion.png@1280.0x80.0
15:20:41.953 [JavaFX Application Thread] DEBUG AssetLoader          - Loading from cache: /assets/sounds/explosion.wav
15:20:41.953 [JavaFX Application Thread] DEBUG EventBus             - Firing event: com.almasb.fxglgames.spaceinvaders.event.GameEvent[source=javafx.event.Event$$Lambda$105/46396780@1ff53fa8]
15:20:42.020 [JavaFX Application Thread] DEBUG AssetLoader          - Loading from cache: /assets/textures/explosion.png@1280.0x80.0
15:20:42.020 [JavaFX Application Thread] DEBUG AssetLoader          - Loading from cache: /assets/sounds/explosion.wav
15:20:42.020 [JavaFX Application Thread] DEBUG EventBus             - Firing event: com.almasb.fxglgames.spaceinvaders.event.GameEvent[source=javafx.event.Event$$Lambda$105/46396780@1ff53fa8]
15:20:42.021 [JavaFX Application Thread] DEBUG AssetLoader          - Loading from cache: /assets/textures/explosion.png@1280.0x80.0
15:20:42.021 [JavaFX Application Thread] DEBUG AssetLoader          - Loading from cache: /assets/sounds/explosion.wav
15:20:42.021 [JavaFX Application Thread] DEBUG EventBus             - Firing event: com.almasb.fxglgames.spaceinvaders.event.GameEvent[source=javafx.event.Event$$Lambda$105/46396780@1ff53fa8]
15:20:42.053 [JavaFX Application Thread] DEBUG AssetLoader          - Loading from cache: /assets/textures/explosion.png@1280.0x80.0
15:20:42.053 [JavaFX Application Thread] DEBUG AssetLoader          - Loading from cache: /assets/sounds/explosion.wav
15:20:42.053 [JavaFX Application Thread] DEBUG EventBus             - Firing event: com.almasb.fxglgames.spaceinvaders.event.GameEvent[source=javafx.event.Event$$Lambda$105/46396780@1ff53fa8]
15:20:42.069 [JavaFX Application Thread] DEBUG AssetLoader          - Loading from cache: /assets/textures/explosion.png@1280.0x80.0
15:20:42.070 [JavaFX Application Thread] DEBUG AssetLoader          - Loading from cache: /assets/sounds/explosion.wav
15:20:42.072 [JavaFX Application Thread] DEBUG EventBus             - Firing event: com.almasb.fxglgames.spaceinvaders.event.GameEvent[source=javafx.event.Event$$Lambda$105/46396780@1ff53fa8]
15:20:42.102 [JavaFX Application Thread] DEBUG AssetLoader          - Loading from cache: /assets/textures/laser1.png
15:20:42.102 [JavaFX Application Thread] DEBUG AssetLoader          - Loading from cache: /assets/sounds/shoot2.wav
15:20:42.419 [JavaFX Application Thread] DEBUG AssetLoader          - Loading from cache: /assets/textures/laser1.png
15:20:42.419 [JavaFX Application Thread] DEBUG AssetLoader          - Loading from cache: /assets/sounds/shoot1.wav
15:20:42.587 [JavaFX Application Thread] DEBUG AssetLoader          - Loading from cache: /assets/textures/laser_hit.png@15.0x15.0
15:20:42.734 [JavaFX Application Thread] DEBUG AssetLoader          - Loading from cache: /assets/textures/laser1.png
15:20:42.735 [JavaFX Application Thread] DEBUG AssetLoader          - Loading from cache: /assets/sounds/shoot1.wav
15:20:43.052 [JavaFX Application Thread] DEBUG AssetLoader          - Loading from cache: /assets/textures/laser1.png
15:20:43.052 [JavaFX Application Thread] DEBUG AssetLoader          - Loading from cache: /assets/sounds/shoot1.wav
15:20:43.186 [JavaFX Application Thread] DEBUG AssetLoader          - Loading from cache: /assets/textures/explosion.png@1280.0x80.0
15:20:43.187 [JavaFX Application Thread] DEBUG AssetLoader          - Loading from cache: /assets/sounds/explosion.wav
15:20:43.187 [JavaFX Application Thread] DEBUG EventBus             - Firing event: com.almasb.fxglgames.spaceinvaders.event.GameEvent[source=javafx.event.Event$$Lambda$105/46396780@1ff53fa8]
15:20:43.188 [JavaFX Application Thread] DEBUG AssetLoader          - Loading from disk: /assets/textures/bonus_weapon.png
15:20:43.368 [JavaFX Application Thread] DEBUG AssetLoader          - Loading from cache: /assets/textures/laser1.png
15:20:43.368 [JavaFX Application Thread] DEBUG AssetLoader          - Loading from cache: /assets/sounds/shoot1.wav
15:20:43.685 [JavaFX Application Thread] DEBUG AssetLoader          - Loading from cache: /assets/textures/laser1.png
15:20:43.685 [JavaFX Application Thread] DEBUG AssetLoader          - Loading from cache: /assets/sounds/shoot3.wav
15:20:44.002 [JavaFX Application Thread] DEBUG AssetLoader          - Loading from cache: /assets/textures/laser1.png
15:20:44.002 [JavaFX Application Thread] DEBUG AssetLoader          - Loading from cache: /assets/sounds/shoot1.wav
15:20:44.318 [JavaFX Application Thread] DEBUG AssetLoader          - Loading from cache: /assets/textures/laser1.png
15:20:44.319 [JavaFX Application Thread] DEBUG AssetLoader          - Loading from cache: /assets/sounds/shoot2.wav
15:20:44.319 [JavaFX Application Thread] DEBUG AssetLoader          - Loading from disk: /assets/textures/background/meteor1.png
15:20:44.519 [JavaFX Application Thread] DEBUG AssetLoader          - Loading from cache: /assets/textures/tank_bullet.png
15:20:44.520 [JavaFX Application Thread] DEBUG AssetLoader          - Loading from cache: /assets/sounds/shoot1.wav
15:20:44.585 [JavaFX Application Thread] DEBUG AssetLoader          - Loading from cache: /assets/textures/tank_bullet.png
15:20:44.586 [JavaFX Application Thread] DEBUG AssetLoader          - Loading from cache: /assets/sounds/shoot2.wav
15:20:44.635 [JavaFX Application Thread] DEBUG AssetLoader          - Loading from cache: /assets/textures/laser1.png
15:20:44.636 [JavaFX Application Thread] DEBUG AssetLoader          - Loading from cache: /assets/sounds/shoot4.wav
15:20:44.952 [JavaFX Application Thread] DEBUG AssetLoader          - Loading from cache: /assets/textures/laser1.png
15:20:44.952 [JavaFX Application Thread] DEBUG AssetLoader          - Loading from cache: /assets/sounds/shoot3.wav
15:20:45.268 [JavaFX Application Thread] DEBUG AssetLoader          - Loading from cache: /assets/textures/laser1.png
15:20:45.269 [JavaFX Application Thread] DEBUG AssetLoader          - Loading from cache: /assets/sounds/shoot1.wav
15:20:45.269 [JavaFX Application Thread] DEBUG AssetLoader          - Loading from disk: /assets/textures/wall2.png
15:20:45.277 [JavaFX Application Thread] DEBUG AssetLoader          - Loading from disk: /assets/sounds/brick_hit.wav
15:20:45.602 [JavaFX Application Thread] DEBUG AssetLoader          - Loading from cache: /assets/textures/laser1.png
15:20:45.602 [JavaFX Application Thread] DEBUG AssetLoader          - Loading from cache: /assets/sounds/shoot1.wav
15:20:45.918 [JavaFX Application Thread] DEBUG AssetLoader          - Loading from cache: /assets/textures/laser1.png
15:20:45.918 [JavaFX Application Thread] DEBUG AssetLoader          - Loading from cache: /assets/sounds/shoot1.wav
15:20:46.235 [JavaFX Application Thread] DEBUG AssetLoader          - Loading from cache: /assets/textures/laser1.png
15:20:46.236 [JavaFX Application Thread] DEBUG AssetLoader          - Loading from cache: /assets/sounds/shoot4.wav
15:20:46.552 [JavaFX Application Thread] DEBUG AssetLoader          - Loading from cache: /assets/textures/laser1.png
15:20:46.552 [JavaFX Application Thread] DEBUG AssetLoader          - Loading from cache: /assets/sounds/shoot4.wav
15:20:46.685 [JavaFX Application Thread] DEBUG AssetLoader          - Loading from cache: /assets/textures/tank_bullet.png
15:20:46.685 [JavaFX Application Thread] DEBUG AssetLoader          - Loading from cache: /assets/sounds/shoot3.wav
15:20:46.718 [JavaFX Application Thread] DEBUG AssetLoader          - Loading from cache: /assets/textures/tank_bullet.png
15:20:46.718 [JavaFX Application Thread] DEBUG AssetLoader          - Loading from cache: /assets/sounds/shoot4.wav
15:20:46.868 [JavaFX Application Thread] DEBUG AssetLoader          - Loading from cache: /assets/textures/laser1.png
15:20:46.868 [JavaFX Application Thread] DEBUG AssetLoader          - Loading from cache: /assets/sounds/shoot1.wav
15:20:47.118 [JavaFX Application Thread] DEBUG EventBus             - Firing event: com.almasb.fxglgames.spaceinvaders.event.BonusPickupEvent[source=javafx.event.Event$$Lambda$105/46396780@1ff53fa8]
15:20:47.119 [JavaFX Application Thread] DEBUG AssetLoader          - Loading from cache: /assets/textures/explosion.png@1280.0x80.0
15:20:47.119 [JavaFX Application Thread] DEBUG AssetLoader          - Loading from cache: /assets/sounds/explosion.wav
15:20:47.119 [JavaFX Application Thread] DEBUG EventBus             - Firing event: com.almasb.fxglgames.spaceinvaders.event.GameEvent[source=javafx.event.Event$$Lambda$105/46396780@1ff53fa8]
15:20:47.120 [JavaFX Application Thread] DEBUG AssetLoader          - Loading from cache: /assets/textures/explosion.png@1280.0x80.0
15:20:47.120 [JavaFX Application Thread] DEBUG AssetLoader          - Loading from cache: /assets/sounds/explosion.wav
15:20:47.120 [JavaFX Application Thread] DEBUG EventBus             - Firing event: com.almasb.fxglgames.spaceinvaders.event.GameEvent[source=javafx.event.Event$$Lambda$105/46396780@1ff53fa8]
15:20:47.121 [JavaFX Application Thread] DEBUG AssetLoader          - Loading from cache: /assets/textures/explosion.png@1280.0x80.0
15:20:47.121 [JavaFX Application Thread] WARN  FXGL.GameWorld       - Attempted to remove entity which is not active
15:20:47.122 [JavaFX Application Thread] DEBUG AssetLoader          - Loading from cache: /assets/sounds/explosion.wav
15:20:47.122 [JavaFX Application Thread] DEBUG EventBus             - Firing event: com.almasb.fxglgames.spaceinvaders.event.GameEvent[source=javafx.event.Event$$Lambda$105/46396780@1ff53fa8]
15:20:47.123 [JavaFX Application Thread] DEBUG AssetLoader          - Loading from disk: /assets/textures/bomb.png
15:20:47.127 [JavaFX Application Thread] DEBUG AssetLoader          - Loading from cache: /assets/textures/explosion.png@1280.0x80.0
15:20:47.127 [JavaFX Application Thread] DEBUG AssetLoader          - Loading from cache: /assets/sounds/explosion.wav
15:20:47.127 [JavaFX Application Thread] DEBUG EventBus             - Firing event: com.almasb.fxglgames.spaceinvaders.event.GameEvent[source=javafx.event.Event$$Lambda$105/46396780@1ff53fa8]
15:20:47.128 [JavaFX Application Thread] DEBUG AssetLoader          - Loading from cache: /assets/textures/explosion.png@1280.0x80.0
15:20:47.129 [JavaFX Application Thread] DEBUG AssetLoader          - Loading from cache: /assets/sounds/explosion.wav
15:20:47.129 [JavaFX Application Thread] DEBUG EventBus             - Firing event: com.almasb.fxglgames.spaceinvaders.event.GameEvent[source=javafx.event.Event$$Lambda$105/46396780@1ff53fa8]
15:20:47.130 [JavaFX Application Thread] DEBUG AssetLoader          - Loading from cache: /assets/textures/explosion.png@1280.0x80.0
15:20:47.131 [JavaFX Application Thread] WARN  FXGL.GameWorld       - Attempted to remove entity which is not active
15:20:47.131 [JavaFX Application Thread] DEBUG AssetLoader          - Loading from cache: /assets/sounds/explosion.wav
15:20:47.131 [JavaFX Application Thread] DEBUG EventBus             - Firing event: com.almasb.fxglgames.spaceinvaders.event.GameEvent[source=javafx.event.Event$$Lambda$105/46396780@1ff53fa8]
15:20:47.133 [JavaFX Application Thread] DEBUG AssetLoader          - Loading from cache: /assets/textures/explosion.png@1280.0x80.0
15:20:47.134 [JavaFX Application Thread] WARN  FXGL.GameWorld       - Attempted to remove entity which is not active
15:20:47.134 [JavaFX Application Thread] DEBUG AssetLoader          - Loading from cache: /assets/sounds/explosion.wav
15:20:47.134 [JavaFX Application Thread] DEBUG EventBus             - Firing event: com.almasb.fxglgames.spaceinvaders.event.GameEvent[source=javafx.event.Event$$Lambda$105/46396780@1ff53fa8]
15:20:47.135 [JavaFX Application Thread] DEBUG AssetLoader          - Loading from cache: /assets/textures/explosion.png@1280.0x80.0
15:20:47.136 [JavaFX Application Thread] WARN  FXGL.GameWorld       - Attempted to remove entity which is not active
15:20:47.136 [JavaFX Application Thread] DEBUG AssetLoader          - Loading from cache: /assets/sounds/explosion.wav
15:20:47.136 [JavaFX Application Thread] DEBUG EventBus             - Firing event: com.almasb.fxglgames.spaceinvaders.event.GameEvent[source=javafx.event.Event$$Lambda$105/46396780@1ff53fa8]
15:20:47.138 [JavaFX Application Thread] DEBUG AssetLoader          - Loading from cache: /assets/textures/explosion.png@1280.0x80.0
15:20:47.138 [JavaFX Application Thread] WARN  FXGL.GameWorld       - Attempted to remove entity which is not active
15:20:47.138 [JavaFX Application Thread] DEBUG AssetLoader          - Loading from cache: /assets/sounds/explosion.wav
15:20:47.139 [JavaFX Application Thread] DEBUG EventBus             - Firing event: com.almasb.fxglgames.spaceinvaders.event.GameEvent[source=javafx.event.Event$$Lambda$105/46396780@1ff53fa8]
15:20:47.140 [JavaFX Application Thread] DEBUG AssetLoader          - Loading from cache: /assets/textures/explosion.png@1280.0x80.0
15:20:47.140 [JavaFX Application Thread] WARN  FXGL.GameWorld       - Attempted to remove entity which is not active
15:20:47.140 [JavaFX Application Thread] DEBUG AssetLoader          - Loading from cache: /assets/sounds/explosion.wav
15:20:47.140 [JavaFX Application Thread] DEBUG EventBus             - Firing event: com.almasb.fxglgames.spaceinvaders.event.GameEvent[source=javafx.event.Event$$Lambda$105/46396780@1ff53fa8]
15:20:47.142 [JavaFX Application Thread] DEBUG AssetLoader          - Loading from cache: /assets/textures/explosion.png@1280.0x80.0
15:20:47.142 [JavaFX Application Thread] WARN  FXGL.GameWorld       - Attempted to remove entity which is not active
15:20:47.142 [JavaFX Application Thread] DEBUG AssetLoader          - Loading from cache: /assets/sounds/explosion.wav
15:20:47.142 [JavaFX Application Thread] DEBUG EventBus             - Firing event: com.almasb.fxglgames.spaceinvaders.event.GameEvent[source=javafx.event.Event$$Lambda$105/46396780@1ff53fa8]
15:20:47.143 [JavaFX Application Thread] DEBUG AssetLoader          - Loading from cache: /assets/textures/explosion.png@1280.0x80.0
15:20:47.144 [JavaFX Application Thread] WARN  FXGL.GameWorld       - Attempted to remove entity which is not active
15:20:47.144 [JavaFX Application Thread] DEBUG AssetLoader          - Loading from cache: /assets/sounds/explosion.wav
15:20:47.144 [JavaFX Application Thread] DEBUG EventBus             - Firing event: com.almasb.fxglgames.spaceinvaders.event.GameEvent[source=javafx.event.Event$$Lambda$105/46396780@1ff53fa8]
15:20:47.145 [JavaFX Application Thread] DEBUG AssetLoader          - Loading from cache: /assets/textures/explosion.png@1280.0x80.0
15:20:47.145 [JavaFX Application Thread] DEBUG AssetLoader          - Loading from cache: /assets/sounds/explosion.wav
15:20:47.146 [JavaFX Application Thread] DEBUG EventBus             - Firing event: com.almasb.fxglgames.spaceinvaders.event.GameEvent[source=javafx.event.Event$$Lambda$105/46396780@1ff53fa8]
15:20:47.152 [JavaFX Application Thread] DEBUG AssetLoader          - Loading from cache: /assets/sounds/level.wav
15:20:47.152 [JavaFX Application Thread] DEBUG AssetLoader          - Loading from cache: /assets/textures/explosion.png@1280.0x80.0
15:20:47.153 [JavaFX Application Thread] WARN  FXGL.GameWorld       - Attempted to remove entity which is not active
15:20:47.153 [JavaFX Application Thread] DEBUG AssetLoader          - Loading from cache: /assets/sounds/explosion.wav
15:20:47.153 [JavaFX Application Thread] DEBUG EventBus             - Firing event: com.almasb.fxglgames.spaceinvaders.event.GameEvent[source=javafx.event.Event$$Lambda$105/46396780@1ff53fa8]
15:20:47.154 [JavaFX Application Thread] DEBUG AssetLoader          - Loading from cache: /assets/sounds/level.wav
15:20:47.154 [JavaFX Application Thread] DEBUG AssetLoader          - Loading from cache: /assets/textures/explosion.png@1280.0x80.0
15:20:47.155 [JavaFX Application Thread] WARN  FXGL.GameWorld       - Attempted to remove entity which is not active
15:20:47.155 [JavaFX Application Thread] DEBUG AssetLoader          - Loading from cache: /assets/sounds/explosion.wav
15:20:47.155 [JavaFX Application Thread] DEBUG EventBus             - Firing event: com.almasb.fxglgames.spaceinvaders.event.GameEvent[source=javafx.event.Event$$Lambda$105/46396780@1ff53fa8]
15:20:47.155 [JavaFX Application Thread] DEBUG AssetLoader          - Loading from cache: /assets/textures/bonus_weapon.png
15:20:47.158 [JavaFX Application Thread] DEBUG AssetLoader          - Loading from cache: /assets/sounds/level.wav
15:20:47.158 [JavaFX Application Thread] DEBUG AssetLoader          - Loading from cache: /assets/textures/explosion.png@1280.0x80.0
15:20:47.159 [JavaFX Application Thread] WARN  FXGL.GameWorld       - Attempted to remove entity which is not active
15:20:47.159 [JavaFX Application Thread] DEBUG AssetLoader          - Loading from cache: /assets/sounds/explosion.wav
15:20:47.159 [JavaFX Application Thread] DEBUG EventBus             - Firing event: com.almasb.fxglgames.spaceinvaders.event.GameEvent[source=javafx.event.Event$$Lambda$105/46396780@1ff53fa8]
15:20:47.162 [JavaFX Application Thread] DEBUG AssetLoader          - Loading from cache: /assets/sounds/level.wav
15:20:47.163 [JavaFX Application Thread] DEBUG AssetLoader          - Loading from cache: /assets/textures/explosion.png@1280.0x80.0
15:20:47.163 [JavaFX Application Thread] WARN  FXGL.GameWorld       - Attempted to remove entity which is not active
15:20:47.163 [JavaFX Application Thread] DEBUG AssetLoader          - Loading from cache: /assets/sounds/explosion.wav
15:20:47.163 [JavaFX Application Thread] DEBUG EventBus             - Firing event: com.almasb.fxglgames.spaceinvaders.event.GameEvent[source=javafx.event.Event$$Lambda$105/46396780@1ff53fa8]
15:20:47.165 [JavaFX Application Thread] DEBUG AssetLoader          - Loading from cache: /assets/sounds/level.wav
15:20:47.165 [JavaFX Application Thread] DEBUG AssetLoader          - Loading from cache: /assets/textures/explosion.png@1280.0x80.0
15:20:47.166 [JavaFX Application Thread] WARN  FXGL.GameWorld       - Attempted to remove entity which is not active
15:20:47.166 [JavaFX Application Thread] DEBUG AssetLoader          - Loading from cache: /assets/sounds/explosion.wav
15:20:47.166 [JavaFX Application Thread] DEBUG EventBus             - Firing event: com.almasb.fxglgames.spaceinvaders.event.GameEvent[source=javafx.event.Event$$Lambda$105/46396780@1ff53fa8]
15:20:47.168 [JavaFX Application Thread] DEBUG AssetLoader          - Loading from cache: /assets/sounds/level.wav
15:20:47.168 [JavaFX Application Thread] DEBUG AssetLoader          - Loading from cache: /assets/textures/explosion.png@1280.0x80.0
15:20:47.169 [JavaFX Application Thread] WARN  FXGL.GameWorld       - Attempted to remove entity which is not active
15:20:47.169 [JavaFX Application Thread] DEBUG AssetLoader          - Loading from cache: /assets/sounds/explosion.wav
15:20:47.169 [JavaFX Application Thread] DEBUG EventBus             - Firing event: com.almasb.fxglgames.spaceinvaders.event.GameEvent[source=javafx.event.Event$$Lambda$105/46396780@1ff53fa8]
15:20:47.171 [JavaFX Application Thread] DEBUG AssetLoader          - Loading from cache: /assets/sounds/level.wav
15:20:47.172 [JavaFX Application Thread] DEBUG AssetLoader          - Loading from cache: /assets/textures/explosion.png@1280.0x80.0
15:20:47.172 [JavaFX Application Thread] WARN  FXGL.GameWorld       - Attempted to remove entity which is not active
15:20:47.172 [JavaFX Application Thread] DEBUG AssetLoader          - Loading from cache: /assets/sounds/explosion.wav
15:20:47.172 [JavaFX Application Thread] DEBUG EventBus             - Firing event: com.almasb.fxglgames.spaceinvaders.event.GameEvent[source=javafx.event.Event$$Lambda$105/46396780@1ff53fa8]
15:20:47.185 [JavaFX Application Thread] DEBUG AppStateMachine      - Push state: DialogSubState
15:20:47.185 [JavaFX Application Thread] DEBUG Input                - Clearing active input actions
15:20:47.185 [JavaFX Application Thread] DEBUG AppStateMachine      - PlayState -> DialogSubState
15:20:47.192 [JavaFX Application Thread] DEBUG AssetLoader          - Loading from cache: /assets/textures/explosion.png@1280.0x80.0
15:20:47.192 [JavaFX Application Thread] WARN  FXGL.GameWorld       - Attempted to remove entity which is not active
15:20:47.193 [JavaFX Application Thread] DEBUG AssetLoader          - Loading from cache: /assets/sounds/explosion.wav
15:20:47.193 [JavaFX Application Thread] DEBUG EventBus             - Firing event: com.almasb.fxglgames.spaceinvaders.event.GameEvent[source=javafx.event.Event$$Lambda$105/46396780@1ff53fa8]
15:20:47.194 [JavaFX Application Thread] FATAL GameApplication      - Uncaught Exception:
15:20:47.194 [JavaFX Application Thread] FATAL GameApplication      - 

Exception occurred: java.security.PrivilegedActionException : null
E: java.base/java.security.AccessController.doPrivileged(Native Method)
E: javafx.graphics/javafx.animation.AnimationTimer$AnimationTimerReceiver.handle(AnimationTimer.java:56)
E: javafx.graphics/com.sun.scenario.animation.AbstractMasterTimer.timePulseImpl(AbstractMasterTimer.java:357)
E: javafx.graphics/com.sun.scenario.animation.AbstractMasterTimer$MainLoop.run(AbstractMasterTimer.java:267)
E: javafx.graphics/com.sun.javafx.tk.quantum.QuantumToolkit.pulse(QuantumToolkit.java:514)
E: javafx.graphics/com.sun.javafx.tk.quantum.QuantumToolkit.pulse(QuantumToolkit.java:498)
E: javafx.graphics/com.sun.javafx.tk.quantum.QuantumToolkit.pulseFromQueue(QuantumToolkit.java:491)
E: javafx.graphics/com.sun.javafx.tk.quantum.QuantumToolkit.lambda$runToolkit$11(QuantumToolkit.java:319)
E: javafx.graphics/com.sun.glass.ui.InvokeLaterDispatcher$Future.run(InvokeLaterDispatcher.java:96)

15:20:47.194 [JavaFX Application Thread] FATAL GameApplication      - Application will now exit
15:20:47.195 [JavaFX Application Thread] DEBUG GameApplication      - Stopping main loop
15:21:14.362 [JavaFX Application Thread] DEBUG GameApplication      - Exiting game application
15:21:14.363 [JavaFX Application Thread] DEBUG GameApplication      - Shutting down background threads
15:21:14.363 [JavaFX Application Thread] DEBUG GameApplication      - Exiting FXGL
15:21:14.363 [JavaFX Application Thread] DEBUG FXGL                 - Saving FXGL system data
15:21:14.364 [JavaFX Application Thread] DEBUG IOTask               - Executing task: writeDataTask(system/fxgl.bundle)
15:21:14.366 [JavaFX Application Thread] DEBUG FS                   - Writing to: system/fxgl.bundle
15:21:14.370 [JavaFX Application Thread] DEBUG IOTask               - Task succeeded: writeDataTask(system/fxgl.bundle)
15:21:14.370 [JavaFX Application Thread] DEBUG GameApplication      - Closing logger and exiting JavaFX
